<?xml version="1.0" encoding="UTF-8"?>
<coverage generated="1584564735000" clover="3.2.0">
  <project timestamp="1584564735001" name="All files">
    <metrics statements="8606" coveredstatements="1655" conditionals="2796" coveredconditionals="423" methods="1884" coveredmethods="378" elements="13286" coveredelements="2456" complexity="0" loc="8606" ncloc="8606" packages="83" files="303" classes="303"/>
    <package name="src">
      <metrics statements="27" coveredstatements="26" conditionals="4" coveredconditionals="2" methods="4" coveredmethods="2"/>
      <file name="app.js" path="/Users/mikeanguandia/Desktop/tembea/src/app.js">
        <metrics statements="18" coveredstatements="17" conditionals="2" coveredconditionals="1" methods="3" coveredmethods="1"/>
        <line num="12" count="2" type="stmt"/>
        <line num="16" count="2" type="stmt"/>
        <line num="18" count="2" type="stmt"/>
        <line num="19" count="2" type="cond" truecount="1" falsecount="1"/>
        <line num="20" count="2" type="stmt"/>
        <line num="23" count="2" type="stmt"/>
        <line num="26" count="0" type="stmt"/>
        <line num="29" count="2" type="stmt"/>
        <line num="30" count="9" type="stmt"/>
        <line num="33" count="2" type="stmt"/>
        <line num="35" count="2" type="stmt"/>
        <line num="37" count="2" type="stmt"/>
        <line num="38" count="2" type="stmt"/>
        <line num="39" count="2" type="stmt"/>
        <line num="42" count="2" type="stmt"/>
        <line num="43" count="2" type="stmt"/>
        <line num="46" count="2" type="stmt"/>
        <line num="52" count="2" type="stmt"/>
      </file>
      <file name="hbsConfig.js" path="/Users/mikeanguandia/Desktop/tembea/src/hbsConfig.js">
        <metrics statements="3" coveredstatements="3" conditionals="0" coveredconditionals="0" methods="1" coveredmethods="1"/>
        <line num="3" count="2" type="stmt"/>
        <line num="4" count="2" type="stmt"/>
        <line num="11" count="2" type="stmt"/>
      </file>
      <file name="load-env.js" path="/Users/mikeanguandia/Desktop/tembea/src/load-env.js">
        <metrics statements="6" coveredstatements="6" conditionals="2" coveredconditionals="1" methods="0" coveredmethods="0"/>
        <line num="1" count="18" type="stmt"/>
        <line num="2" count="18" type="stmt"/>
        <line num="4" count="18" type="cond" truecount="1" falsecount="1"/>
        <line num="5" count="18" type="stmt"/>
        <line num="6" count="18" type="stmt"/>
        <line num="8" count="18" type="stmt"/>
      </file>
    </package>
    <package name="src.config">
      <metrics statements="13" coveredstatements="13" conditionals="16" coveredconditionals="10" methods="1" coveredmethods="1"/>
      <file name="database.js" path="/Users/mikeanguandia/Desktop/tembea/src/config/database.js">
        <metrics statements="4" coveredstatements="4" conditionals="2" coveredconditionals="2" methods="0" coveredmethods="0"/>
        <line num="1" count="17" type="stmt"/>
        <line num="3" count="17" type="stmt"/>
        <line num="5" count="17" type="stmt"/>
        <line num="15" count="17" type="stmt"/>
      </file>
      <file name="environment.js" path="/Users/mikeanguandia/Desktop/tembea/src/config/environment.js">
        <metrics statements="9" coveredstatements="9" conditionals="14" coveredconditionals="8" methods="1" coveredmethods="1"/>
        <line num="1" count="18" type="stmt"/>
        <line num="3" count="18" type="cond" truecount="2" falsecount="0"/>
        <line num="6" count="18" type="stmt"/>
        <line num="7" count="54" type="stmt"/>
        <line num="8" count="54" type="stmt"/>
        <line num="9" count="54" type="stmt"/>
        <line num="13" count="54" type="stmt"/>
        <line num="16" count="18" type="stmt"/>
        <line num="39" count="18" type="stmt"/>
      </file>
    </package>
    <package name="src.database">
      <metrics statements="4" coveredstatements="4" conditionals="0" coveredconditionals="0" methods="1" coveredmethods="1"/>
      <file name="base.ts" path="/Users/mikeanguandia/Desktop/tembea/src/database/base.ts">
        <metrics statements="2" coveredstatements="2" conditionals="0" coveredconditionals="0" methods="1" coveredmethods="1"/>
        <line num="9" count="17" type="stmt"/>
        <line num="12" count="153" type="stmt"/>
      </file>
      <file name="index.ts" path="/Users/mikeanguandia/Desktop/tembea/src/database/index.ts">
        <metrics statements="2" coveredstatements="2" conditionals="0" coveredconditionals="0" methods="0" coveredmethods="0"/>
        <line num="5" count="17" type="stmt"/>
        <line num="7" count="17" type="stmt"/>
      </file>
    </package>
    <package name="src.database.models">
      <metrics statements="406" coveredstatements="395" conditionals="244" coveredconditionals="159" methods="145" coveredmethods="134"/>
      <file name="Embassy.ts" path="/Users/mikeanguandia/Desktop/tembea/src/database/models/Embassy.ts">
        <metrics statements="10" coveredstatements="8" conditionals="8" coveredconditionals="6" methods="4" coveredmethods="2"/>
        <line num="9" count="17" type="stmt"/>
        <line num="13" count="17" type="stmt"/>
        <line num="15" count="0" type="stmt"/>
        <line num="17" count="17" type="stmt"/>
        <line num="19" count="0" type="stmt"/>
        <line num="21" count="17" type="stmt"/>
        <line num="23" count="52" type="stmt"/>
        <line num="24" count="17" type="cond" truecount="4" falsecount="0"/>
        <line num="26" count="52" type="stmt"/>
        <line num="27" count="17" type="cond" truecount="2" falsecount="2"/>
      </file>
      <file name="address.ts" path="/Users/mikeanguandia/Desktop/tembea/src/database/models/address.ts">
        <metrics statements="13" coveredstatements="12" conditionals="12" coveredconditionals="9" methods="5" coveredmethods="4"/>
        <line num="8" count="17" type="stmt"/>
        <line num="10" count="17" type="stmt"/>
        <line num="13" count="17" type="cond" truecount="3" falsecount="1"/>
        <line num="16" count="52" type="stmt"/>
        <line num="17" count="17" type="stmt"/>
        <line num="20" count="0" type="stmt"/>
        <line num="21" count="17" type="stmt"/>
        <line num="23" count="52" type="stmt"/>
        <line num="24" count="17" type="cond" truecount="3" falsecount="1"/>
        <line num="26" count="52" type="stmt"/>
        <line num="27" count="17" type="cond" truecount="3" falsecount="1"/>
        <line num="29" count="52" type="stmt"/>
        <line num="30" count="17" type="stmt"/>
      </file>
      <file name="batch-use-record.ts" path="/Users/mikeanguandia/Desktop/tembea/src/database/models/batch-use-record.ts">
        <metrics statements="18" coveredstatements="17" conditionals="12" coveredconditionals="7" methods="6" coveredmethods="5"/>
        <line num="7" count="17" type="cond" truecount="2" falsecount="0"/>
        <line num="8" count="17" type="stmt"/>
        <line num="9" count="17" type="stmt"/>
        <line num="10" count="17" type="stmt"/>
        <line num="11" count="17" type="stmt"/>
        <line num="15" count="17" type="stmt"/>
        <line num="21" count="17" type="stmt"/>
        <line num="24" count="17" type="stmt"/>
        <line num="29" count="17" type="stmt"/>
        <line num="32" count="78" type="stmt"/>
        <line num="33" count="17" type="stmt"/>
        <line num="36" count="26" type="stmt"/>
        <line num="37" count="17" type="stmt"/>
        <line num="39" count="52" type="stmt"/>
        <line num="40" count="17" type="cond" truecount="3" falsecount="1"/>
        <line num="42" count="52" type="stmt"/>
        <line num="43" count="17" type="cond" truecount="2" falsecount="2"/>
        <line num="46" count="0" type="cond" truecount="0" falsecount="2"/>
      </file>
      <file name="cab.ts" path="/Users/mikeanguandia/Desktop/tembea/src/database/models/cab.ts">
        <metrics statements="9" coveredstatements="9" conditionals="4" coveredconditionals="2" methods="2" coveredmethods="2"/>
        <line num="10" count="17" type="stmt"/>
        <line num="12" count="17" type="stmt"/>
        <line num="15" count="17" type="stmt"/>
        <line num="18" count="17" type="stmt"/>
        <line num="24" count="17" type="stmt"/>
        <line num="27" count="52" type="stmt"/>
        <line num="28" count="17" type="stmt"/>
        <line num="30" count="52" type="stmt"/>
        <line num="31" count="17" type="cond" truecount="2" falsecount="2"/>
      </file>
      <file name="country.ts" path="/Users/mikeanguandia/Desktop/tembea/src/database/models/country.ts">
        <metrics statements="8" coveredstatements="8" conditionals="2" coveredconditionals="2" methods="2" coveredmethods="2"/>
        <line num="6" count="17" type="cond" truecount="2" falsecount="0"/>
        <line num="7" count="17" type="stmt"/>
        <line num="8" count="17" type="stmt"/>
        <line num="27" count="17" type="stmt"/>
        <line num="31" count="17" type="stmt"/>
        <line num="37" count="17" type="stmt"/>
        <line num="39" count="52" type="stmt"/>
        <line num="40" count="17" type="stmt"/>
      </file>
      <file name="department.ts" path="/Users/mikeanguandia/Desktop/tembea/src/database/models/department.ts">
        <metrics statements="18" coveredstatements="18" conditionals="10" coveredconditionals="6" methods="8" coveredmethods="8"/>
        <line num="10" count="17" type="cond" truecount="2" falsecount="0"/>
        <line num="11" count="17" type="stmt"/>
        <line num="12" count="17" type="stmt"/>
        <line num="15" count="26" type="stmt"/>
        <line num="20" count="26" type="stmt"/>
        <line num="33" count="17" type="stmt"/>
        <line num="37" count="17" type="stmt"/>
        <line num="42" count="130" type="stmt"/>
        <line num="43" count="17" type="stmt"/>
        <line num="49" count="17" type="stmt"/>
        <line num="51" count="78" type="stmt"/>
        <line num="52" count="17" type="stmt"/>
        <line num="54" count="26" type="stmt"/>
        <line num="55" count="17" type="stmt"/>
        <line num="57" count="52" type="stmt"/>
        <line num="58" count="17" type="cond" truecount="2" falsecount="2"/>
        <line num="60" count="52" type="stmt"/>
        <line num="61" count="17" type="cond" truecount="2" falsecount="2"/>
      </file>
      <file name="driver.ts" path="/Users/mikeanguandia/Desktop/tembea/src/database/models/driver.ts">
        <metrics statements="12" coveredstatements="12" conditionals="8" coveredconditionals="5" methods="4" coveredmethods="4"/>
        <line num="11" count="17" type="stmt"/>
        <line num="13" count="17" type="stmt"/>
        <line num="16" count="17" type="stmt"/>
        <line num="19" count="17" type="stmt"/>
        <line num="22" count="104" type="stmt"/>
        <line num="23" count="17" type="stmt"/>
        <line num="26" count="26" type="stmt"/>
        <line num="27" count="17" type="stmt"/>
        <line num="29" count="52" type="stmt"/>
        <line num="30" count="17" type="cond" truecount="3" falsecount="1"/>
        <line num="32" count="52" type="stmt"/>
        <line num="33" count="17" type="cond" truecount="2" falsecount="2"/>
      </file>
      <file name="engagement.ts" path="/Users/mikeanguandia/Desktop/tembea/src/database/models/engagement.ts">
        <metrics statements="12" coveredstatements="12" conditionals="8" coveredconditionals="4" methods="4" coveredmethods="4"/>
        <line num="7" count="17" type="stmt"/>
        <line num="9" count="17" type="stmt"/>
        <line num="12" count="17" type="stmt"/>
        <line num="15" count="17" type="stmt"/>
        <line num="17" count="234" type="stmt"/>
        <line num="18" count="17" type="stmt"/>
        <line num="20" count="78" type="stmt"/>
        <line num="21" count="17" type="stmt"/>
        <line num="23" count="52" type="stmt"/>
        <line num="24" count="17" type="cond" truecount="2" falsecount="2"/>
        <line num="26" count="52" type="stmt"/>
        <line num="27" count="17" type="cond" truecount="2" falsecount="2"/>
      </file>
      <file name="homebase.ts" path="/Users/mikeanguandia/Desktop/tembea/src/database/models/homebase.ts">
        <metrics statements="20" coveredstatements="18" conditionals="12" coveredconditionals="9" methods="7" coveredmethods="5"/>
        <line num="12" count="17" type="stmt"/>
        <line num="16" count="17" type="stmt"/>
        <line num="19" count="17" type="stmt"/>
        <line num="24" count="17" type="stmt"/>
        <line num="27" count="17" type="stmt"/>
        <line num="29" count="26" type="stmt"/>
        <line num="31" count="17" type="stmt"/>
        <line num="33" count="0" type="stmt"/>
        <line num="35" count="17" type="stmt"/>
        <line num="38" count="0" type="stmt"/>
        <line num="39" count="17" type="stmt"/>
        <line num="41" count="52" type="stmt"/>
        <line num="45" count="17" type="cond" truecount="4" falsecount="0"/>
        <line num="47" count="52" type="stmt"/>
        <line num="48" count="17" type="cond" truecount="2" falsecount="2"/>
        <line num="50" count="52" type="stmt"/>
        <line num="51" count="17" type="stmt"/>
        <line num="53" count="52" type="stmt"/>
        <line num="54" count="17" type="cond" truecount="3" falsecount="1"/>
        <line num="57" count="17" type="stmt"/>
      </file>
      <file name="join-request.ts" path="/Users/mikeanguandia/Desktop/tembea/src/database/models/join-request.ts">
        <metrics statements="20" coveredstatements="20" conditionals="14" coveredconditionals="11" methods="7" coveredmethods="7"/>
        <line num="7" count="17" type="cond" truecount="2" falsecount="0"/>
        <line num="8" count="17" type="stmt"/>
        <line num="9" count="17" type="stmt"/>
        <line num="10" count="17" type="stmt"/>
        <line num="11" count="17" type="stmt"/>
        <line num="15" count="17" type="stmt"/>
        <line num="17" count="17" type="stmt"/>
        <line num="23" count="17" type="stmt"/>
        <line num="26" count="130" type="stmt"/>
        <line num="27" count="17" type="stmt"/>
        <line num="30" count="78" type="stmt"/>
        <line num="31" count="17" type="stmt"/>
        <line num="34" count="26" type="stmt"/>
        <line num="35" count="17" type="stmt"/>
        <line num="37" count="52" type="stmt"/>
        <line num="38" count="17" type="cond" truecount="3" falsecount="1"/>
        <line num="40" count="52" type="stmt"/>
        <line num="41" count="17" type="cond" truecount="3" falsecount="1"/>
        <line num="43" count="52" type="stmt"/>
        <line num="44" count="17" type="cond" truecount="3" falsecount="1"/>
      </file>
      <file name="location.ts" path="/Users/mikeanguandia/Desktop/tembea/src/database/models/location.ts">
        <metrics statements="5" coveredstatements="5" conditionals="4" coveredconditionals="2" methods="1" coveredmethods="1"/>
        <line num="6" count="17" type="stmt"/>
        <line num="11" count="17" type="stmt"/>
        <line num="17" count="17" type="stmt"/>
        <line num="19" count="52" type="stmt"/>
        <line num="20" count="17" type="cond" truecount="2" falsecount="2"/>
      </file>
      <file name="partner.ts" path="/Users/mikeanguandia/Desktop/tembea/src/database/models/partner.ts">
        <metrics statements="4" coveredstatements="4" conditionals="0" coveredconditionals="0" methods="2" coveredmethods="2"/>
        <line num="7" count="17" type="stmt"/>
        <line num="9" count="17" type="stmt"/>
        <line num="11" count="52" type="stmt"/>
        <line num="12" count="17" type="stmt"/>
      </file>
      <file name="provider.ts" path="/Users/mikeanguandia/Desktop/tembea/src/database/models/provider.ts">
        <metrics statements="25" coveredstatements="24" conditionals="10" coveredconditionals="6" methods="8" coveredmethods="7"/>
        <line num="8" count="17" type="cond" truecount="2" falsecount="0"/>
        <line num="9" count="17" type="stmt"/>
        <line num="10" count="17" type="stmt"/>
        <line num="11" count="17" type="stmt"/>
        <line num="12" count="17" type="stmt"/>
        <line num="19" count="17" type="stmt"/>
        <line num="21" count="17" type="stmt"/>
        <line num="26" count="17" type="stmt"/>
        <line num="29" count="17" type="stmt"/>
        <line num="32" count="17" type="stmt"/>
        <line num="38" count="17" type="stmt"/>
        <line num="41" count="52" type="stmt"/>
        <line num="42" count="17" type="stmt"/>
        <line num="45" count="26" type="stmt"/>
        <line num="46" count="17" type="stmt"/>
        <line num="51" count="17" type="stmt"/>
        <line num="53" count="52" type="stmt"/>
        <line num="54" count="17" type="cond" truecount="2" falsecount="2"/>
        <line num="56" count="52" type="stmt"/>
        <line num="57" count="17" type="cond" truecount="2" falsecount="2"/>
        <line num="59" count="52" type="stmt"/>
        <line num="60" count="17" type="stmt"/>
        <line num="62" count="52" type="stmt"/>
        <line num="63" count="17" type="stmt"/>
        <line num="66" count="0" type="stmt"/>
      </file>
      <file name="role.ts" path="/Users/mikeanguandia/Desktop/tembea/src/database/models/role.ts">
        <metrics statements="4" coveredstatements="4" conditionals="0" coveredconditionals="0" methods="2" coveredmethods="2"/>
        <line num="7" count="17" type="stmt"/>
        <line num="11" count="17" type="stmt"/>
        <line num="13" count="52" type="stmt"/>
        <line num="14" count="17" type="stmt"/>
      </file>
      <file name="route-batch.ts" path="/Users/mikeanguandia/Desktop/tembea/src/database/models/route-batch.ts">
        <metrics statements="32" coveredstatements="30" conditionals="22" coveredconditionals="16" methods="12" coveredmethods="10"/>
        <line num="11" count="17" type="cond" truecount="2" falsecount="0"/>
        <line num="12" count="17" type="stmt"/>
        <line num="13" count="17" type="stmt"/>
        <line num="20" count="17" type="stmt"/>
        <line num="22" count="17" type="stmt"/>
        <line num="25" count="17" type="stmt"/>
        <line num="28" count="17" type="stmt"/>
        <line num="31" count="17" type="stmt"/>
        <line num="36" count="17" type="stmt"/>
        <line num="42" count="17" type="stmt"/>
        <line num="45" count="156" type="stmt"/>
        <line num="46" count="17" type="stmt"/>
        <line num="49" count="104" type="stmt"/>
        <line num="50" count="17" type="stmt"/>
        <line num="53" count="78" type="stmt"/>
        <line num="54" count="17" type="stmt"/>
        <line num="57" count="26" type="stmt"/>
        <line num="58" count="17" type="stmt"/>
        <line num="61" count="0" type="stmt"/>
        <line num="62" count="17" type="stmt"/>
        <line num="64" count="52" type="stmt"/>
        <line num="65" count="17" type="stmt"/>
        <line num="67" count="52" type="stmt"/>
        <line num="68" count="17" type="cond" truecount="3" falsecount="1"/>
        <line num="70" count="52" type="stmt"/>
        <line num="71" count="17" type="cond" truecount="3" falsecount="1"/>
        <line num="73" count="52" type="stmt"/>
        <line num="74" count="17" type="cond" truecount="3" falsecount="1"/>
        <line num="76" count="52" type="stmt"/>
        <line num="77" count="17" type="cond" truecount="2" falsecount="2"/>
        <line num="79" count="0" type="stmt"/>
        <line num="80" count="17" type="cond" truecount="3" falsecount="1"/>
      </file>
      <file name="route-request.ts" path="/Users/mikeanguandia/Desktop/tembea/src/database/models/route-request.ts">
        <metrics statements="40" coveredstatements="40" conditionals="30" coveredconditionals="23" methods="15" coveredmethods="15"/>
        <line num="8" count="17" type="cond" truecount="2" falsecount="0"/>
        <line num="9" count="17" type="stmt"/>
        <line num="10" count="17" type="stmt"/>
        <line num="11" count="17" type="stmt"/>
        <line num="12" count="17" type="stmt"/>
        <line num="16" count="17" type="stmt"/>
        <line num="20" count="17" type="stmt"/>
        <line num="23" count="17" type="stmt"/>
        <line num="26" count="17" type="stmt"/>
        <line num="31" count="17" type="stmt"/>
        <line num="34" count="17" type="stmt"/>
        <line num="40" count="17" type="stmt"/>
        <line num="43" count="78" type="stmt"/>
        <line num="44" count="17" type="stmt"/>
        <line num="47" count="52" type="stmt"/>
        <line num="48" count="17" type="stmt"/>
        <line num="51" count="52" type="stmt"/>
        <line num="52" count="17" type="stmt"/>
        <line num="55" count="52" type="stmt"/>
        <line num="56" count="17" type="stmt"/>
        <line num="59" count="52" type="stmt"/>
        <line num="60" count="17" type="stmt"/>
        <line num="63" count="52" type="stmt"/>
        <line num="64" count="17" type="stmt"/>
        <line num="67" count="26" type="stmt"/>
        <line num="68" count="17" type="stmt"/>
        <line num="70" count="52" type="stmt"/>
        <line num="71" count="17" type="cond" truecount="3" falsecount="1"/>
        <line num="73" count="52" type="stmt"/>
        <line num="74" count="17" type="cond" truecount="3" falsecount="1"/>
        <line num="76" count="52" type="stmt"/>
        <line num="77" count="17" type="cond" truecount="3" falsecount="1"/>
        <line num="79" count="52" type="stmt"/>
        <line num="80" count="17" type="cond" truecount="3" falsecount="1"/>
        <line num="82" count="52" type="stmt"/>
        <line num="83" count="17" type="cond" truecount="3" falsecount="1"/>
        <line num="85" count="52" type="stmt"/>
        <line num="86" count="17" type="cond" truecount="3" falsecount="1"/>
        <line num="88" count="52" type="stmt"/>
        <line num="89" count="17" type="cond" truecount="3" falsecount="1"/>
      </file>
      <file name="route-use-record.ts" path="/Users/mikeanguandia/Desktop/tembea/src/database/models/route-use-record.ts">
        <metrics statements="12" coveredstatements="12" conditionals="4" coveredconditionals="3" methods="3" coveredmethods="3"/>
        <line num="7" count="17" type="stmt"/>
        <line num="12" count="17" type="stmt"/>
        <line num="18" count="17" type="stmt"/>
        <line num="24" count="17" type="stmt"/>
        <line num="30" count="17" type="stmt"/>
        <line num="35" count="17" type="stmt"/>
        <line num="38" count="26" type="stmt"/>
        <line num="39" count="17" type="stmt"/>
        <line num="41" count="52" type="stmt"/>
        <line num="42" count="17" type="cond" truecount="3" falsecount="1"/>
        <line num="44" count="52" type="stmt"/>
        <line num="45" count="17" type="stmt"/>
      </file>
      <file name="route.ts" path="/Users/mikeanguandia/Desktop/tembea/src/database/models/route.ts">
        <metrics statements="13" coveredstatements="13" conditionals="8" coveredconditionals="4" methods="5" coveredmethods="5"/>
        <line num="8" count="17" type="stmt"/>
        <line num="10" count="17" type="stmt"/>
        <line num="15" count="17" type="stmt"/>
        <line num="18" count="78" type="stmt"/>
        <line num="19" count="17" type="stmt"/>
        <line num="22" count="26" type="stmt"/>
        <line num="23" count="17" type="stmt"/>
        <line num="25" count="52" type="stmt"/>
        <line num="26" count="17" type="stmt"/>
        <line num="28" count="52" type="stmt"/>
        <line num="29" count="17" type="cond" truecount="2" falsecount="2"/>
        <line num="31" count="52" type="stmt"/>
        <line num="32" count="17" type="cond" truecount="2" falsecount="2"/>
      </file>
      <file name="team-details.ts" path="/Users/mikeanguandia/Desktop/tembea/src/database/models/team-details.ts">
        <metrics statements="8" coveredstatements="8" conditionals="0" coveredconditionals="0" methods="1" coveredmethods="1"/>
        <line num="5" count="17" type="stmt"/>
        <line num="11" count="17" type="stmt"/>
        <line num="18" count="17" type="stmt"/>
        <line num="25" count="17" type="stmt"/>
        <line num="31" count="17" type="stmt"/>
        <line num="38" count="17" type="stmt"/>
        <line num="40" count="52" type="stmt"/>
        <line num="41" count="17" type="stmt"/>
      </file>
      <file name="trip-details.ts" path="/Users/mikeanguandia/Desktop/tembea/src/database/models/trip-details.ts">
        <metrics statements="4" coveredstatements="4" conditionals="0" coveredconditionals="0" methods="0" coveredmethods="0"/>
        <line num="5" count="17" type="stmt"/>
        <line num="7" count="17" type="stmt"/>
        <line num="10" count="17" type="stmt"/>
        <line num="13" count="17" type="stmt"/>
      </file>
      <file name="trip-request.ts" path="/Users/mikeanguandia/Desktop/tembea/src/database/models/trip-request.ts">
        <metrics statements="82" coveredstatements="81" conditionals="56" coveredconditionals="35" methods="29" coveredmethods="28"/>
        <line num="13" count="17" type="cond" truecount="2" falsecount="0"/>
        <line num="14" count="17" type="stmt"/>
        <line num="15" count="17" type="stmt"/>
        <line num="16" count="17" type="stmt"/>
        <line num="21" count="17" type="cond" truecount="2" falsecount="0"/>
        <line num="22" count="17" type="stmt"/>
        <line num="23" count="17" type="stmt"/>
        <line num="24" count="17" type="stmt"/>
        <line num="25" count="17" type="stmt"/>
        <line num="26" count="17" type="stmt"/>
        <line num="27" count="17" type="stmt"/>
        <line num="28" count="17" type="stmt"/>
        <line num="29" count="17" type="stmt"/>
        <line num="35" count="17" type="stmt"/>
        <line num="39" count="17" type="stmt"/>
        <line num="45" count="17" type="stmt"/>
        <line num="51" count="17" type="stmt"/>
        <line num="56" count="17" type="stmt"/>
        <line num="62" count="17" type="stmt"/>
        <line num="65" count="17" type="stmt"/>
        <line num="68" count="17" type="stmt"/>
        <line num="71" count="17" type="stmt"/>
        <line num="74" count="17" type="stmt"/>
        <line num="77" count="17" type="stmt"/>
        <line num="80" count="17" type="stmt"/>
        <line num="83" count="17" type="stmt"/>
        <line num="86" count="17" type="stmt"/>
        <line num="91" count="17" type="stmt"/>
        <line num="94" count="17" type="stmt"/>
        <line num="98" count="312" type="stmt"/>
        <line num="99" count="17" type="stmt"/>
        <line num="102" count="312" type="stmt"/>
        <line num="103" count="17" type="stmt"/>
        <line num="106" count="312" type="stmt"/>
        <line num="107" count="17" type="stmt"/>
        <line num="110" count="312" type="stmt"/>
        <line num="111" count="17" type="stmt"/>
        <line num="114" count="312" type="stmt"/>
        <line num="115" count="17" type="stmt"/>
        <line num="118" count="312" type="stmt"/>
        <line num="119" count="17" type="stmt"/>
        <line num="122" count="312" type="stmt"/>
        <line num="123" count="17" type="stmt"/>
        <line num="126" count="286" type="stmt"/>
        <line num="127" count="17" type="stmt"/>
        <line num="130" count="234" type="stmt"/>
        <line num="131" count="17" type="stmt"/>
        <line num="134" count="182" type="stmt"/>
        <line num="135" count="17" type="stmt"/>
        <line num="138" count="130" type="stmt"/>
        <line num="139" count="17" type="stmt"/>
        <line num="142" count="78" type="stmt"/>
        <line num="143" count="17" type="stmt"/>
        <line num="146" count="26" type="stmt"/>
        <line num="147" count="17" type="stmt"/>
        <line num="150" count="52" type="stmt"/>
        <line num="151" count="17" type="cond" truecount="2" falsecount="2"/>
        <line num="153" count="52" type="stmt"/>
        <line num="154" count="17" type="cond" truecount="2" falsecount="2"/>
        <line num="156" count="52" type="stmt"/>
        <line num="157" count="17" type="cond" truecount="2" falsecount="2"/>
        <line num="159" count="52" type="stmt"/>
        <line num="160" count="17" type="cond" truecount="2" falsecount="2"/>
        <line num="162" count="52" type="stmt"/>
        <line num="163" count="17" type="cond" truecount="2" falsecount="2"/>
        <line num="165" count="52" type="stmt"/>
        <line num="166" count="17" type="cond" truecount="2" falsecount="2"/>
        <line num="168" count="52" type="stmt"/>
        <line num="169" count="17" type="cond" truecount="2" falsecount="2"/>
        <line num="171" count="52" type="stmt"/>
        <line num="172" count="17" type="cond" truecount="3" falsecount="1"/>
        <line num="174" count="52" type="stmt"/>
        <line num="175" count="17" type="cond" truecount="3" falsecount="1"/>
        <line num="177" count="52" type="stmt"/>
        <line num="178" count="17" type="cond" truecount="3" falsecount="1"/>
        <line num="180" count="52" type="stmt"/>
        <line num="181" count="17" type="cond" truecount="3" falsecount="1"/>
        <line num="183" count="52" type="stmt"/>
        <line num="184" count="17" type="cond" truecount="3" falsecount="1"/>
        <line num="186" count="52" type="stmt"/>
        <line num="187" count="17" type="cond" truecount="2" falsecount="2"/>
        <line num="189" count="0" type="stmt"/>
      </file>
      <file name="user-role.ts" path="/Users/mikeanguandia/Desktop/tembea/src/database/models/user-role.ts">
        <metrics statements="11" coveredstatements="11" conditionals="8" coveredconditionals="4" methods="5" coveredmethods="5"/>
        <line num="7" count="17" type="stmt"/>
        <line num="9" count="260" type="stmt"/>
        <line num="10" count="17" type="stmt"/>
        <line num="13" count="130" type="stmt"/>
        <line num="14" count="17" type="stmt"/>
        <line num="17" count="26" type="stmt"/>
        <line num="18" count="17" type="stmt"/>
        <line num="20" count="52" type="stmt"/>
        <line num="21" count="17" type="cond" truecount="2" falsecount="2"/>
        <line num="23" count="52" type="stmt"/>
        <line num="24" count="17" type="cond" truecount="2" falsecount="2"/>
      </file>
      <file name="user.ts" path="/Users/mikeanguandia/Desktop/tembea/src/database/models/user.ts">
        <metrics statements="26" coveredstatements="25" conditionals="12" coveredconditionals="5" methods="13" coveredmethods="12"/>
        <line num="17" count="17" type="stmt"/>
        <line num="23" count="17" type="stmt"/>
        <line num="30" count="17" type="stmt"/>
        <line num="37" count="17" type="stmt"/>
        <line num="43" count="17" type="stmt"/>
        <line num="49" count="156" type="stmt"/>
        <line num="50" count="17" type="stmt"/>
        <line num="55" count="104" type="stmt"/>
        <line num="56" count="17" type="stmt"/>
        <line num="59" count="26" type="stmt"/>
        <line num="60" count="17" type="stmt"/>
        <line num="63" count="54" type="stmt"/>
        <line num="64" count="17" type="stmt"/>
        <line num="66" count="54" type="stmt"/>
        <line num="67" count="17" type="cond" truecount="3" falsecount="1"/>
        <line num="69" count="54" type="stmt"/>
        <line num="70" count="17" type="cond" truecount="2" falsecount="2"/>
        <line num="72" count="54" type="stmt"/>
        <line num="73" count="17" type="stmt"/>
        <line num="75" count="54" type="stmt"/>
        <line num="76" count="17" type="stmt"/>
        <line num="78" count="54" type="stmt"/>
        <line num="79" count="17" type="stmt"/>
        <line num="81" count="54" type="stmt"/>
        <line num="82" count="17" type="stmt"/>
        <line num="85" count="0" type="cond" truecount="0" falsecount="4"/>
      </file>
    </package>
    <package name="src.database.viewmodels">
      <metrics statements="42" coveredstatements="0" conditionals="19" coveredconditionals="0" methods="32" coveredmethods="0"/>
      <file name="trip-request.viewmodel.ts" path="/Users/mikeanguandia/Desktop/tembea/src/database/viewmodels/trip-request.viewmodel.ts">
        <metrics statements="42" coveredstatements="0" conditionals="19" coveredconditionals="0" methods="32" coveredmethods="0"/>
        <line num="11" count="0" type="cond" truecount="0" falsecount="2"/>
        <line num="12" count="0" type="stmt"/>
        <line num="16" count="0" type="cond" truecount="0" falsecount="2"/>
        <line num="17" count="0" type="cond" truecount="0" falsecount="1"/>
        <line num="18" count="0" type="stmt"/>
        <line num="23" count="0" type="cond" truecount="0" falsecount="2"/>
        <line num="24" count="0" type="stmt"/>
        <line num="32" count="0" type="stmt"/>
        <line num="34" count="0" type="stmt"/>
        <line num="35" count="0" type="stmt"/>
        <line num="36" count="0" type="stmt"/>
        <line num="37" count="0" type="stmt"/>
        <line num="38" count="0" type="stmt"/>
        <line num="39" count="0" type="stmt"/>
        <line num="40" count="0" type="stmt"/>
        <line num="41" count="0" type="stmt"/>
        <line num="42" count="0" type="stmt"/>
        <line num="43" count="0" type="stmt"/>
        <line num="44" count="0" type="stmt"/>
        <line num="45" count="0" type="stmt"/>
        <line num="46" count="0" type="stmt"/>
        <line num="47" count="0" type="stmt"/>
        <line num="48" count="0" type="stmt"/>
        <line num="49" count="0" type="stmt"/>
        <line num="51" count="0" type="stmt"/>
        <line num="53" count="0" type="stmt"/>
        <line num="55" count="0" type="cond" truecount="0" falsecount="2"/>
        <line num="56" count="0" type="stmt"/>
        <line num="58" count="0" type="stmt"/>
        <line num="59" count="0" type="stmt"/>
        <line num="61" count="0" type="stmt"/>
        <line num="62" count="0" type="cond" truecount="0" falsecount="2"/>
        <line num="63" count="0" type="stmt"/>
        <line num="64" count="0" type="cond" truecount="0" falsecount="2"/>
        <line num="65" count="0" type="stmt"/>
        <line num="66" count="0" type="cond" truecount="0" falsecount="2"/>
        <line num="69" count="0" type="stmt"/>
        <line num="70" count="0" type="stmt"/>
        <line num="71" count="0" type="stmt"/>
        <line num="72" count="0" type="stmt"/>
        <line num="73" count="0" type="stmt"/>
        <line num="74" count="0" type="stmt"/>
      </file>
    </package>
    <package name="src.helpers">
      <metrics statements="435" coveredstatements="81" conditionals="214" coveredconditionals="30" methods="116" coveredmethods="19"/>
      <file name="AISHelper.js" path="/Users/mikeanguandia/Desktop/tembea/src/helpers/AISHelper.js">
        <metrics statements="14" coveredstatements="14" conditionals="0" coveredconditionals="0" methods="3" coveredmethods="2"/>
        <line num="1" count="2" type="stmt"/>
        <line num="28" count="2" type="stmt"/>
        <line num="29" count="2" type="stmt"/>
        <line num="30" count="10" type="stmt"/>
        <line num="31" count="10" type="stmt"/>
        <line num="32" count="10" type="stmt"/>
        <line num="33" count="10" type="stmt"/>
        <line num="34" count="10" type="stmt"/>
        <line num="35" count="10" type="stmt"/>
        <line num="36" count="10" type="stmt"/>
        <line num="37" count="10" type="stmt"/>
        <line num="38" count="10" type="stmt"/>
        <line num="43" count="2" type="stmt"/>
        <line num="55" count="2" type="stmt"/>
      </file>
      <file name="CountryHelper.js" path="/Users/mikeanguandia/Desktop/tembea/src/helpers/CountryHelper.js">
        <metrics statements="17" coveredstatements="0" conditionals="8" coveredconditionals="0" methods="5" coveredmethods="0"/>
        <line num="11" count="0" type="stmt"/>
        <line num="12" count="0" type="cond" truecount="0" falsecount="2"/>
        <line num="13" count="0" type="stmt"/>
        <line num="15" count="0" type="stmt"/>
        <line num="25" count="0" type="stmt"/>
        <line num="26" count="0" type="cond" truecount="0" falsecount="2"/>
        <line num="27" count="0" type="stmt"/>
        <line num="29" count="0" type="stmt"/>
        <line num="38" count="0" type="stmt"/>
        <line num="39" count="0" type="stmt"/>
        <line num="48" count="0" type="stmt"/>
        <line num="49" count="0" type="stmt"/>
        <line num="58" count="0" type="stmt"/>
        <line num="59" count="0" type="stmt"/>
        <line num="60" count="0" type="cond" truecount="0" falsecount="2"/>
        <line num="61" count="0" type="stmt"/>
        <line num="63" count="0" type="stmt"/>
      </file>
      <file name="ErrorTypeChecker.js" path="/Users/mikeanguandia/Desktop/tembea/src/helpers/ErrorTypeChecker.js">
        <metrics statements="3" coveredstatements="0" conditionals="2" coveredconditionals="0" methods="1" coveredmethods="0"/>
        <line num="13" count="0" type="cond" truecount="0" falsecount="2"/>
        <line num="14" count="0" type="stmt"/>
        <line num="16" count="0" type="stmt"/>
      </file>
      <file name="HomeBaseHelper.js" path="/Users/mikeanguandia/Desktop/tembea/src/helpers/HomeBaseHelper.js">
        <metrics statements="5" coveredstatements="1" conditionals="0" coveredconditionals="0" methods="2" coveredmethods="0"/>
        <line num="6" count="9" type="stmt"/>
        <line num="7" count="0" type="stmt"/>
        <line num="14" count="0" type="stmt"/>
        <line num="24" count="0" type="stmt"/>
        <line num="25" count="0" type="stmt"/>
      </file>
      <file name="JoiHelper.js" path="/Users/mikeanguandia/Desktop/tembea/src/helpers/JoiHelper.js">
        <metrics statements="23" coveredstatements="15" conditionals="11" coveredconditionals="7" methods="3" coveredmethods="3"/>
        <line num="8" count="9" type="stmt"/>
        <line num="9" count="9" type="cond" truecount="2" falsecount="0"/>
        <line num="10" count="4" type="stmt"/>
        <line num="12" count="5" type="stmt"/>
        <line num="16" count="4" type="stmt"/>
        <line num="17" count="4" type="stmt"/>
        <line num="20" count="10" type="stmt"/>
        <line num="21" count="4" type="cond" truecount="4" falsecount="4"/>
        <line num="22" count="4" type="stmt"/>
        <line num="23" count="0" type="stmt"/>
        <line num="24" count="0" type="stmt"/>
        <line num="25" count="0" type="stmt"/>
        <line num="26" count="0" type="stmt"/>
        <line num="27" count="0" type="stmt"/>
        <line num="28" count="0" type="stmt"/>
        <line num="29" count="0" type="stmt"/>
        <line num="30" count="0" type="stmt"/>
        <line num="31" count="2" type="stmt"/>
        <line num="32" count="2" type="stmt"/>
        <line num="33" count="3" type="stmt"/>
        <line num="34" count="3" type="stmt"/>
        <line num="35" count="1" type="stmt"/>
        <line num="38" count="4" type="stmt"/>
      </file>
      <file name="RolesHelper.js" path="/Users/mikeanguandia/Desktop/tembea/src/helpers/RolesHelper.js">
        <metrics statements="12" coveredstatements="0" conditionals="2" coveredconditionals="0" methods="2" coveredmethods="0"/>
        <line num="11" count="0" type="stmt"/>
        <line num="12" count="0" type="stmt"/>
        <line num="16" count="0" type="stmt"/>
        <line num="17" count="0" type="stmt"/>
        <line num="18" count="0" type="stmt"/>
        <line num="19" count="0" type="stmt"/>
        <line num="20" count="0" type="stmt"/>
        <line num="21" count="0" type="stmt"/>
        <line num="22" count="0" type="cond" truecount="0" falsecount="2"/>
        <line num="23" count="0" type="stmt"/>
        <line num="25" count="0" type="stmt"/>
        <line num="27" count="0" type="stmt"/>
      </file>
      <file name="RouteHelper.js" path="/Users/mikeanguandia/Desktop/tembea/src/helpers/RouteHelper.js">
        <metrics statements="93" coveredstatements="0" conditionals="36" coveredconditionals="0" methods="24" coveredmethods="0"/>
        <line num="16" count="0" type="stmt"/>
        <line num="18" count="0" type="stmt"/>
        <line num="19" count="0" type="cond" truecount="0" falsecount="2"/>
        <line num="20" count="0" type="stmt"/>
        <line num="22" count="0" type="stmt"/>
        <line num="27" count="0" type="stmt"/>
        <line num="28" count="0" type="stmt"/>
        <line num="29" count="0" type="stmt"/>
        <line num="30" count="0" type="stmt"/>
        <line num="31" count="0" type="stmt"/>
        <line num="32" count="0" type="stmt"/>
        <line num="33" count="0" type="stmt"/>
        <line num="34" count="0" type="stmt"/>
        <line num="35" count="0" type="cond" truecount="0" falsecount="2"/>
        <line num="36" count="0" type="stmt"/>
        <line num="37" count="0" type="stmt"/>
        <line num="38" count="0" type="stmt"/>
        <line num="40" count="0" type="stmt"/>
        <line num="41" count="0" type="stmt"/>
        <line num="42" count="0" type="stmt"/>
        <line num="43" count="0" type="stmt"/>
        <line num="47" count="0" type="cond" truecount="0" falsecount="2"/>
        <line num="48" count="0" type="cond" truecount="0" falsecount="2"/>
        <line num="50" count="0" type="cond" truecount="0" falsecount="2"/>
        <line num="54" count="0" type="stmt"/>
        <line num="55" count="0" type="stmt"/>
        <line num="57" count="0" type="cond" truecount="0" falsecount="4"/>
        <line num="58" count="0" type="stmt"/>
        <line num="62" count="0" type="stmt"/>
        <line num="63" count="0" type="stmt"/>
        <line num="68" count="0" type="cond" truecount="0" falsecount="2"/>
        <line num="69" count="0" type="stmt"/>
        <line num="70" count="0" type="stmt"/>
        <line num="72" count="0" type="stmt"/>
        <line num="76" count="0" type="stmt"/>
        <line num="77" count="0" type="stmt"/>
        <line num="81" count="0" type="stmt"/>
        <line num="82" count="0" type="stmt"/>
        <line num="86" count="0" type="stmt"/>
        <line num="87" count="0" type="stmt"/>
        <line num="95" count="0" type="stmt"/>
        <line num="97" count="0" type="stmt"/>
        <line num="101" count="0" type="stmt"/>
        <line num="103" count="0" type="stmt"/>
        <line num="107" count="0" type="stmt"/>
        <line num="109" count="0" type="stmt"/>
        <line num="115" count="0" type="stmt"/>
        <line num="116" count="0" type="stmt"/>
        <line num="120" count="0" type="stmt"/>
        <line num="123" count="0" type="stmt"/>
        <line num="125" count="0" type="stmt"/>
        <line num="126" count="0" type="stmt"/>
        <line num="134" count="0" type="stmt"/>
        <line num="138" count="0" type="stmt"/>
        <line num="139" count="0" type="cond" truecount="0" falsecount="2"/>
        <line num="140" count="0" type="stmt"/>
        <line num="142" count="0" type="stmt"/>
        <line num="143" count="0" type="stmt"/>
        <line num="147" count="0" type="stmt"/>
        <line num="148" count="0" type="stmt"/>
        <line num="152" count="0" type="stmt"/>
        <line num="154" count="0" type="stmt"/>
        <line num="155" count="0" type="stmt"/>
        <line num="165" count="0" type="stmt"/>
        <line num="167" count="0" type="cond" truecount="0" falsecount="4"/>
        <line num="168" count="0" type="stmt"/>
        <line num="171" count="0" type="cond" truecount="0" falsecount="2"/>
        <line num="172" count="0" type="stmt"/>
        <line num="175" count="0" type="stmt"/>
        <line num="179" count="0" type="stmt"/>
        <line num="180" count="0" type="stmt"/>
        <line num="186" count="0" type="stmt"/>
        <line num="190" count="0" type="stmt"/>
        <line num="199" count="0" type="stmt"/>
        <line num="208" count="0" type="stmt"/>
        <line num="209" count="0" type="stmt"/>
        <line num="211" count="0" type="stmt"/>
        <line num="212" count="0" type="stmt"/>
        <line num="213" count="0" type="cond" truecount="0" falsecount="2"/>
        <line num="214" count="0" type="stmt"/>
        <line num="215" count="0" type="cond" truecount="0" falsecount="2"/>
        <line num="216" count="0" type="stmt"/>
        <line num="217" count="0" type="stmt"/>
        <line num="221" count="0" type="stmt"/>
        <line num="223" count="0" type="stmt"/>
        <line num="235" count="0" type="stmt"/>
        <line num="236" count="0" type="cond" truecount="0" falsecount="2"/>
        <line num="237" count="0" type="cond" truecount="0" falsecount="2"/>
        <line num="239" count="0" type="stmt"/>
        <line num="252" count="0" type="stmt"/>
        <line num="253" count="0" type="stmt"/>
        <line num="254" count="0" type="cond" truecount="0" falsecount="2"/>
        <line num="255" count="0" type="stmt"/>
      </file>
      <file name="RouteServiceHelper.js" path="/Users/mikeanguandia/Desktop/tembea/src/helpers/RouteServiceHelper.js">
        <metrics statements="18" coveredstatements="0" conditionals="15" coveredconditionals="0" methods="7" coveredmethods="0"/>
        <line num="4" count="0" type="cond" truecount="0" falsecount="3"/>
        <line num="8" count="0" type="cond" truecount="0" falsecount="2"/>
        <line num="9" count="0" type="stmt"/>
        <line num="10" count="0" type="stmt"/>
        <line num="14" count="0" type="cond" truecount="0" falsecount="2"/>
        <line num="15" count="0" type="stmt"/>
        <line num="16" count="0" type="stmt"/>
        <line num="17" count="0" type="stmt"/>
        <line num="21" count="0" type="cond" truecount="0" falsecount="2"/>
        <line num="22" count="0" type="stmt"/>
        <line num="23" count="0" type="stmt"/>
        <line num="27" count="0" type="cond" truecount="0" falsecount="2"/>
        <line num="28" count="0" type="stmt"/>
        <line num="29" count="0" type="stmt"/>
        <line num="31" count="0" type="stmt"/>
        <line num="35" count="0" type="cond" truecount="0" falsecount="2"/>
        <line num="53" count="0" type="stmt"/>
        <line num="54" count="0" type="stmt"/>
      </file>
      <file name="TripHelper.js" path="/Users/mikeanguandia/Desktop/tembea/src/helpers/TripHelper.js">
        <metrics statements="59" coveredstatements="0" conditionals="33" coveredconditionals="0" methods="10" coveredmethods="0"/>
        <line num="11" count="0" type="cond" truecount="0" falsecount="2"/>
        <line num="13" count="0" type="stmt"/>
        <line num="14" count="0" type="stmt"/>
        <line num="19" count="0" type="stmt"/>
        <line num="20" count="0" type="cond" truecount="0" falsecount="2"/>
        <line num="21" count="0" type="cond" truecount="0" falsecount="2"/>
        <line num="22" count="0" type="stmt"/>
        <line num="25" count="0" type="cond" truecount="0" falsecount="2"/>
        <line num="26" count="0" type="cond" truecount="0" falsecount="2"/>
        <line num="27" count="0" type="stmt"/>
        <line num="29" count="0" type="stmt"/>
        <line num="33" count="0" type="stmt"/>
        <line num="34" count="0" type="cond" truecount="0" falsecount="2"/>
        <line num="35" count="0" type="stmt"/>
        <line num="37" count="0" type="stmt"/>
        <line num="42" count="0" type="stmt"/>
        <line num="43" count="0" type="stmt"/>
        <line num="44" count="0" type="stmt"/>
        <line num="46" count="0" type="cond" truecount="0" falsecount="2"/>
        <line num="47" count="0" type="stmt"/>
        <line num="48" count="0" type="stmt"/>
        <line num="49" count="0" type="stmt"/>
        <line num="51" count="0" type="stmt"/>
        <line num="52" count="0" type="stmt"/>
        <line num="53" count="0" type="stmt"/>
        <line num="54" count="0" type="stmt"/>
        <line num="55" count="0" type="stmt"/>
        <line num="56" count="0" type="stmt"/>
        <line num="57" count="0" type="stmt"/>
        <line num="58" count="0" type="stmt"/>
        <line num="62" count="0" type="stmt"/>
        <line num="64" count="0" type="cond" truecount="0" falsecount="2"/>
        <line num="65" count="0" type="stmt"/>
        <line num="66" count="0" type="stmt"/>
        <line num="67" count="0" type="stmt"/>
        <line num="68" count="0" type="stmt"/>
        <line num="69" count="0" type="stmt"/>
        <line num="70" count="0" type="stmt"/>
        <line num="72" count="0" type="stmt"/>
        <line num="81" count="0" type="stmt"/>
        <line num="92" count="0" type="stmt"/>
        <line num="96" count="0" type="stmt"/>
        <line num="97" count="0" type="stmt"/>
        <line num="98" count="0" type="stmt"/>
        <line num="99" count="0" type="stmt"/>
        <line num="100" count="0" type="stmt"/>
        <line num="102" count="0" type="stmt"/>
        <line num="103" count="0" type="stmt"/>
        <line num="104" count="0" type="stmt"/>
        <line num="108" count="0" type="stmt"/>
        <line num="109" count="0" type="stmt"/>
        <line num="110" count="0" type="stmt"/>
        <line num="112" count="0" type="cond" truecount="0" falsecount="4"/>
        <line num="113" count="0" type="stmt"/>
        <line num="114" count="0" type="cond" truecount="0" falsecount="4"/>
        <line num="115" count="0" type="stmt"/>
        <line num="116" count="0" type="cond" truecount="0" falsecount="4"/>
        <line num="117" count="0" type="stmt"/>
        <line num="119" count="0" type="stmt"/>
      </file>
      <file name="WhereClauseHelper.js" path="/Users/mikeanguandia/Desktop/tembea/src/helpers/WhereClauseHelper.js">
        <metrics statements="6" coveredstatements="2" conditionals="4" coveredconditionals="1" methods="2" coveredmethods="1"/>
        <line num="15" count="0" type="cond" truecount="0" falsecount="2"/>
        <line num="16" count="0" type="stmt"/>
        <line num="21" count="0" type="stmt"/>
        <line num="34" count="2" type="cond" truecount="1" falsecount="1"/>
        <line num="35" count="0" type="stmt"/>
        <line num="50" count="2" type="stmt"/>
      </file>
      <file name="apiVersionHelper.ts" path="/Users/mikeanguandia/Desktop/tembea/src/helpers/apiVersionHelper.ts">
        <metrics statements="2" coveredstatements="0" conditionals="2" coveredconditionals="0" methods="1" coveredmethods="0"/>
        <line num="4" count="0" type="stmt"/>
        <line num="5" count="0" type="cond" truecount="0" falsecount="2"/>
      </file>
      <file name="bugsnagHelper.ts" path="/Users/mikeanguandia/Desktop/tembea/src/helpers/bugsnagHelper.ts">
        <metrics statements="24" coveredstatements="18" conditionals="18" coveredconditionals="10" methods="9" coveredmethods="6"/>
        <line num="11" count="11" type="cond" truecount="1" falsecount="0"/>
        <line num="12" count="11" type="stmt"/>
        <line num="13" count="11" type="stmt"/>
        <line num="14" count="11" type="stmt"/>
        <line num="16" count="11" type="cond" truecount="3" falsecount="1"/>
        <line num="18" count="11" type="stmt"/>
        <line num="25" count="11" type="stmt"/>
        <line num="30" count="11" type="stmt"/>
        <line num="31" count="11" type="stmt"/>
        <line num="37" count="8" type="cond" truecount="1" falsecount="1"/>
        <line num="39" count="8" type="stmt"/>
        <line num="41" count="0" type="stmt"/>
        <line num="45" count="2" type="cond" truecount="1" falsecount="1"/>
        <line num="46" count="2" type="stmt"/>
        <line num="51" count="2" type="cond" truecount="1" falsecount="1"/>
        <line num="52" count="2" type="stmt"/>
        <line num="57" count="10" type="cond" truecount="1" falsecount="1"/>
        <line num="58" count="10" type="stmt"/>
        <line num="59" count="0" type="cond" truecount="0" falsecount="2"/>
        <line num="61" count="0" type="stmt"/>
        <line num="66" count="0" type="stmt"/>
        <line num="70" count="0" type="stmt"/>
        <line num="74" count="0" type="stmt"/>
        <line num="78" count="11" type="stmt"/>
      </file>
      <file name="cleanData.js" path="/Users/mikeanguandia/Desktop/tembea/src/helpers/cleanData.js">
        <metrics statements="10" coveredstatements="0" conditionals="12" coveredconditionals="0" methods="3" coveredmethods="0"/>
        <line num="3" count="0" type="stmt"/>
        <line num="5" count="0" type="stmt"/>
        <line num="6" count="0" type="cond" truecount="0" falsecount="2"/>
        <line num="7" count="0" type="stmt"/>
        <line num="9" count="0" type="cond" truecount="0" falsecount="5"/>
        <line num="11" count="0" type="stmt"/>
        <line num="13" count="0" type="cond" truecount="0" falsecount="5"/>
        <line num="15" count="0" type="stmt"/>
        <line num="17" count="0" type="stmt"/>
        <line num="19" count="0" type="stmt"/>
      </file>
      <file name="constants.js" path="/Users/mikeanguandia/Desktop/tembea/src/helpers/constants.js">
        <metrics statements="10" coveredstatements="10" conditionals="0" coveredconditionals="0" methods="0" coveredmethods="0"/>
        <line num="1" count="12" type="stmt"/>
        <line num="3" count="12" type="stmt"/>
        <line num="5" count="12" type="stmt"/>
        <line num="7" count="12" type="stmt"/>
        <line num="14" count="12" type="stmt"/>
        <line num="19" count="12" type="stmt"/>
        <line num="25" count="12" type="stmt"/>
        <line num="33" count="12" type="stmt"/>
        <line num="145" count="12" type="stmt"/>
        <line num="235" count="12" type="stmt"/>
      </file>
      <file name="dateHelper.js" path="/Users/mikeanguandia/Desktop/tembea/src/helpers/dateHelper.js">
        <metrics statements="51" coveredstatements="0" conditionals="10" coveredconditionals="0" methods="17" coveredmethods="0"/>
        <line num="5" count="0" type="stmt"/>
        <line num="6" count="0" type="stmt"/>
        <line num="25" count="0" type="stmt"/>
        <line num="39" count="0" type="stmt"/>
        <line num="44" count="0" type="stmt"/>
        <line num="52" count="0" type="stmt"/>
        <line num="53" count="0" type="stmt"/>
        <line num="54" count="0" type="stmt"/>
        <line num="59" count="0" type="stmt"/>
        <line num="69" count="0" type="stmt"/>
        <line num="81" count="0" type="stmt"/>
        <line num="91" count="0" type="stmt"/>
        <line num="93" count="0" type="stmt"/>
        <line num="94" count="0" type="stmt"/>
        <line num="95" count="0" type="stmt"/>
        <line num="97" count="0" type="stmt"/>
        <line num="101" count="0" type="stmt"/>
        <line num="102" count="0" type="stmt"/>
        <line num="103" count="0" type="stmt"/>
        <line num="104" count="0" type="stmt"/>
        <line num="107" count="0" type="stmt"/>
        <line num="111" count="0" type="stmt"/>
        <line num="113" count="0" type="cond" truecount="0" falsecount="2"/>
        <line num="114" count="0" type="stmt"/>
        <line num="118" count="0" type="stmt"/>
        <line num="121" count="0" type="stmt"/>
        <line num="125" count="0" type="stmt"/>
        <line num="126" count="0" type="cond" truecount="0" falsecount="4"/>
        <line num="130" count="0" type="stmt"/>
        <line num="131" count="0" type="stmt"/>
        <line num="135" count="0" type="stmt"/>
        <line num="136" count="0" type="cond" truecount="0" falsecount="2"/>
        <line num="149" count="0" type="stmt"/>
        <line num="150" count="0" type="stmt"/>
        <line num="151" count="0" type="stmt"/>
        <line num="154" count="0" type="stmt"/>
        <line num="159" count="0" type="stmt"/>
        <line num="160" count="0" type="stmt"/>
        <line num="161" count="0" type="stmt"/>
        <line num="165" count="0" type="stmt"/>
        <line num="166" count="0" type="stmt"/>
        <line num="168" count="0" type="cond" truecount="0" falsecount="2"/>
        <line num="170" count="0" type="stmt"/>
        <line num="174" count="0" type="stmt"/>
        <line num="175" count="0" type="stmt"/>
        <line num="176" count="0" type="stmt"/>
        <line num="177" count="0" type="stmt"/>
        <line num="179" count="0" type="stmt"/>
        <line num="181" count="0" type="stmt"/>
        <line num="188" count="0" type="stmt"/>
        <line num="190" count="0" type="stmt"/>
      </file>
      <file name="errorHandler.js" path="/Users/mikeanguandia/Desktop/tembea/src/helpers/errorHandler.js">
        <metrics statements="9" coveredstatements="9" conditionals="6" coveredconditionals="6" methods="3" coveredmethods="3"/>
        <line num="3" count="7" type="stmt"/>
        <line num="4" count="7" type="stmt"/>
        <line num="5" count="7" type="stmt"/>
        <line num="6" count="7" type="stmt"/>
        <line num="10" count="9" type="cond" truecount="2" falsecount="0"/>
        <line num="11" count="5" type="stmt"/>
        <line num="16" count="23" type="cond" truecount="2" falsecount="0"/>
        <line num="17" count="23" type="stmt"/>
        <line num="18" count="23" type="stmt"/>
      </file>
      <file name="providerHelper.js" path="/Users/mikeanguandia/Desktop/tembea/src/helpers/providerHelper.js">
        <metrics statements="19" coveredstatements="8" conditionals="8" coveredconditionals="6" methods="6" coveredmethods="2"/>
        <line num="6" count="0" type="stmt"/>
        <line num="7" count="0" type="cond" truecount="0" falsecount="2"/>
        <line num="9" count="0" type="stmt"/>
        <line num="10" count="0" type="stmt"/>
        <line num="11" count="0" type="stmt"/>
        <line num="13" count="0" type="stmt"/>
        <line num="17" count="6" type="stmt"/>
        <line num="24" count="0" type="stmt"/>
        <line num="41" count="0" type="stmt"/>
        <line num="42" count="0" type="stmt"/>
        <line num="43" count="0" type="stmt"/>
        <line num="47" count="0" type="stmt"/>
        <line num="57" count="4" type="stmt"/>
        <line num="58" count="4" type="cond" truecount="2" falsecount="0"/>
        <line num="59" count="4" type="cond" truecount="2" falsecount="0"/>
        <line num="60" count="4" type="cond" truecount="2" falsecount="0"/>
        <line num="61" count="4" type="stmt"/>
        <line num="62" count="4" type="stmt"/>
        <line num="64" count="4" type="stmt"/>
      </file>
      <file name="removeDataValues.js" path="/Users/mikeanguandia/Desktop/tembea/src/helpers/removeDataValues.js">
        <metrics statements="8" coveredstatements="0" conditionals="10" coveredconditionals="0" methods="4" coveredmethods="0"/>
        <line num="3" count="0" type="cond" truecount="0" falsecount="4"/>
        <line num="8" count="0" type="cond" truecount="0" falsecount="2"/>
        <line num="10" count="0" type="cond" truecount="0" falsecount="2"/>
        <line num="11" count="0" type="stmt"/>
        <line num="13" count="0" type="stmt"/>
        <line num="14" count="0" type="stmt"/>
        <line num="16" count="0" type="stmt"/>
        <line num="20" count="0" type="stmt"/>
      </file>
      <file name="responseHelper.js" path="/Users/mikeanguandia/Desktop/tembea/src/helpers/responseHelper.js">
        <metrics statements="3" coveredstatements="3" conditionals="0" coveredconditionals="0" methods="2" coveredmethods="2"/>
        <line num="3" count="3" type="stmt"/>
        <line num="11" count="9" type="stmt"/>
        <line num="12" count="3" type="stmt"/>
      </file>
      <file name="sendDialogTryCatch.js" path="/Users/mikeanguandia/Desktop/tembea/src/helpers/sendDialogTryCatch.js">
        <metrics statements="5" coveredstatements="0" conditionals="0" coveredconditionals="0" methods="2" coveredmethods="0"/>
        <line num="4" count="0" type="stmt"/>
        <line num="5" count="0" type="stmt"/>
        <line num="6" count="0" type="stmt"/>
        <line num="8" count="0" type="stmt"/>
        <line num="9" count="0" type="stmt"/>
      </file>
      <file name="sequelizePaginationHelper.js" path="/Users/mikeanguandia/Desktop/tembea/src/helpers/sequelizePaginationHelper.js">
        <metrics statements="44" coveredstatements="1" conditionals="37" coveredconditionals="0" methods="10" coveredmethods="0"/>
        <line num="6" count="0" type="stmt"/>
        <line num="7" count="0" type="stmt"/>
        <line num="8" count="0" type="stmt"/>
        <line num="12" count="0" type="stmt"/>
        <line num="16" count="0" type="cond" truecount="0" falsecount="4"/>
        <line num="17" count="0" type="stmt"/>
        <line num="19" count="0" type="stmt"/>
        <line num="20" count="0" type="stmt"/>
        <line num="27" count="0" type="cond" truecount="0" falsecount="2"/>
        <line num="28" count="0" type="stmt"/>
        <line num="29" count="0" type="stmt"/>
        <line num="30" count="0" type="cond" truecount="0" falsecount="4"/>
        <line num="31" count="0" type="stmt"/>
        <line num="33" count="0" type="cond" truecount="0" falsecount="2"/>
        <line num="34" count="0" type="stmt"/>
        <line num="36" count="0" type="stmt"/>
        <line num="37" count="0" type="stmt"/>
        <line num="38" count="0" type="stmt"/>
        <line num="39" count="0" type="stmt"/>
        <line num="40" count="0" type="stmt"/>
        <line num="42" count="0" type="stmt"/>
        <line num="46" count="0" type="cond" truecount="0" falsecount="2"/>
        <line num="47" count="0" type="stmt"/>
        <line num="51" count="0" type="stmt"/>
        <line num="52" count="0" type="cond" truecount="0" falsecount="2"/>
        <line num="56" count="0" type="stmt"/>
        <line num="57" count="0" type="stmt"/>
        <line num="58" count="0" type="stmt"/>
        <line num="59" count="0" type="stmt"/>
        <line num="65" count="0" type="stmt"/>
        <line num="66" count="0" type="cond" truecount="0" falsecount="2"/>
        <line num="67" count="0" type="stmt"/>
        <line num="76" count="0" type="stmt"/>
        <line num="77" count="0" type="stmt"/>
        <line num="81" count="0" type="stmt"/>
        <line num="82" count="0" type="stmt"/>
        <line num="83" count="0" type="stmt"/>
        <line num="84" count="0" type="stmt"/>
        <line num="85" count="0" type="stmt"/>
        <line num="93" count="0" type="cond" truecount="0" falsecount="4"/>
        <line num="95" count="0" type="stmt"/>
        <line num="96" count="0" type="cond" truecount="0" falsecount="4"/>
        <line num="99" count="0" type="stmt"/>
        <line num="103" count="3" type="stmt"/>
      </file>
    </package>
    <package name="src.helpers.email">
      <metrics statements="19" coveredstatements="13" conditionals="4" coveredconditionals="1" methods="5" coveredmethods="4"/>
      <file name="email.template.ts" path="/Users/mikeanguandia/Desktop/tembea/src/helpers/email/email.template.ts">
        <metrics statements="6" coveredstatements="2" conditionals="2" coveredconditionals="0" methods="1" coveredmethods="0"/>
        <line num="3" count="9" type="stmt"/>
        <line num="9" count="9" type="stmt"/>
        <line num="31" count="0" type="stmt"/>
        <line num="38" count="0" type="stmt"/>
        <line num="39" count="0" type="stmt"/>
        <line num="104" count="0" type="stmt"/>
      </file>
      <file name="weeklyReportSender.ts" path="/Users/mikeanguandia/Desktop/tembea/src/helpers/email/weeklyReportSender.ts">
        <metrics statements="13" coveredstatements="11" conditionals="2" coveredconditionals="1" methods="4" coveredmethods="4"/>
        <line num="11" count="1" type="stmt"/>
        <line num="15" count="1" type="stmt"/>
        <line num="16" count="1" type="stmt"/>
        <line num="17" count="1" type="stmt"/>
        <line num="18" count="1" type="stmt"/>
        <line num="20" count="0" type="stmt"/>
        <line num="25" count="1" type="stmt"/>
        <line num="26" count="1" type="stmt"/>
        <line num="27" count="1" type="stmt"/>
        <line num="28" count="1" type="stmt"/>
        <line num="32" count="1" type="cond" truecount="1" falsecount="1"/>
        <line num="33" count="1" type="stmt"/>
        <line num="41" count="0" type="stmt"/>
      </file>
    </package>
    <package name="src.helpers.googleMaps">
      <metrics statements="155" coveredstatements="3" conditionals="63" coveredconditionals="0" methods="37" coveredmethods="0"/>
      <file name="busStopValidation.js" path="/Users/mikeanguandia/Desktop/tembea/src/helpers/googleMaps/busStopValidation.js">
        <metrics statements="10" coveredstatements="1" conditionals="12" coveredconditionals="0" methods="1" coveredmethods="0"/>
        <line num="4" count="2" type="stmt"/>
        <line num="5" count="0" type="cond" truecount="0" falsecount="4"/>
        <line num="6" count="0" type="stmt"/>
        <line num="9" count="0" type="stmt"/>
        <line num="11" count="0" type="cond" truecount="0" falsecount="4"/>
        <line num="12" count="0" type="stmt"/>
        <line num="15" count="0" type="stmt"/>
        <line num="17" count="0" type="cond" truecount="0" falsecount="2"/>
        <line num="19" count="0" type="cond" truecount="0" falsecount="2"/>
        <line num="20" count="0" type="stmt"/>
      </file>
      <file name="googleMapsError.js" path="/Users/mikeanguandia/Desktop/tembea/src/helpers/googleMaps/googleMapsError.js">
        <metrics statements="4" coveredstatements="0" conditionals="0" coveredconditionals="0" methods="3" coveredmethods="0"/>
        <line num="3" count="0" type="stmt"/>
        <line num="7" count="0" type="stmt"/>
        <line num="11" count="0" type="stmt"/>
        <line num="12" count="0" type="stmt"/>
      </file>
      <file name="googleMapsHelpers.js" path="/Users/mikeanguandia/Desktop/tembea/src/helpers/googleMaps/googleMapsHelpers.js">
        <metrics statements="52" coveredstatements="1" conditionals="29" coveredconditionals="0" methods="13" coveredmethods="0"/>
        <line num="9" count="2" type="stmt"/>
        <line num="10" count="0" type="stmt"/>
        <line num="11" count="0" type="stmt"/>
        <line num="12" count="0" type="cond" truecount="0" falsecount="2"/>
        <line num="13" count="0" type="stmt"/>
        <line num="15" count="0" type="stmt"/>
        <line num="24" count="0" type="stmt"/>
        <line num="25" count="0" type="stmt"/>
        <line num="26" count="0" type="stmt"/>
        <line num="34" count="0" type="stmt"/>
        <line num="50" count="0" type="stmt"/>
        <line num="51" count="0" type="stmt"/>
        <line num="52" count="0" type="cond" truecount="0" falsecount="2"/>
        <line num="53" count="0" type="stmt"/>
        <line num="55" count="0" type="stmt"/>
        <line num="57" count="0" type="stmt"/>
        <line num="58" count="0" type="stmt"/>
        <line num="63" count="0" type="stmt"/>
        <line num="65" count="0" type="stmt"/>
        <line num="66" count="0" type="cond" truecount="0" falsecount="2"/>
        <line num="67" count="0" type="stmt"/>
        <line num="69" count="0" type="stmt"/>
        <line num="73" count="0" type="stmt"/>
        <line num="74" count="0" type="stmt"/>
        <line num="75" count="0" type="stmt"/>
        <line num="80" count="0" type="cond" truecount="0" falsecount="2"/>
        <line num="81" count="0" type="stmt"/>
        <line num="83" count="0" type="cond" truecount="0" falsecount="2"/>
        <line num="84" count="0" type="stmt"/>
        <line num="88" count="0" type="stmt"/>
        <line num="89" count="0" type="cond" truecount="0" falsecount="2"/>
        <line num="90" count="0" type="stmt"/>
        <line num="94" count="0" type="stmt"/>
        <line num="95" count="0" type="stmt"/>
        <line num="96" count="0" type="cond" truecount="0" falsecount="2"/>
        <line num="101" count="0" type="stmt"/>
        <line num="107" count="0" type="stmt"/>
        <line num="108" count="0" type="stmt"/>
        <line num="111" count="0" type="stmt"/>
        <line num="113" count="0" type="stmt"/>
        <line num="118" count="0" type="stmt"/>
        <line num="121" count="0" type="stmt"/>
        <line num="125" count="0" type="stmt"/>
        <line num="126" count="0" type="cond" truecount="0" falsecount="2"/>
        <line num="127" count="0" type="stmt"/>
        <line num="128" count="0" type="cond" truecount="0" falsecount="2"/>
        <line num="146" count="0" type="stmt"/>
        <line num="147" count="0" type="cond" truecount="0" falsecount="2"/>
        <line num="148" count="0" type="stmt"/>
        <line num="149" count="0" type="stmt"/>
        <line num="150" count="0" type="stmt"/>
        <line num="151" count="0" type="stmt"/>
      </file>
      <file name="index.js" path="/Users/mikeanguandia/Desktop/tembea/src/helpers/googleMaps/index.js">
        <metrics statements="4" coveredstatements="0" conditionals="2" coveredconditionals="0" methods="2" coveredmethods="0"/>
        <line num="3" count="0" type="stmt"/>
        <line num="7" count="0" type="cond" truecount="0" falsecount="2"/>
        <line num="8" count="0" type="stmt"/>
        <line num="14" count="0" type="stmt"/>
      </file>
      <file name="locationsMapHelpers.js" path="/Users/mikeanguandia/Desktop/tembea/src/helpers/googleMaps/locationsMapHelpers.js">
        <metrics statements="85" coveredstatements="1" conditionals="20" coveredconditionals="0" methods="18" coveredmethods="0"/>
        <line num="19" count="2" type="stmt"/>
        <line num="22" count="0" type="stmt"/>
        <line num="26" count="0" type="stmt"/>
        <line num="29" count="0" type="stmt"/>
        <line num="30" count="0" type="cond" truecount="0" falsecount="2"/>
        <line num="31" count="0" type="cond" truecount="0" falsecount="2"/>
        <line num="32" count="0" type="stmt"/>
        <line num="39" count="0" type="stmt"/>
        <line num="40" count="0" type="cond" truecount="0" falsecount="2"/>
        <line num="41" count="0" type="stmt"/>
        <line num="43" count="0" type="stmt"/>
        <line num="45" count="0" type="stmt"/>
        <line num="49" count="0" type="cond" truecount="0" falsecount="2"/>
        <line num="53" count="0" type="stmt"/>
        <line num="54" count="0" type="stmt"/>
        <line num="55" count="0" type="stmt"/>
        <line num="59" count="0" type="stmt"/>
        <line num="60" count="0" type="stmt"/>
        <line num="61" count="0" type="stmt"/>
        <line num="62" count="0" type="stmt"/>
        <line num="63" count="0" type="stmt"/>
        <line num="68" count="0" type="stmt"/>
        <line num="69" count="0" type="cond" truecount="0" falsecount="4"/>
        <line num="70" count="0" type="stmt"/>
        <line num="73" count="0" type="stmt"/>
        <line num="74" count="0" type="stmt"/>
        <line num="75" count="0" type="stmt"/>
        <line num="77" count="0" type="stmt"/>
        <line num="82" count="0" type="stmt"/>
        <line num="83" count="0" type="stmt"/>
        <line num="84" count="0" type="stmt"/>
        <line num="85" count="0" type="stmt"/>
        <line num="86" count="0" type="stmt"/>
        <line num="87" count="0" type="stmt"/>
        <line num="88" count="0" type="stmt"/>
        <line num="90" count="0" type="stmt"/>
        <line num="95" count="0" type="stmt"/>
        <line num="96" count="0" type="stmt"/>
        <line num="97" count="0" type="stmt"/>
        <line num="99" count="0" type="stmt"/>
        <line num="102" count="0" type="stmt"/>
        <line num="103" count="0" type="stmt"/>
        <line num="106" count="0" type="stmt"/>
        <line num="108" count="0" type="stmt"/>
        <line num="109" count="0" type="stmt"/>
        <line num="110" count="0" type="cond" truecount="0" falsecount="2"/>
        <line num="112" count="0" type="stmt"/>
        <line num="115" count="0" type="stmt"/>
        <line num="116" count="0" type="stmt"/>
        <line num="118" count="0" type="stmt"/>
        <line num="119" count="0" type="stmt"/>
        <line num="126" count="0" type="stmt"/>
        <line num="127" count="0" type="stmt"/>
        <line num="128" count="0" type="stmt"/>
        <line num="132" count="0" type="cond" truecount="0" falsecount="2"/>
        <line num="133" count="0" type="stmt"/>
        <line num="136" count="0" type="stmt"/>
        <line num="142" count="0" type="stmt"/>
        <line num="143" count="0" type="stmt"/>
        <line num="144" count="0" type="cond" truecount="0" falsecount="2"/>
        <line num="145" count="0" type="stmt"/>
        <line num="146" count="0" type="stmt"/>
        <line num="149" count="0" type="stmt"/>
        <line num="150" count="0" type="stmt"/>
        <line num="151" count="0" type="stmt"/>
        <line num="153" count="0" type="stmt"/>
        <line num="154" count="0" type="stmt"/>
        <line num="155" count="0" type="stmt"/>
        <line num="156" count="0" type="stmt"/>
        <line num="157" count="0" type="stmt"/>
        <line num="158" count="0" type="stmt"/>
        <line num="161" count="0" type="stmt"/>
        <line num="163" count="0" type="stmt"/>
        <line num="164" count="0" type="stmt"/>
        <line num="169" count="0" type="stmt"/>
        <line num="170" count="0" type="stmt"/>
        <line num="171" count="0" type="stmt"/>
        <line num="173" count="0" type="cond" truecount="0" falsecount="2"/>
        <line num="174" count="0" type="stmt"/>
        <line num="179" count="0" type="stmt"/>
        <line num="183" count="0" type="stmt"/>
        <line num="188" count="0" type="stmt"/>
        <line num="189" count="0" type="stmt"/>
        <line num="194" count="0" type="stmt"/>
        <line num="197" count="0" type="stmt"/>
      </file>
    </package>
    <package name="src.helpers.slack">
      <metrics statements="67" coveredstatements="0" conditionals="28" coveredconditionals="0" methods="15" coveredmethods="0"/>
      <file name="slackHelpers.js" path="/Users/mikeanguandia/Desktop/tembea/src/helpers/slack/slackHelpers.js">
        <metrics statements="52" coveredstatements="0" conditionals="28" coveredconditionals="0" methods="11" coveredmethods="0"/>
        <line num="13" count="0" type="stmt"/>
        <line num="14" count="0" type="stmt"/>
        <line num="17" count="0" type="stmt"/>
        <line num="21" count="0" type="stmt"/>
        <line num="22" count="0" type="cond" truecount="0" falsecount="2"/>
        <line num="23" count="0" type="stmt"/>
        <line num="24" count="0" type="stmt"/>
        <line num="25" count="0" type="stmt"/>
        <line num="26" count="0" type="stmt"/>
        <line num="30" count="0" type="stmt"/>
        <line num="31" count="0" type="stmt"/>
        <line num="32" count="0" type="cond" truecount="0" falsecount="4"/>
        <line num="33" count="0" type="stmt"/>
        <line num="35" count="0" type="stmt"/>
        <line num="36" count="0" type="stmt"/>
        <line num="37" count="0" type="stmt"/>
        <line num="38" count="0" type="stmt"/>
        <line num="42" count="0" type="stmt"/>
        <line num="45" count="0" type="stmt"/>
        <line num="49" count="0" type="stmt"/>
        <line num="50" count="0" type="stmt"/>
        <line num="52" count="0" type="stmt"/>
        <line num="54" count="0" type="cond" truecount="0" falsecount="2"/>
        <line num="55" count="0" type="stmt"/>
        <line num="58" count="0" type="stmt"/>
        <line num="60" count="0" type="cond" truecount="0" falsecount="5"/>
        <line num="61" count="0" type="stmt"/>
        <line num="62" count="0" type="stmt"/>
        <line num="63" count="0" type="cond" truecount="0" falsecount="2"/>
        <line num="66" count="0" type="stmt"/>
        <line num="70" count="0" type="stmt"/>
        <line num="71" count="0" type="stmt"/>
        <line num="72" count="0" type="stmt"/>
        <line num="78" count="0" type="cond" truecount="0" falsecount="2"/>
        <line num="80" count="0" type="stmt"/>
        <line num="84" count="0" type="stmt"/>
        <line num="85" count="0" type="stmt"/>
        <line num="87" count="0" type="stmt"/>
        <line num="91" count="0" type="stmt"/>
        <line num="92" count="0" type="stmt"/>
        <line num="96" count="0" type="stmt"/>
        <line num="97" count="0" type="cond" truecount="0" falsecount="2"/>
        <line num="98" count="0" type="stmt"/>
        <line num="100" count="0" type="cond" truecount="0" falsecount="2"/>
        <line num="101" count="0" type="stmt"/>
        <line num="103" count="0" type="cond" truecount="0" falsecount="2"/>
        <line num="104" count="0" type="stmt"/>
        <line num="106" count="0" type="cond" truecount="0" falsecount="2"/>
        <line num="107" count="0" type="stmt"/>
        <line num="110" count="0" type="stmt"/>
        <line num="120" count="0" type="stmt"/>
        <line num="121" count="0" type="stmt"/>
      </file>
      <file name="updatePastMessageHelper.js" path="/Users/mikeanguandia/Desktop/tembea/src/helpers/slack/updatePastMessageHelper.js">
        <metrics statements="15" coveredstatements="0" conditionals="0" coveredconditionals="0" methods="4" coveredmethods="0"/>
        <line num="6" count="0" type="stmt"/>
        <line num="7" count="0" type="stmt"/>
        <line num="8" count="0" type="stmt"/>
        <line num="10" count="0" type="stmt"/>
        <line num="15" count="0" type="stmt"/>
        <line num="16" count="0" type="stmt"/>
        <line num="23" count="0" type="stmt"/>
        <line num="24" count="0" type="stmt"/>
        <line num="26" count="0" type="stmt"/>
        <line num="31" count="0" type="stmt"/>
        <line num="32" count="0" type="stmt"/>
        <line num="37" count="0" type="stmt"/>
        <line num="38" count="0" type="stmt"/>
        <line num="40" count="0" type="stmt"/>
        <line num="45" count="0" type="stmt"/>
      </file>
    </package>
    <package name="src.helpers.slack.ScheduleTripInputHandlers">
      <metrics statements="4" coveredstatements="2" conditionals="3" coveredconditionals="0" methods="2" coveredmethods="0"/>
      <file name="index.js" path="/Users/mikeanguandia/Desktop/tembea/src/helpers/slack/ScheduleTripInputHandlers/index.js">
        <metrics statements="4" coveredstatements="2" conditionals="3" coveredconditionals="0" methods="2" coveredmethods="0"/>
        <line num="1" count="9" type="stmt"/>
        <line num="3" count="9" type="cond" truecount="0" falsecount="1"/>
        <line num="4" count="0" type="cond" truecount="0" falsecount="2"/>
        <line num="5" count="0" type="stmt"/>
      </file>
    </package>
    <package name="src.helpers.slack.SlackPaginationHelper">
      <metrics statements="18" coveredstatements="1" conditionals="8" coveredconditionals="1" methods="3" coveredmethods="0"/>
      <file name="index.js" path="/Users/mikeanguandia/Desktop/tembea/src/helpers/slack/SlackPaginationHelper/index.js">
        <metrics statements="18" coveredstatements="1" conditionals="8" coveredconditionals="1" methods="3" coveredmethods="0"/>
        <line num="5" count="9" type="cond" truecount="1" falsecount="1"/>
        <line num="9" count="0" type="stmt"/>
        <line num="11" count="0" type="stmt"/>
        <line num="14" count="0" type="stmt"/>
        <line num="18" count="0" type="stmt"/>
        <line num="21" count="0" type="stmt"/>
        <line num="23" count="0" type="cond" truecount="0" falsecount="2"/>
[...]
        <line num="14" count="3" type="stmt"/>
        <line num="16" count="3" type="stmt"/>
        <line num="49" count="0" type="stmt"/>
        <line num="55" count="0" type="stmt"/>
        <line num="63" count="0" type="stmt"/>
        <line num="64" count="0" type="stmt"/>
        <line num="68" count="0" type="stmt"/>
        <line num="69" count="0" type="stmt"/>
        <line num="73" count="0" type="stmt"/>
        <line num="77" count="0" type="stmt"/>
        <line num="80" count="0" type="cond" truecount="0" falsecount="2"/>
        <line num="81" count="0" type="stmt"/>
        <line num="83" count="0" type="stmt"/>
        <line num="84" count="0" type="stmt"/>
        <line num="87" count="0" type="stmt"/>
        <line num="88" count="0" type="stmt"/>
        <line num="95" count="0" type="stmt"/>
        <line num="96" count="0" type="stmt"/>
        <line num="97" count="0" type="stmt"/>
        <line num="98" count="0" type="stmt"/>
        <line num="99" count="0" type="stmt"/>
        <line num="100" count="0" type="stmt"/>
        <line num="101" count="0" type="cond" truecount="0" falsecount="2"/>
        <line num="102" count="0" type="stmt"/>
        <line num="104" count="0" type="cond" truecount="0" falsecount="2"/>
        <line num="105" count="0" type="stmt"/>
        <line num="107" count="0" type="cond" truecount="0" falsecount="2"/>
        <line num="108" count="0" type="stmt"/>
        <line num="110" count="0" type="cond" truecount="0" falsecount="2"/>
        <line num="111" count="0" type="stmt"/>
        <line num="113" count="0" type="stmt"/>
        <line num="116" count="0" type="stmt"/>
        <line num="123" count="0" type="stmt"/>
        <line num="128" count="0" type="stmt"/>
        <line num="132" count="0" type="stmt"/>
        <line num="133" count="0" type="stmt"/>
        <line num="137" count="0" type="cond" truecount="0" falsecount="2"/>
        <line num="138" count="0" type="stmt"/>
        <line num="142" count="0" type="stmt"/>
        <line num="147" count="0" type="stmt"/>
        <line num="153" count="0" type="stmt"/>
        <line num="160" count="0" type="stmt"/>
        <line num="161" count="0" type="stmt"/>
        <line num="162" count="0" type="stmt"/>
        <line num="163" count="0" type="stmt"/>
        <line num="164" count="0" type="stmt"/>
        <line num="165" count="0" type="stmt"/>
        <line num="169" count="0" type="stmt"/>
        <line num="173" count="0" type="stmt"/>
        <line num="175" count="0" type="stmt"/>
        <line num="176" count="0" type="stmt"/>
        <line num="178" count="0" type="cond" truecount="0" falsecount="2"/>
        <line num="179" count="0" type="stmt"/>
        <line num="180" count="0" type="stmt"/>
        <line num="182" count="0" type="stmt"/>
        <line num="184" count="0" type="stmt"/>
        <line num="186" count="0" type="cond" truecount="0" falsecount="2"/>
      </file>
    </package>
    <package name="src.services.googleMaps">
      <metrics statements="80" coveredstatements="2" conditionals="16" coveredconditionals="0" methods="15" coveredmethods="0"/>
      <file name="GoogleMapsDirections.js" path="/Users/mikeanguandia/Desktop/tembea/src/services/googleMaps/GoogleMapsDirections.js">
        <metrics statements="6" coveredstatements="0" conditionals="0" coveredconditionals="0" methods="1" coveredmethods="0"/>
        <line num="12" count="0" type="stmt"/>
        <line num="13" count="0" type="stmt"/>
        <line num="14" count="0" type="stmt"/>
        <line num="15" count="0" type="stmt"/>
        <line num="23" count="0" type="stmt"/>
        <line num="25" count="0" type="stmt"/>
      </file>
      <file name="GoogleMapsDistanceMatrix.js" path="/Users/mikeanguandia/Desktop/tembea/src/services/googleMaps/GoogleMapsDistanceMatrix.js">
        <metrics statements="13" coveredstatements="1" conditionals="4" coveredconditionals="0" methods="1" coveredmethods="0"/>
        <line num="4" count="2" type="stmt"/>
        <line num="18" count="0" type="stmt"/>
        <line num="19" count="0" type="stmt"/>
        <line num="24" count="0" type="stmt"/>
        <line num="28" count="0" type="cond" truecount="0" falsecount="2"/>
        <line num="29" count="0" type="stmt"/>
        <line num="31" count="0" type="stmt"/>
        <line num="32" count="0" type="cond" truecount="0" falsecount="2"/>
        <line num="33" count="0" type="stmt"/>
        <line num="37" count="0" type="stmt"/>
        <line num="39" count="0" type="stmt"/>
        <line num="41" count="0" type="stmt"/>
        <line num="42" count="0" type="stmt"/>
      </file>
      <file name="GoogleMapsPlaceDetails.js" path="/Users/mikeanguandia/Desktop/tembea/src/services/googleMaps/GoogleMapsPlaceDetails.js">
        <metrics statements="6" coveredstatements="0" conditionals="0" coveredconditionals="0" methods="1" coveredmethods="0"/>
        <line num="6" count="0" type="stmt"/>
        <line num="7" count="0" type="stmt"/>
        <line num="13" count="0" type="stmt"/>
        <line num="14" count="0" type="stmt"/>
        <line num="15" count="0" type="stmt"/>
        <line num="17" count="0" type="stmt"/>
      </file>
      <file name="GoogleMapsStatic.js" path="/Users/mikeanguandia/Desktop/tembea/src/services/googleMaps/GoogleMapsStatic.js">
        <metrics statements="25" coveredstatements="0" conditionals="6" coveredconditionals="0" methods="4" coveredmethods="0"/>
        <line num="18" count="0" type="stmt"/>
        <line num="19" count="0" type="stmt"/>
        <line num="20" count="0" type="stmt"/>
        <line num="21" count="0" type="stmt"/>
        <line num="30" count="0" type="stmt"/>
        <line num="31" count="0" type="stmt"/>
        <line num="32" count="0" type="stmt"/>
        <line num="33" count="0" type="stmt"/>
        <line num="36" count="0" type="stmt"/>
        <line num="56" count="0" type="stmt"/>
        <line num="57" count="0" type="stmt"/>
        <line num="59" count="0" type="stmt"/>
        <line num="60" count="0" type="stmt"/>
        <line num="61" count="0" type="stmt"/>
        <line num="63" count="0" type="stmt"/>
        <line num="65" count="0" type="stmt"/>
        <line num="66" count="0" type="stmt"/>
        <line num="67" count="0" type="stmt"/>
        <line num="68" count="0" type="stmt"/>
        <line num="70" count="0" type="stmt"/>
        <line num="73" count="0" type="stmt"/>
        <line num="74" count="0" type="stmt"/>
        <line num="76" count="0" type="stmt"/>
        <line num="77" count="0" type="stmt"/>
        <line num="79" count="0" type="stmt"/>
      </file>
      <file name="GoogleMapsSuggestions.js" path="/Users/mikeanguandia/Desktop/tembea/src/services/googleMaps/GoogleMapsSuggestions.js">
        <metrics statements="6" coveredstatements="0" conditionals="0" coveredconditionals="0" methods="1" coveredmethods="0"/>
        <line num="6" count="0" type="stmt"/>
        <line num="7" count="0" type="stmt"/>
        <line num="10" count="0" type="stmt"/>
        <line num="11" count="0" type="stmt"/>
        <line num="12" count="0" type="stmt"/>
        <line num="14" count="0" type="stmt"/>
      </file>
      <file name="index.js" path="/Users/mikeanguandia/Desktop/tembea/src/services/googleMaps/index.js">
        <metrics statements="24" coveredstatements="1" conditionals="6" coveredconditionals="0" methods="7" coveredmethods="0"/>
        <line num="6" count="2" type="stmt"/>
        <line num="10" count="0" type="stmt"/>
        <line num="22" count="0" type="stmt"/>
        <line num="23" count="0" type="stmt"/>
        <line num="30" count="0" type="stmt"/>
        <line num="32" count="0" type="stmt"/>
        <line num="33" count="0" type="stmt"/>
        <line num="38" count="0" type="stmt"/>
        <line num="39" count="0" type="stmt"/>
        <line num="40" count="0" type="stmt"/>
        <line num="41" count="0" type="stmt"/>
        <line num="43" count="0" type="cond" truecount="0" falsecount="2"/>
        <line num="44" count="0" type="stmt"/>
        <line num="46" count="0" type="stmt"/>
        <line num="47" count="0" type="cond" truecount="0" falsecount="2"/>
        <line num="48" count="0" type="cond" truecount="0" falsecount="2"/>
        <line num="49" count="0" type="stmt"/>
        <line num="51" count="0" type="stmt"/>
        <line num="56" count="0" type="stmt"/>
        <line num="57" count="0" type="stmt"/>
        <line num="58" count="0" type="stmt"/>
        <line num="59" count="0" type="stmt"/>
        <line num="60" count="0" type="stmt"/>
        <line num="61" count="0" type="stmt"/>
      </file>
    </package>
    <package name="src.services.jobScheduler.jobs">
      <metrics statements="30" coveredstatements="4" conditionals="8" coveredconditionals="0" methods="10" coveredmethods="0"/>
      <file name="RouteJobs.ts" path="/Users/mikeanguandia/Desktop/tembea/src/services/jobScheduler/jobs/RouteJobs.ts">
        <metrics statements="11" coveredstatements="0" conditionals="8" coveredconditionals="0" methods="3" coveredmethods="0"/>
        <line num="27" count="0" type="stmt"/>
        <line num="28" count="0" type="cond" truecount="0" falsecount="2"/>
        <line num="29" count="0" type="stmt"/>
        <line num="30" count="0" type="stmt"/>
        <line num="50" count="0" type="stmt"/>
        <line num="51" count="0" type="cond" truecount="0" falsecount="2"/>
        <line num="52" count="0" type="stmt"/>
        <line num="53" count="0" type="stmt"/>
        <line num="71" count="0" type="stmt"/>
        <line num="73" count="0" type="stmt"/>
        <line num="74" count="0" type="stmt"/>
      </file>
      <file name="TripJobs.ts" path="/Users/mikeanguandia/Desktop/tembea/src/services/jobScheduler/jobs/TripJobs.ts">
        <metrics statements="19" coveredstatements="4" conditionals="0" coveredconditionals="0" methods="7" coveredmethods="0"/>
        <line num="9" count="9" type="stmt"/>
        <line num="10" count="0" type="stmt"/>
        <line num="14" count="9" type="stmt"/>
        <line num="15" count="0" type="stmt"/>
        <line num="16" count="0" type="stmt"/>
        <line num="17" count="0" type="stmt"/>
        <line num="20" count="0" type="stmt"/>
        <line num="35" count="0" type="stmt"/>
        <line num="43" count="9" type="stmt"/>
        <line num="44" count="0" type="stmt"/>
        <line num="45" count="0" type="stmt"/>
        <line num="47" count="0" type="stmt"/>
        <line num="63" count="0" type="stmt"/>
        <line num="67" count="9" type="stmt"/>
        <line num="68" count="0" type="stmt"/>
        <line num="69" count="0" type="stmt"/>
        <line num="71" count="0" type="stmt"/>
        <line num="79" count="0" type="stmt"/>
        <line num="87" count="0" type="stmt"/>
      </file>
    </package>
    <package name="src.services.report">
      <metrics statements="22" coveredstatements="7" conditionals="5" coveredconditionals="0" methods="7" coveredmethods="2"/>
      <file name="weeklyReportGenerator.ts" path="/Users/mikeanguandia/Desktop/tembea/src/services/report/weeklyReportGenerator.ts">
        <metrics statements="22" coveredstatements="7" conditionals="5" coveredconditionals="0" methods="7" coveredmethods="2"/>
        <line num="16" count="1" type="stmt"/>
        <line num="25" count="1" type="stmt"/>
        <line num="26" count="1" type="stmt"/>
        <line num="27" count="0" type="stmt"/>
        <line num="28" count="0" type="stmt"/>
        <line num="30" count="1" type="stmt"/>
        <line num="31" count="1" type="stmt"/>
        <line num="32" count="0" type="stmt"/>
        <line num="39" count="1" type="stmt"/>
        <line num="43" count="0" type="stmt"/>
        <line num="48" count="0" type="stmt"/>
        <line num="49" count="0" type="stmt"/>
        <line num="51" count="0" type="stmt"/>
        <line num="52" count="0" type="stmt"/>
        <line num="54" count="0" type="stmt"/>
        <line num="55" count="0" type="stmt"/>
        <line num="57" count="0" type="stmt"/>
        <line num="58" count="0" type="stmt"/>
        <line num="61" count="0" type="stmt"/>
        <line num="65" count="0" type="stmt"/>
        <line num="66" count="0" type="stmt"/>
        <line num="74" count="1" type="stmt"/>
      </file>
    </package>
    <package name="src.utils">
      <metrics statements="125" coveredstatements="4" conditionals="31" coveredconditionals="0" methods="27" coveredmethods="0"/>
      <file name="ExportData.js" path="/Users/mikeanguandia/Desktop/tembea/src/utils/ExportData.js">
        <metrics statements="120" coveredstatements="0" conditionals="31" coveredconditionals="0" methods="26" coveredmethods="0"/>
        <line num="13" count="0" type="stmt"/>
        <line num="14" count="0" type="cond" truecount="0" falsecount="2"/>
        <line num="15" count="0" type="stmt"/>
        <line num="16" count="0" type="stmt"/>
        <line num="17" count="0" type="stmt"/>
        <line num="18" count="0" type="stmt"/>
        <line num="19" count="0" type="stmt"/>
        <line num="20" count="0" type="stmt"/>
        <line num="24" count="0" type="stmt"/>
        <line num="31" count="0" type="stmt"/>
        <line num="33" count="0" type="stmt"/>
        <line num="37" count="0" type="stmt"/>
        <line num="38" count="0" type="stmt"/>
        <line num="42" count="0" type="cond" truecount="0" falsecount="2"/>
        <line num="43" count="0" type="stmt"/>
        <line num="45" count="0" type="stmt"/>
        <line num="50" count="0" type="stmt"/>
        <line num="51" count="0" type="stmt"/>
        <line num="53" count="0" type="stmt"/>
        <line num="54" count="0" type="stmt"/>
        <line num="55" count="0" type="stmt"/>
        <line num="59" count="0" type="stmt"/>
        <line num="63" count="0" type="stmt"/>
        <line num="71" count="0" type="stmt"/>
        <line num="72" count="0" type="cond" truecount="0" falsecount="2"/>
        <line num="73" count="0" type="stmt"/>
        <line num="79" count="0" type="stmt"/>
        <line num="80" count="0" type="stmt"/>
        <line num="81" count="0" type="cond" truecount="0" falsecount="2"/>
        <line num="82" count="0" type="cond" truecount="0" falsecount="2"/>
        <line num="83" count="0" type="cond" truecount="0" falsecount="2"/>
        <line num="84" count="0" type="stmt"/>
        <line num="85" count="0" type="cond" truecount="0" falsecount="2"/>
        <line num="86" count="0" type="stmt"/>
        <line num="87" count="0" type="stmt"/>
        <line num="88" count="0" type="stmt"/>
        <line num="93" count="0" type="stmt"/>
        <line num="94" count="0" type="stmt"/>
        <line num="95" count="0" type="cond" truecount="0" falsecount="2"/>
        <line num="96" count="0" type="cond" truecount="0" falsecount="2"/>
        <line num="97" count="0" type="stmt"/>
        <line num="98" count="0" type="cond" truecount="0" falsecount="2"/>
        <line num="99" count="0" type="stmt"/>
        <line num="100" count="0" type="stmt"/>
        <line num="101" count="0" type="stmt"/>
        <line num="106" count="0" type="stmt"/>
        <line num="107" count="0" type="stmt"/>
        <line num="108" count="0" type="stmt"/>
        <line num="109" count="0" type="stmt"/>
        <line num="110" count="0" type="stmt"/>
        <line num="119" count="0" type="stmt"/>
        <line num="120" count="0" type="stmt"/>
        <line num="121" count="0" type="stmt"/>
        <line num="125" count="0" type="stmt"/>
        <line num="126" count="0" type="stmt"/>
        <line num="129" count="0" type="stmt"/>
        <line num="130" count="0" type="stmt"/>
        <line num="131" count="0" type="stmt"/>
        <line num="135" count="0" type="stmt"/>
        <line num="136" count="0" type="stmt"/>
        <line num="137" count="0" type="stmt"/>
        <line num="138" count="0" type="stmt"/>
        <line num="139" count="0" type="stmt"/>
        <line num="140" count="0" type="stmt"/>
        <line num="152" count="0" type="stmt"/>
        <line num="153" count="0" type="stmt"/>
        <line num="154" count="0" type="stmt"/>
        <line num="160" count="0" type="stmt"/>
        <line num="164" count="0" type="stmt"/>
        <line num="165" count="0" type="stmt"/>
        <line num="166" count="0" type="stmt"/>
        <line num="167" count="0" type="stmt"/>
        <line num="168" count="0" type="stmt"/>
        <line num="169" count="0" type="stmt"/>
        <line num="170" count="0" type="stmt"/>
        <line num="179" count="0" type="stmt"/>
        <line num="180" count="0" type="stmt"/>
        <line num="181" count="0" type="stmt"/>
        <line num="187" count="0" type="stmt"/>
        <line num="188" count="0" type="stmt"/>
        <line num="191" count="0" type="stmt"/>
        <line num="192" count="0" type="stmt"/>
        <line num="193" count="0" type="cond" truecount="0" falsecount="2"/>
        <line num="194" count="0" type="stmt"/>
        <line num="195" count="0" type="stmt"/>
        <line num="196" count="0" type="stmt"/>
        <line num="205" count="0" type="stmt"/>
        <line num="206" count="0" type="stmt"/>
        <line num="207" count="0" type="stmt"/>
        <line num="208" count="0" type="stmt"/>
        <line num="209" count="0" type="stmt"/>
        <line num="213" count="0" type="stmt"/>
        <line num="214" count="0" type="stmt"/>
        <line num="215" count="0" type="stmt"/>
        <line num="216" count="0" type="stmt"/>
        <line num="217" count="0" type="stmt"/>
        <line num="218" count="0" type="stmt"/>
        <line num="222" count="0" type="stmt"/>
        <line num="224" count="0" type="stmt"/>
        <line num="225" count="0" type="stmt"/>
        <line num="227" count="0" type="stmt"/>
        <line num="231" count="0" type="stmt"/>
        <line num="234" count="0" type="stmt"/>
        <line num="238" count="0" type="stmt"/>
        <line num="239" count="0" type="cond" truecount="0" falsecount="2"/>
        <line num="240" count="0" type="stmt"/>
        <line num="241" count="0" type="stmt"/>
        <line num="242" count="0" type="stmt"/>
        <line num="243" count="0" type="stmt"/>
        <line num="244" count="0" type="stmt"/>
        <line num="246" count="0" type="stmt"/>
        <line num="247" count="0" type="cond" truecount="0" falsecount="2"/>
        <line num="248" count="0" type="cond" truecount="0" falsecount="2"/>
        <line num="249" count="0" type="stmt"/>
        <line num="250" count="0" type="stmt"/>
        <line num="253" count="0" type="stmt"/>
        <line num="254" count="0" type="stmt"/>
        <line num="255" count="0" type="stmt"/>
        <line num="259" count="0" type="stmt"/>
        <line num="260" count="0" type="stmt"/>
      </file>
      <file name="WebClientSingleton.js" path="/Users/mikeanguandia/Desktop/tembea/src/utils/WebClientSingleton.js">
        <metrics statements="1" coveredstatements="0" conditionals="0" coveredconditionals="0" methods="1" coveredmethods="0"/>
        <line num="5" count="0" type="stmt"/>
      </file>
      <file name="data.js" path="/Users/mikeanguandia/Desktop/tembea/src/utils/data.js">
        <metrics statements="3" coveredstatements="3" conditionals="0" coveredconditionals="0" methods="0" coveredmethods="0"/>
        <line num="1" count="9" type="stmt"/>
        <line num="3" count="9" type="stmt"/>
        <line num="5" count="9" type="stmt"/>
      </file>
      <file name="index.ts" path="/Users/mikeanguandia/Desktop/tembea/src/utils/index.ts">
        <metrics statements="1" coveredstatements="1" conditionals="0" coveredconditionals="0" methods="0" coveredmethods="0"/>
        <line num="4" count="9" type="stmt"/>
      </file>
    </package>
  </project>
</coverage>
