TN:
SF:/Users/mikeanguandia/Desktop/tembea/src/app.js
FN:26,(anonymous_0)
FN:30,(anonymous_1)
FN:46,(anonymous_2)
FNF:3
FNH:1
FNDA:0,(anonymous_0)
FNDA:9,(anonymous_1)
FNDA:0,(anonymous_2)
DA:12,2
DA:16,2
DA:18,2
DA:19,2
DA:20,2
DA:23,2
DA:26,0
DA:29,2
DA:30,9
DA:33,2
DA:35,2
DA:37,2
DA:38,2
DA:39,2
DA:42,2
DA:43,2
DA:46,2
DA:52,2
LF:18
LH:17
BRDA:19,0,0,2
BRDA:19,0,1,0
BRF:2
BRH:1
end_of_record
TN:
SF:/Users/mikeanguandia/Desktop/tembea/src/hbsConfig.js
FN:3,(anonymous_0)
FNF:1
FNH:1
FNDA:2,(anonymous_0)
DA:3,2
DA:4,2
DA:11,2
LF:3
LH:3
BRF:0
BRH:0
end_of_record
TN:
SF:/Users/mikeanguandia/Desktop/tembea/src/load-env.js
FNF:0
FNH:0
DA:1,18
DA:2,18
DA:4,18
DA:5,18
DA:6,18
DA:8,18
LF:6
LH:6
BRDA:4,0,0,18
BRDA:4,0,1,0
BRF:2
BRH:1
end_of_record
TN:
SF:/Users/mikeanguandia/Desktop/tembea/src/config/database.js
FNF:0
FNH:0
DA:1,17
DA:3,17
DA:5,17
DA:15,17
LF:4
LH:4
BRDA:8,0,0,17
BRDA:8,0,1,17
BRF:2
BRH:2
end_of_record
TN:
SF:/Users/mikeanguandia/Desktop/tembea/src/config/environment.js
FN:6,(anonymous_0)
FNF:1
FNH:1
FNDA:54,(anonymous_0)
DA:1,18
DA:3,18
DA:6,18
DA:7,54
DA:8,54
DA:9,54
DA:13,54
DA:16,18
DA:39,18
LF:9
LH:9
BRDA:3,0,0,18
BRDA:3,0,1,18
BRDA:18,1,0,18
BRDA:18,1,1,0
BRDA:19,2,0,18
BRDA:19,2,1,0
BRDA:20,3,0,18
BRDA:20,3,1,0
BRDA:26,4,0,18
BRDA:26,4,1,0
BRDA:27,5,0,18
BRDA:27,5,1,0
BRDA:28,6,0,18
BRDA:28,6,1,0
BRF:14
BRH:8
end_of_record
TN:
SF:/Users/mikeanguandia/Desktop/tembea/src/database/base.ts
FN:12,(anonymous_2)
FNF:1
FNH:1
FNDA:153,(anonymous_2)
DA:9,17
DA:12,153
LF:2
LH:2
BRF:0
BRH:0
end_of_record
TN:
SF:/Users/mikeanguandia/Desktop/tembea/src/database/index.ts
FNF:0
FNH:0
DA:5,17
DA:7,17
LF:2
LH:2
BRF:0
BRH:0
end_of_record
TN:
SF:/Users/mikeanguandia/Desktop/tembea/src/database/models/Embassy.ts
FN:15,(anonymous_2)
FN:19,(anonymous_3)
FN:23,(anonymous_4)
FN:26,(anonymous_5)
FNF:4
FNH:2
FNDA:0,(anonymous_2)
FNDA:0,(anonymous_3)
FNDA:52,(anonymous_4)
FNDA:52,(anonymous_5)
DA:9,17
DA:13,17
DA:15,0
DA:17,17
DA:19,0
DA:21,17
DA:23,52
DA:24,17
DA:26,52
DA:27,17
LF:10
LH:8
BRDA:24,0,0,2
BRDA:24,0,1,15
BRDA:24,1,0,17
BRDA:24,1,1,2
BRDA:27,2,0,0
BRDA:27,2,1,17
BRDA:27,3,0,17
BRDA:27,3,1,0
BRF:8
BRH:6
end_of_record
TN:
SF:/Users/mikeanguandia/Desktop/tembea/src/database/models/address.ts
FN:16,(anonymous_2)
FN:20,(anonymous_3)
FN:23,(anonymous_4)
FN:26,(anonymous_5)
FN:29,(anonymous_6)
FNF:5
FNH:4
FNDA:52,(anonymous_2)
FNDA:0,(anonymous_3)
FNDA:52,(anonymous_4)
FNDA:52,(anonymous_5)
FNDA:52,(anonymous_6)
DA:8,17
DA:10,17
DA:13,17
DA:16,52
DA:17,17
DA:20,0
DA:21,17
DA:23,52
DA:24,17
DA:26,52
DA:27,17
DA:29,52
DA:30,17
LF:13
LH:12
BRDA:13,0,0,17
BRDA:13,0,1,0
BRDA:13,1,0,17
BRDA:13,1,1,17
BRDA:24,2,0,17
BRDA:24,2,1,0
BRDA:24,3,0,17
BRDA:24,3,1,17
BRDA:27,4,0,17
BRDA:27,4,1,0
BRDA:27,5,0,17
BRDA:27,5,1,17
BRF:12
BRH:9
end_of_record
TN:
SF:/Users/mikeanguandia/Desktop/tembea/src/database/models/batch-use-record.ts
FN:7,(anonymous_2)
FN:45,(anonymous_3)
FN:32,(anonymous_4)
FN:36,(anonymous_5)
FN:39,(anonymous_6)
FN:42,(anonymous_7)
FNF:6
FNH:5
FNDA:17,(anonymous_2)
FNDA:0,(anonymous_3)
FNDA:78,(anonymous_4)
FNDA:26,(anonymous_5)
FNDA:52,(anonymous_6)
FNDA:52,(anonymous_7)
DA:7,17
DA:8,17
DA:9,17
DA:10,17
DA:11,17
DA:15,17
DA:21,17
DA:24,17
DA:29,17
DA:32,78
DA:33,17
DA:36,26
DA:37,17
DA:39,52
DA:40,17
DA:42,52
DA:43,17
DA:46,0
LF:18
LH:17
BRDA:7,0,0,17
BRDA:7,0,1,17
BRDA:46,1,0,0
BRDA:46,1,1,0
BRDA:40,2,0,17
BRDA:40,2,1,0
BRDA:40,3,0,17
BRDA:40,3,1,17
BRDA:43,4,0,0
BRDA:43,4,1,17
BRDA:43,5,0,17
BRDA:43,5,1,0
BRF:12
BRH:7
end_of_record
TN:
SF:/Users/mikeanguandia/Desktop/tembea/src/database/models/cab.ts
FN:27,(anonymous_2)
FN:30,(anonymous_3)
FNF:2
FNH:2
FNDA:52,(anonymous_2)
FNDA:52,(anonymous_3)
DA:10,17
DA:12,17
DA:15,17
DA:18,17
DA:24,17
DA:27,52
DA:28,17
DA:30,52
DA:31,17
LF:9
LH:9
BRDA:31,0,0,0
BRDA:31,0,1,17
BRDA:31,1,0,17
BRDA:31,1,1,0
BRF:4
BRH:2
end_of_record
TN:
SF:/Users/mikeanguandia/Desktop/tembea/src/database/models/country.ts
FN:6,(anonymous_2)
FN:39,(anonymous_3)
FNF:2
FNH:2
FNDA:17,(anonymous_2)
FNDA:52,(anonymous_3)
DA:6,17
DA:7,17
DA:8,17
DA:27,17
DA:31,17
DA:37,17
DA:39,52
DA:40,17
LF:8
LH:8
BRDA:6,0,0,17
BRDA:6,0,1,17
BRF:2
BRH:2
end_of_record
TN:
SF:/Users/mikeanguandia/Desktop/tembea/src/database/models/department.ts
FN:10,(anonymous_2)
FN:42,(anonymous_3)
FN:51,(anonymous_4)
FN:54,(anonymous_5)
FN:57,(anonymous_6)
FN:60,(anonymous_7)
FN:15,(anonymous_8)
FN:20,(anonymous_9)
FNF:8
FNH:8
FNDA:17,(anonymous_2)
FNDA:130,(anonymous_3)
FNDA:78,(anonymous_4)
FNDA:26,(anonymous_5)
FNDA:52,(anonymous_6)
FNDA:52,(anonymous_7)
FNDA:26,(anonymous_8)
FNDA:26,(anonymous_9)
DA:10,17
DA:11,17
DA:12,17
DA:15,26
DA:20,26
DA:33,17
DA:37,17
DA:42,130
DA:43,17
DA:49,17
DA:51,78
DA:52,17
DA:54,26
DA:55,17
DA:57,52
DA:58,17
DA:60,52
DA:61,17
LF:18
LH:18
BRDA:10,0,0,17
BRDA:10,0,1,17
BRDA:58,1,0,0
BRDA:58,1,1,17
BRDA:58,2,0,17
BRDA:58,2,1,0
BRDA:61,3,0,0
BRDA:61,3,1,17
BRDA:61,4,0,17
BRDA:61,4,1,0
BRF:10
BRH:6
end_of_record
TN:
SF:/Users/mikeanguandia/Desktop/tembea/src/database/models/driver.ts
FN:22,(anonymous_2)
FN:26,(anonymous_3)
FN:29,(anonymous_4)
FN:32,(anonymous_5)
FNF:4
FNH:4
FNDA:104,(anonymous_2)
FNDA:26,(anonymous_3)
FNDA:52,(anonymous_4)
FNDA:52,(anonymous_5)
DA:11,17
DA:13,17
DA:16,17
DA:19,17
DA:22,104
DA:23,17
DA:26,26
DA:27,17
DA:29,52
DA:30,17
DA:32,52
DA:33,17
LF:12
LH:12
BRDA:30,0,0,17
BRDA:30,0,1,0
BRDA:30,1,0,17
BRDA:30,1,1,17
BRDA:33,2,0,0
BRDA:33,2,1,17
BRDA:33,3,0,17
BRDA:33,3,1,0
BRF:8
BRH:5
end_of_record
TN:
SF:/Users/mikeanguandia/Desktop/tembea/src/database/models/engagement.ts
FN:17,(anonymous_2)
FN:20,(anonymous_3)
FN:23,(anonymous_4)
FN:26,(anonymous_5)
FNF:4
FNH:4
FNDA:234,(anonymous_2)
FNDA:78,(anonymous_3)
FNDA:52,(anonymous_4)
FNDA:52,(anonymous_5)
DA:7,17
DA:9,17
DA:12,17
DA:15,17
DA:17,234
DA:18,17
DA:20,78
DA:21,17
DA:23,52
DA:24,17
DA:26,52
DA:27,17
LF:12
LH:12
BRDA:24,0,0,0
BRDA:24,0,1,17
BRDA:24,1,0,17
BRDA:24,1,1,0
BRDA:27,2,0,0
BRDA:27,2,1,17
BRDA:27,3,0,17
BRDA:27,3,1,0
BRF:8
BRH:4
end_of_record
TN:
SF:/Users/mikeanguandia/Desktop/tembea/src/database/models/homebase.ts
FN:29,(anonymous_2)
FN:33,(anonymous_3)
FN:38,(anonymous_4)
FN:41,(anonymous_5)
FN:47,(anonymous_6)
FN:50,(anonymous_7)
FN:53,(anonymous_8)
FNF:7
FNH:5
FNDA:26,(anonymous_2)
FNDA:0,(anonymous_3)
FNDA:0,(anonymous_4)
FNDA:52,(anonymous_5)
FNDA:52,(anonymous_6)
FNDA:52,(anonymous_7)
FNDA:52,(anonymous_8)
DA:12,17
DA:16,17
DA:19,17
DA:24,17
DA:27,17
DA:29,26
DA:31,17
DA:33,0
DA:35,17
DA:38,0
DA:39,17
DA:41,52
DA:45,17
DA:47,52
DA:48,17
DA:50,52
DA:51,17
DA:53,52
DA:54,17
DA:57,17
LF:20
LH:18
BRDA:45,0,0,15
BRDA:45,0,1,2
BRDA:45,1,0,17
BRDA:45,1,1,15
BRDA:48,2,0,0
BRDA:48,2,1,17
BRDA:48,3,0,17
BRDA:48,3,1,0
BRDA:54,4,0,17
BRDA:54,4,1,0
BRDA:54,5,0,17
BRDA:54,5,1,17
BRF:12
BRH:9
end_of_record
TN:
SF:/Users/mikeanguandia/Desktop/tembea/src/database/models/join-request.ts
FN:7,(anonymous_2)
FN:26,(anonymous_3)
FN:30,(anonymous_4)
FN:34,(anonymous_5)
FN:37,(anonymous_6)
FN:40,(anonymous_7)
FN:43,(anonymous_8)
FNF:7
FNH:7
FNDA:17,(anonymous_2)
FNDA:130,(anonymous_3)
FNDA:78,(anonymous_4)
FNDA:26,(anonymous_5)
FNDA:52,(anonymous_6)
FNDA:52,(anonymous_7)
FNDA:52,(anonymous_8)
DA:7,17
DA:8,17
DA:9,17
DA:10,17
DA:11,17
DA:15,17
DA:17,17
DA:23,17
DA:26,130
DA:27,17
DA:30,78
DA:31,17
DA:34,26
DA:35,17
DA:37,52
DA:38,17
DA:40,52
DA:41,17
DA:43,52
DA:44,17
LF:20
LH:20
BRDA:7,0,0,17
BRDA:7,0,1,17
BRDA:38,1,0,17
BRDA:38,1,1,0
BRDA:38,2,0,17
BRDA:38,2,1,17
BRDA:41,3,0,17
BRDA:41,3,1,0
BRDA:41,4,0,17
BRDA:41,4,1,17
BRDA:44,5,0,17
BRDA:44,5,1,0
BRDA:44,6,0,17
BRDA:44,6,1,17
BRF:14
BRH:11
end_of_record
TN:
SF:/Users/mikeanguandia/Desktop/tembea/src/database/models/location.ts
FN:19,(anonymous_2)
FNF:1
FNH:1
FNDA:52,(anonymous_2)
DA:6,17
DA:11,17
DA:17,17
DA:19,52
DA:20,17
LF:5
LH:5
BRDA:20,0,0,0
BRDA:20,0,1,17
BRDA:20,1,0,17
BRDA:20,1,1,0
BRF:4
BRH:2
end_of_record
TN:
SF:/Users/mikeanguandia/Desktop/tembea/src/database/models/partner.ts
FN:11,(anonymous_2)
FN:11,(anonymous_3)
FNF:2
FNH:2
FNDA:52,(anonymous_2)
FNDA:26,(anonymous_3)
DA:7,17
DA:9,17
DA:11,52
DA:12,17
LF:4
LH:4
BRF:0
BRH:0
end_of_record
TN:
SF:/Users/mikeanguandia/Desktop/tembea/src/database/models/provider.ts
FN:8,(anonymous_2)
FN:65,(anonymous_3)
FN:41,(anonymous_4)
FN:45,(anonymous_5)
FN:53,(anonymous_6)
FN:56,(anonymous_7)
FN:59,(anonymous_8)
FN:62,(anonymous_9)
FNF:8
FNH:7
FNDA:17,(anonymous_2)
FNDA:0,(anonymous_3)
FNDA:52,(anonymous_4)
FNDA:26,(anonymous_5)
FNDA:52,(anonymous_6)
FNDA:52,(anonymous_7)
FNDA:52,(anonymous_8)
FNDA:52,(anonymous_9)
DA:8,17
DA:9,17
DA:10,17
DA:11,17
DA:12,17
DA:19,17
DA:21,17
DA:26,17
DA:29,17
DA:32,17
DA:38,17
DA:41,52
DA:42,17
DA:45,26
DA:46,17
DA:51,17
DA:53,52
DA:54,17
DA:56,52
DA:57,17
DA:59,52
DA:60,17
DA:62,52
DA:63,17
DA:66,0
LF:25
LH:24
BRDA:8,0,0,17
BRDA:8,0,1,17
BRDA:54,1,0,0
BRDA:54,1,1,17
BRDA:54,2,0,17
BRDA:54,2,1,0
BRDA:57,3,0,0
BRDA:57,3,1,17
BRDA:57,4,0,17
BRDA:57,4,1,0
BRF:10
BRH:6
end_of_record
TN:
SF:/Users/mikeanguandia/Desktop/tembea/src/database/models/role.ts
FN:13,(anonymous_2)
FN:13,(anonymous_3)
FNF:2
FNH:2
FNDA:52,(anonymous_2)
FNDA:26,(anonymous_3)
DA:7,17
DA:11,17
DA:13,52
DA:14,17
LF:4
LH:4
BRF:0
BRH:0
end_of_record
TN:
SF:/Users/mikeanguandia/Desktop/tembea/src/database/models/route-batch.ts
FN:11,(anonymous_2)
FN:45,(anonymous_3)
FN:49,(anonymous_4)
FN:53,(anonymous_5)
FN:57,(anonymous_6)
FN:61,(anonymous_7)
FN:64,(anonymous_8)
FN:67,(anonymous_9)
FN:70,(anonymous_10)
FN:73,(anonymous_11)
FN:76,(anonymous_12)
FN:79,(anonymous_13)
FNF:12
FNH:10
FNDA:17,(anonymous_2)
FNDA:156,(anonymous_3)
FNDA:104,(anonymous_4)
FNDA:78,(anonymous_5)
FNDA:26,(anonymous_6)
FNDA:0,(anonymous_7)
FNDA:52,(anonymous_8)
FNDA:52,(anonymous_9)
FNDA:52,(anonymous_10)
FNDA:52,(anonymous_11)
FNDA:52,(anonymous_12)
FNDA:0,(anonymous_13)
DA:11,17
DA:12,17
DA:13,17
DA:20,17
DA:22,17
DA:25,17
DA:28,17
DA:31,17
DA:36,17
DA:42,17
DA:45,156
DA:46,17
DA:49,104
DA:50,17
DA:53,78
DA:54,17
DA:57,26
DA:58,17
DA:61,0
DA:62,17
DA:64,52
DA:65,17
DA:67,52
DA:68,17
DA:70,52
DA:71,17
DA:73,52
DA:74,17
DA:76,52
DA:77,17
DA:79,0
DA:80,17
LF:32
LH:30
BRDA:11,0,0,17
BRDA:11,0,1,17
BRDA:68,1,0,17
BRDA:68,1,1,0
BRDA:68,2,0,17
BRDA:68,2,1,17
BRDA:71,3,0,17
BRDA:71,3,1,0
BRDA:71,4,0,17
BRDA:71,4,1,17
BRDA:74,5,0,17
BRDA:74,5,1,0
BRDA:74,6,0,17
BRDA:74,6,1,17
BRDA:77,7,0,0
BRDA:77,7,1,17
BRDA:77,8,0,17
BRDA:77,8,1,0
BRDA:80,9,0,17
BRDA:80,9,1,0
BRDA:80,10,0,17
BRDA:80,10,1,17
BRF:22
BRH:16
end_of_record
TN:
SF:/Users/mikeanguandia/Desktop/tembea/src/database/models/route-request.ts
FN:8,(anonymous_2)
FN:43,(anonymous_3)
FN:47,(anonymous_4)
FN:51,(anonymous_5)
FN:55,(anonymous_6)
FN:59,(anonymous_7)
FN:63,(anonymous_8)
FN:67,(anonymous_9)
FN:70,(anonymous_10)
FN:73,(anonymous_11)
FN:76,(anonymous_12)
FN:79,(anonymous_13)
FN:82,(anonymous_14)
FN:85,(anonymous_15)
FN:88,(anonymous_16)
FNF:15
FNH:15
FNDA:17,(anonymous_2)
FNDA:78,(anonymous_3)
FNDA:52,(anonymous_4)
FNDA:52,(anonymous_5)
FNDA:52,(anonymous_6)
FNDA:52,(anonymous_7)
FNDA:52,(anonymous_8)
FNDA:26,(anonymous_9)
FNDA:52,(anonymous_10)
FNDA:52,(anonymous_11)
FNDA:52,(anonymous_12)
FNDA:52,(anonymous_13)
FNDA:52,(anonymous_14)
FNDA:52,(anonymous_15)
FNDA:52,(anonymous_16)
DA:8,17
DA:9,17
DA:10,17
DA:11,17
DA:12,17
DA:16,17
DA:20,17
DA:23,17
DA:26,17
DA:31,17
DA:34,17
DA:40,17
DA:43,78
DA:44,17
DA:47,52
DA:48,17
DA:51,52
DA:52,17
DA:55,52
DA:56,17
DA:59,52
DA:60,17
DA:63,52
DA:64,17
DA:67,26
DA:68,17
DA:70,52
DA:71,17
DA:73,52
DA:74,17
DA:76,52
DA:77,17
DA:79,52
DA:80,17
DA:82,52
DA:83,17
DA:85,52
DA:86,17
DA:88,52
DA:89,17
LF:40
LH:40
BRDA:8,0,0,17
BRDA:8,0,1,17
BRDA:71,1,0,17
BRDA:71,1,1,0
BRDA:71,2,0,17
BRDA:71,2,1,17
BRDA:74,3,0,17
BRDA:74,3,1,0
BRDA:74,4,0,17
BRDA:74,4,1,17
BRDA:77,5,0,17
BRDA:77,5,1,0
BRDA:77,6,0,17
BRDA:77,6,1,17
BRDA:80,7,0,17
BRDA:80,7,1,0
BRDA:80,8,0,17
BRDA:80,8,1,17
BRDA:83,9,0,17
BRDA:83,9,1,0
BRDA:83,10,0,17
BRDA:83,10,1,17
BRDA:86,11,0,17
BRDA:86,11,1,0
BRDA:86,12,0,17
BRDA:86,12,1,17
BRDA:89,13,0,17
BRDA:89,13,1,0
BRDA:89,14,0,17
BRDA:89,14,1,17
BRF:30
BRH:23
end_of_record
TN:
SF:/Users/mikeanguandia/Desktop/tembea/src/database/models/route-use-record.ts
FN:38,(anonymous_2)
FN:41,(anonymous_3)
FN:44,(anonymous_4)
FNF:3
FNH:3
FNDA:26,(anonymous_2)
FNDA:52,(anonymous_3)
FNDA:52,(anonymous_4)
DA:7,17
DA:12,17
DA:18,17
DA:24,17
DA:30,17
DA:35,17
DA:38,26
DA:39,17
DA:41,52
DA:42,17
DA:44,52
DA:45,17
LF:12
LH:12
BRDA:42,0,0,17
BRDA:42,0,1,0
BRDA:42,1,0,17
BRDA:42,1,1,17
BRF:4
BRH:3
end_of_record
TN:
SF:/Users/mikeanguandia/Desktop/tembea/src/database/models/route.ts
FN:18,(anonymous_2)
FN:22,(anonymous_3)
FN:25,(anonymous_4)
FN:28,(anonymous_5)
FN:31,(anonymous_6)
FNF:5
FNH:5
FNDA:78,(anonymous_2)
FNDA:26,(anonymous_3)
FNDA:52,(anonymous_4)
FNDA:52,(anonymous_5)
FNDA:52,(anonymous_6)
DA:8,17
DA:10,17
DA:15,17
DA:18,78
DA:19,17
DA:22,26
DA:23,17
DA:25,52
DA:26,17
DA:28,52
DA:29,17
DA:31,52
DA:32,17
LF:13
LH:13
BRDA:29,0,0,0
BRDA:29,0,1,17
BRDA:29,1,0,17
BRDA:29,1,1,0
BRDA:32,2,0,0
BRDA:32,2,1,17
BRDA:32,3,0,17
BRDA:32,3,1,0
BRF:8
BRH:4
end_of_record
TN:
SF:/Users/mikeanguandia/Desktop/tembea/src/database/models/team-details.ts
FN:40,(anonymous_2)
FNF:1
FNH:1
FNDA:52,(anonymous_2)
DA:5,17
DA:11,17
DA:18,17
DA:25,17
DA:31,17
DA:38,17
DA:40,52
DA:41,17
LF:8
LH:8
BRF:0
BRH:0
end_of_record
TN:
SF:/Users/mikeanguandia/Desktop/tembea/src/database/models/trip-details.ts
FNF:0
FNH:0
DA:5,17
DA:7,17
DA:10,17
DA:13,17
LF:4
LH:4
BRF:0
BRH:0
end_of_record
TN:
SF:/Users/mikeanguandia/Desktop/tembea/src/database/models/trip-request.ts
FN:13,(anonymous_2)
FN:21,(anonymous_3)
FN:189,(anonymous_4)
FN:98,(anonymous_5)
FN:102,(anonymous_6)
FN:106,(anonymous_7)
FN:110,(anonymous_8)
FN:114,(anonymous_9)
FN:118,(anonymous_10)
FN:122,(anonymous_11)
FN:126,(anonymous_12)
FN:130,(anonymous_13)
FN:134,(anonymous_14)
FN:138,(anonymous_15)
FN:142,(anonymous_16)
FN:146,(anonymous_17)
FN:150,(anonymous_18)
FN:153,(anonymous_19)
FN:156,(anonymous_20)
FN:159,(anonymous_21)
FN:162,(anonymous_22)
FN:165,(anonymous_23)
FN:168,(anonymous_24)
FN:171,(anonymous_25)
FN:174,(anonymous_26)
FN:177,(anonymous_27)
FN:180,(anonymous_28)
FN:183,(anonymous_29)
FN:186,(anonymous_30)
FNF:29
FNH:28
FNDA:17,(anonymous_2)
FNDA:17,(anonymous_3)
FNDA:0,(anonymous_4)
FNDA:312,(anonymous_5)
FNDA:312,(anonymous_6)
FNDA:312,(anonymous_7)
FNDA:312,(anonymous_8)
FNDA:312,(anonymous_9)
FNDA:312,(anonymous_10)
FNDA:312,(anonymous_11)
FNDA:286,(anonymous_12)
FNDA:234,(anonymous_13)
FNDA:182,(anonymous_14)
FNDA:130,(anonymous_15)
FNDA:78,(anonymous_16)
FNDA:26,(anonymous_17)
FNDA:52,(anonymous_18)
FNDA:52,(anonymous_19)
FNDA:52,(anonymous_20)
FNDA:52,(anonymous_21)
FNDA:52,(anonymous_22)
FNDA:52,(anonymous_23)
FNDA:52,(anonymous_24)
FNDA:52,(anonymous_25)
FNDA:52,(anonymous_26)
FNDA:52,(anonymous_27)
FNDA:52,(anonymous_28)
FNDA:52,(anonymous_29)
FNDA:52,(anonymous_30)
DA:13,17
DA:14,17
DA:15,17
DA:16,17
DA:21,17
DA:22,17
DA:23,17
DA:24,17
DA:25,17
DA:26,17
DA:27,17
DA:28,17
DA:29,17
DA:35,17
DA:39,17
DA:45,17
DA:51,17
DA:56,17
DA:62,17
DA:65,17
DA:68,17
DA:71,17
DA:74,17
DA:77,17
DA:80,17
DA:83,17
DA:86,17
DA:91,17
DA:94,17
DA:98,312
DA:99,17
DA:102,312
DA:103,17
DA:106,312
DA:107,17
DA:110,312
DA:111,17
DA:114,312
DA:115,17
DA:118,312
DA:119,17
DA:122,312
DA:123,17
DA:126,286
DA:127,17
DA:130,234
DA:131,17
DA:134,182
DA:135,17
DA:138,130
DA:139,17
DA:142,78
DA:143,17
DA:146,26
DA:147,17
DA:150,52
DA:151,17
DA:153,52
DA:154,17
DA:156,52
DA:157,17
DA:159,52
DA:160,17
DA:162,52
DA:163,17
DA:165,52
DA:166,17
DA:168,52
DA:169,17
DA:171,52
DA:172,17
DA:174,52
DA:175,17
DA:177,52
DA:178,17
DA:180,52
DA:181,17
DA:183,52
DA:184,17
DA:186,52
DA:187,17
DA:189,0
LF:82
LH:81
BRDA:13,0,0,17
BRDA:13,0,1,17
BRDA:21,1,0,17
BRDA:21,1,1,17
BRDA:151,2,0,0
BRDA:151,2,1,17
BRDA:151,3,0,17
BRDA:151,3,1,0
BRDA:154,4,0,0
BRDA:154,4,1,17
BRDA:154,5,0,17
BRDA:154,5,1,0
BRDA:157,6,0,0
BRDA:157,6,1,17
BRDA:157,7,0,17
BRDA:157,7,1,0
BRDA:160,8,0,0
BRDA:160,8,1,17
BRDA:160,9,0,17
BRDA:160,9,1,0
BRDA:163,10,0,0
BRDA:163,10,1,17
BRDA:163,11,0,17
BRDA:163,11,1,0
BRDA:166,12,0,0
BRDA:166,12,1,17
BRDA:166,13,0,17
BRDA:166,13,1,0
BRDA:169,14,0,0
BRDA:169,14,1,17
BRDA:169,15,0,17
BRDA:169,15,1,0
BRDA:172,16,0,17
BRDA:172,16,1,0
BRDA:172,17,0,17
BRDA:172,17,1,17
BRDA:175,18,0,17
BRDA:175,18,1,0
BRDA:175,19,0,17
BRDA:175,19,1,17
BRDA:178,20,0,17
BRDA:178,20,1,0
BRDA:178,21,0,17
BRDA:178,21,1,17
BRDA:181,22,0,17
BRDA:181,22,1,0
BRDA:181,23,0,17
BRDA:181,23,1,17
BRDA:184,24,0,17
BRDA:184,24,1,0
BRDA:184,25,0,17
BRDA:184,25,1,17
BRDA:187,26,0,0
BRDA:187,26,1,17
BRDA:187,27,0,17
BRDA:187,27,1,0
BRF:56
BRH:35
end_of_record
TN:
SF:/Users/mikeanguandia/Desktop/tembea/src/database/models/user-role.ts
FN:9,(anonymous_2)
FN:13,(anonymous_3)
FN:17,(anonymous_4)
FN:20,(anonymous_5)
FN:23,(anonymous_6)
FNF:5
FNH:5
FNDA:260,(anonymous_2)
FNDA:130,(anonymous_3)
FNDA:26,(anonymous_4)
FNDA:52,(anonymous_5)
FNDA:52,(anonymous_6)
DA:7,17
DA:9,260
DA:10,17
DA:13,130
DA:14,17
DA:17,26
DA:18,17
DA:20,52
DA:21,17
DA:23,52
DA:24,17
LF:11
LH:11
BRDA:21,0,0,0
BRDA:21,0,1,17
BRDA:21,1,0,17
BRDA:21,1,1,0
BRDA:24,2,0,0
BRDA:24,2,1,17
BRDA:24,3,0,17
BRDA:24,3,1,0
BRF:8
BRH:4
end_of_record
TN:
SF:/Users/mikeanguandia/Desktop/tembea/src/database/models/user.ts
FN:84,(anonymous_2)
FN:49,(anonymous_3)
FN:55,(anonymous_4)
FN:59,(anonymous_5)
FN:63,(anonymous_6)
FN:66,(anonymous_7)
FN:69,(anonymous_8)
FN:72,(anonymous_9)
FN:72,(anonymous_10)
FN:75,(anonymous_11)
FN:75,(anonymous_12)
FN:78,(anonymous_13)
FN:81,(anonymous_14)
FNF:13
FNH:12
FNDA:0,(anonymous_2)
FNDA:156,(anonymous_3)
FNDA:104,(anonymous_4)
FNDA:26,(anonymous_5)
FNDA:54,(anonymous_6)
FNDA:54,(anonymous_7)
FNDA:54,(anonymous_8)
FNDA:54,(anonymous_9)
FNDA:26,(anonymous_10)
FNDA:54,(anonymous_11)
FNDA:26,(anonymous_12)
FNDA:54,(anonymous_13)
FNDA:54,(anonymous_14)
DA:17,17
DA:23,17
DA:30,17
DA:37,17
DA:43,17
DA:49,156
DA:50,17
DA:55,104
DA:56,17
DA:59,26
DA:60,17
DA:63,54
DA:64,17
DA:66,54
DA:67,17
DA:69,54
DA:70,17
DA:72,54
DA:73,17
DA:75,54
DA:76,17
DA:78,54
DA:79,17
DA:81,54
DA:82,17
DA:85,0
LF:26
LH:25
BRDA:85,0,0,0
BRDA:85,0,1,0
BRDA:85,1,0,0
BRDA:85,1,1,0
BRDA:67,2,0,17
BRDA:67,2,1,0
BRDA:67,3,0,17
BRDA:67,3,1,17
BRDA:70,4,0,0
BRDA:70,4,1,17
BRDA:70,5,0,17
BRDA:70,5,1,0
BRF:12
BRH:5
end_of_record
TN:
SF:/Users/mikeanguandia/Desktop/tembea/src/database/viewmodels/trip-request.viewmodel.ts
FN:32,(anonymous_0)
FN:10,(anonymous_1)
FN:15,(anonymous_2)
FN:22,(anonymous_3)
FN:34,(anonymous_4)
FN:35,(anonymous_5)
FN:36,(anonymous_6)
FN:37,(anonymous_7)
FN:38,(anonymous_8)
FN:39,(anonymous_9)
FN:40,(anonymous_10)
FN:41,(anonymous_11)
FN:42,(anonymous_12)
FN:43,(anonymous_13)
FN:44,(anonymous_14)
FN:45,(anonymous_15)
FN:46,(anonymous_16)
FN:47,(anonymous_17)
FN:48,(anonymous_18)
FN:49,(anonymous_19)
FN:50,(anonymous_20)
FN:53,(anonymous_21)
FN:54,(anonymous_22)
FN:58,(anonymous_23)
FN:59,(anonymous_24)
FN:60,(anonymous_25)
FN:69,(anonymous_26)
FN:70,(anonymous_27)
FN:71,(anonymous_28)
FN:72,(anonymous_29)
FN:73,(anonymous_30)
FN:74,(anonymous_31)
FNF:32
FNH:0
FNDA:0,(anonymous_0)
FNDA:0,(anonymous_1)
FNDA:0,(anonymous_2)
FNDA:0,(anonymous_3)
FNDA:0,(anonymous_4)
FNDA:0,(anonymous_5)
FNDA:0,(anonymous_6)
FNDA:0,(anonymous_7)
FNDA:0,(anonymous_8)
FNDA:0,(anonymous_9)
FNDA:0,(anonymous_10)
FNDA:0,(anonymous_11)
FNDA:0,(anonymous_12)
FNDA:0,(anonymous_13)
FNDA:0,(anonymous_14)
FNDA:0,(anonymous_15)
FNDA:0,(anonymous_16)
FNDA:0,(anonymous_17)
FNDA:0,(anonymous_18)
FNDA:0,(anonymous_19)
FNDA:0,(anonymous_20)
FNDA:0,(anonymous_21)
FNDA:0,(anonymous_22)
FNDA:0,(anonymous_23)
FNDA:0,(anonymous_24)
FNDA:0,(anonymous_25)
FNDA:0,(anonymous_26)
FNDA:0,(anonymous_27)
FNDA:0,(anonymous_28)
FNDA:0,(anonymous_29)
FNDA:0,(anonymous_30)
FNDA:0,(anonymous_31)
DA:11,0
DA:12,0
DA:16,0
DA:17,0
DA:18,0
DA:23,0
DA:24,0
DA:32,0
DA:34,0
DA:35,0
DA:36,0
DA:37,0
DA:38,0
DA:39,0
DA:40,0
DA:41,0
DA:42,0
DA:43,0
DA:44,0
DA:45,0
DA:46,0
DA:47,0
DA:48,0
DA:49,0
DA:51,0
DA:53,0
DA:55,0
DA:56,0
DA:58,0
DA:59,0
DA:61,0
DA:62,0
DA:63,0
DA:64,0
DA:65,0
DA:66,0
DA:69,0
DA:70,0
DA:71,0
DA:72,0
DA:73,0
DA:74,0
LF:42
LH:0
BRDA:11,0,0,0
BRDA:11,0,1,0
BRDA:16,1,0,0
BRDA:16,1,1,0
BRDA:17,2,0,0
BRDA:23,3,0,0
BRDA:23,3,1,0
BRDA:26,4,0,0
BRDA:26,4,1,0
BRDA:27,5,0,0
BRDA:27,5,1,0
BRDA:55,6,0,0
BRDA:55,6,1,0
BRDA:62,7,0,0
BRDA:62,7,1,0
BRDA:64,8,0,0
BRDA:64,8,1,0
BRDA:66,9,0,0
BRDA:66,9,1,0
BRF:19
BRH:0
end_of_record
TN:
SF:/Users/mikeanguandia/Desktop/tembea/src/helpers/AISHelper.js
FN:28,(anonymous_0)
FN:29,(anonymous_1)
FN:55,(anonymous_2)
FNF:3
FNH:2
FNDA:2,(anonymous_0)
FNDA:10,(anonymous_1)
FNDA:0,(anonymous_2)
DA:1,2
DA:28,2
DA:29,2
DA:30,10
DA:31,10
DA:32,10
DA:33,10
DA:34,10
DA:35,10
DA:36,10
DA:37,10
DA:38,10
DA:43,2
DA:55,2
LF:14
LH:14
BRF:0
BRH:0
end_of_record
TN:
SF:/Users/mikeanguandia/Desktop/tembea/src/helpers/CountryHelper.js
FN:10,(anonymous_7)
FN:24,(anonymous_9)
FN:37,(anonymous_11)
FN:47,(anonymous_12)
FN:57,(anonymous_14)
FNF:5
FNH:0
FNDA:0,(anonymous_7)
FNDA:0,(anonymous_9)
FNDA:0,(anonymous_11)
FNDA:0,(anonymous_12)
FNDA:0,(anonymous_14)
DA:11,0
DA:12,0
DA:13,0
DA:15,0
DA:25,0
DA:26,0
DA:27,0
DA:29,0
DA:38,0
DA:39,0
DA:48,0
DA:49,0
DA:58,0
DA:59,0
DA:60,0
DA:61,0
DA:63,0
LF:17
LH:0
BRDA:10,0,0,0
BRDA:10,1,0,0
BRDA:12,2,0,0
BRDA:12,2,1,0
BRDA:26,3,0,0
BRDA:26,3,1,0
BRDA:60,4,0,0
BRDA:60,4,1,0
BRF:8
BRH:0
end_of_record
TN:
SF:/Users/mikeanguandia/Desktop/tembea/src/helpers/ErrorTypeChecker.js
FN:12,(anonymous_0)
FNF:1
FNH:0
FNDA:0,(anonymous_0)
DA:13,0
DA:14,0
DA:16,0
LF:3
LH:0
BRDA:13,0,0,0
BRDA:13,0,1,0
BRF:2
BRH:0
end_of_record
TN:
SF:/Users/mikeanguandia/Desktop/tembea/src/helpers/HomeBaseHelper.js
FN:6,(anonymous_7)
FN:23,(anonymous_8)
FNF:2
FNH:0
FNDA:0,(anonymous_7)
FNDA:0,(anonymous_8)
DA:6,9
DA:7,0
DA:14,0
DA:24,0
DA:25,0
LF:5
LH:1
BRF:0
BRH:0
end_of_record
TN:
SF:/Users/mikeanguandia/Desktop/tembea/src/helpers/JoiHelper.js
FN:4,(anonymous_0)
FN:15,(anonymous_1)
FN:17,(anonymous_2)
FNF:3
FNH:3
FNDA:9,(anonymous_0)
FNDA:4,(anonymous_1)
FNDA:10,(anonymous_2)
DA:8,9
DA:9,9
DA:10,4
DA:12,5
DA:16,4
DA:17,4
DA:20,10
DA:21,4
DA:22,4
DA:23,0
DA:24,0
DA:25,0
DA:26,0
DA:27,0
DA:28,0
DA:29,0
DA:30,0
DA:31,2
DA:32,2
DA:33,3
DA:34,3
DA:35,1
DA:38,4
LF:23
LH:15
BRDA:4,0,0,9
BRDA:9,1,0,4
BRDA:9,1,1,5
BRDA:21,2,0,4
BRDA:21,2,1,0
BRDA:21,2,2,0
BRDA:21,2,3,0
BRDA:21,2,4,0
BRDA:21,2,5,2
BRDA:21,2,6,3
BRDA:21,2,7,1
BRF:11
BRH:7
end_of_record
TN:
SF:/Users/mikeanguandia/Desktop/tembea/src/helpers/RolesHelper.js
FN:10,(anonymous_0)
FN:16,(anonymous_1)
FNF:2
FNH:0
FNDA:0,(anonymous_0)
FNDA:0,(anonymous_1)
DA:11,0
DA:12,0
DA:16,0
DA:17,0
DA:18,0
DA:19,0
DA:20,0
DA:21,0
DA:22,0
DA:23,0
DA:25,0
DA:27,0
LF:12
LH:0
BRDA:22,0,0,0
BRDA:22,0,1,0
BRF:2
BRH:0
end_of_record
TN:
SF:/Users/mikeanguandia/Desktop/tembea/src/helpers/RouteHelper.js
FN:15,(anonymous_7)
FN:18,(anonymous_8)
FN:26,(anonymous_9)
FN:29,(anonymous_10)
FN:46,(anonymous_11)
FN:53,(anonymous_12)
FN:61,(anonymous_13)
FN:66,(anonymous_15)
FN:75,(anonymous_17)
FN:80,(anonymous_19)
FN:85,(anonymous_21)
FN:90,(anonymous_23)
FN:119,(anonymous_25)
FN:137,(anonymous_27)
FN:146,(anonymous_29)
FN:151,(anonymous_31)
FN:164,(anonymous_33)
FN:178,(anonymous_34)
FN:189,(anonymous_35)
FN:207,(anonymous_36)
FN:234,(anonymous_37)
FN:235,(anonymous_38)
FN:237,(anonymous_39)
FN:251,(anonymous_40)
FNF:24
FNH:0
FNDA:0,(anonymous_7)
FNDA:0,(anonymous_8)
FNDA:0,(anonymous_9)
FNDA:0,(anonymous_10)
FNDA:0,(anonymous_11)
FNDA:0,(anonymous_12)
FNDA:0,(anonymous_13)
FNDA:0,(anonymous_15)
FNDA:0,(anonymous_17)
FNDA:0,(anonymous_19)
FNDA:0,(anonymous_21)
FNDA:0,(anonymous_23)
FNDA:0,(anonymous_25)
FNDA:0,(anonymous_27)
FNDA:0,(anonymous_29)
FNDA:0,(anonymous_31)
FNDA:0,(anonymous_33)
FNDA:0,(anonymous_34)
FNDA:0,(anonymous_35)
FNDA:0,(anonymous_36)
FNDA:0,(anonymous_37)
FNDA:0,(anonymous_38)
FNDA:0,(anonymous_39)
FNDA:0,(anonymous_40)
DA:16,0
DA:18,0
DA:19,0
DA:20,0
DA:22,0
DA:27,0
DA:28,0
DA:29,0
DA:30,0
DA:31,0
DA:32,0
DA:33,0
DA:34,0
DA:35,0
DA:36,0
DA:37,0
DA:38,0
DA:40,0
DA:41,0
DA:42,0
DA:43,0
DA:47,0
DA:48,0
DA:50,0
DA:54,0
DA:55,0
DA:57,0
DA:58,0
DA:62,0
DA:63,0
DA:68,0
DA:69,0
DA:70,0
DA:72,0
DA:76,0
DA:77,0
DA:81,0
DA:82,0
DA:86,0
DA:87,0
DA:95,0
DA:97,0
DA:101,0
DA:103,0
DA:107,0
DA:109,0
DA:115,0
DA:116,0
DA:120,0
DA:123,0
DA:125,0
DA:126,0
DA:134,0
DA:138,0
DA:139,0
DA:140,0
DA:142,0
DA:143,0
DA:147,0
DA:148,0
DA:152,0
DA:154,0
DA:155,0
DA:165,0
DA:167,0
DA:168,0
DA:171,0
DA:172,0
DA:175,0
DA:179,0
DA:180,0
DA:186,0
DA:190,0
DA:199,0
DA:208,0
DA:209,0
DA:211,0
DA:212,0
DA:213,0
DA:214,0
DA:215,0
DA:216,0
DA:217,0
DA:221,0
DA:223,0
DA:235,0
DA:236,0
DA:237,0
DA:239,0
DA:252,0
DA:253,0
DA:254,0
DA:255,0
LF:93
LH:0
BRDA:19,0,0,0
BRDA:19,0,1,0
BRDA:35,1,0,0
BRDA:35,1,1,0
BRDA:47,2,0,0
BRDA:47,2,1,0
BRDA:48,3,0,0
BRDA:48,3,1,0
BRDA:50,4,0,0
BRDA:50,4,1,0
BRDA:57,5,0,0
BRDA:57,5,1,0
BRDA:57,6,0,0
BRDA:57,6,1,0
BRDA:68,7,0,0
BRDA:68,7,1,0
BRDA:98,8,0,0
BRDA:98,8,1,0
BRDA:139,9,0,0
BRDA:139,9,1,0
BRDA:167,10,0,0
BRDA:167,10,1,0
BRDA:167,11,0,0
BRDA:167,11,1,0
BRDA:171,12,0,0
BRDA:171,12,1,0
BRDA:213,13,0,0
BRDA:213,13,1,0
BRDA:215,14,0,0
BRDA:215,14,1,0
BRDA:236,15,0,0
BRDA:236,15,1,0
BRDA:237,16,0,0
BRDA:237,16,1,0
BRDA:254,17,0,0
BRDA:254,17,1,0
BRF:36
BRH:0
end_of_record
TN:
SF:/Users/mikeanguandia/Desktop/tembea/src/helpers/RouteServiceHelper.js
FN:3,(anonymous_0)
FN:7,(anonymous_1)
FN:13,(anonymous_2)
FN:20,(anonymous_3)
FN:26,(anonymous_4)
FN:34,(anonymous_5)
FN:50,(anonymous_6)
FNF:7
FNH:0
FNDA:0,(anonymous_0)
FNDA:0,(anonymous_1)
FNDA:0,(anonymous_2)
FNDA:0,(anonymous_3)
FNDA:0,(anonymous_4)
FNDA:0,(anonymous_5)
FNDA:0,(anonymous_6)
DA:4,0
DA:8,0
DA:9,0
DA:10,0
DA:14,0
DA:15,0
DA:16,0
DA:17,0
DA:21,0
DA:22,0
DA:23,0
DA:27,0
DA:28,0
DA:29,0
DA:31,0
DA:35,0
DA:53,0
DA:54,0
LF:18
LH:0
BRDA:4,0,0,0
BRDA:4,0,1,0
BRDA:4,0,2,0
BRDA:8,1,0,0
BRDA:8,1,1,0
BRDA:14,2,0,0
BRDA:14,2,1,0
BRDA:21,3,0,0
BRDA:21,3,1,0
BRDA:27,4,0,0
BRDA:27,4,1,0
BRDA:35,5,0,0
BRDA:35,5,1,0
BRDA:64,6,0,0
BRDA:64,6,1,0
BRF:15
BRH:0
end_of_record
TN:
SF:/Users/mikeanguandia/Desktop/tembea/src/helpers/TripHelper.js
FN:10,(anonymous_7)
FN:18,(anonymous_8)
FN:32,(anonymous_9)
FN:40,(anonymous_10)
FN:61,(anonymous_12)
FN:80,(anonymous_14)
FN:91,(anonymous_15)
FN:95,(anonymous_16)
FN:97,(anonymous_18)
FN:107,(anonymous_19)
FNF:10
FNH:0
FNDA:0,(anonymous_7)
FNDA:0,(anonymous_8)
FNDA:0,(anonymous_9)
FNDA:0,(anonymous_10)
FNDA:0,(anonymous_12)
FNDA:0,(anonymous_14)
FNDA:0,(anonymous_15)
FNDA:0,(anonymous_16)
FNDA:0,(anonymous_18)
FNDA:0,(anonymous_19)
DA:11,0
DA:13,0
DA:14,0
DA:19,0
DA:20,0
DA:21,0
DA:22,0
DA:25,0
DA:26,0
DA:27,0
DA:29,0
DA:33,0
DA:34,0
DA:35,0
DA:37,0
DA:42,0
DA:43,0
DA:44,0
DA:46,0
DA:47,0
DA:48,0
DA:49,0
DA:51,0
DA:52,0
DA:53,0
DA:54,0
DA:55,0
DA:56,0
DA:57,0
DA:58,0
DA:62,0
DA:64,0
DA:65,0
DA:66,0
DA:67,0
DA:68,0
DA:69,0
DA:70,0
DA:72,0
DA:81,0
DA:92,0
DA:96,0
DA:97,0
DA:98,0
DA:99,0
DA:100,0
DA:102,0
DA:103,0
DA:104,0
DA:108,0
DA:109,0
DA:110,0
DA:112,0
DA:113,0
DA:114,0
DA:115,0
DA:116,0
DA:117,0
DA:119,0
LF:59
LH:0
BRDA:11,0,0,0
BRDA:11,0,1,0
BRDA:20,1,0,0
BRDA:20,1,1,0
BRDA:21,2,0,0
BRDA:21,2,1,0
BRDA:25,3,0,0
BRDA:25,3,1,0
BRDA:26,4,0,0
BRDA:26,4,1,0
BRDA:34,5,0,0
BRDA:34,5,1,0
BRDA:41,6,0,0
BRDA:45,7,0,0
BRDA:45,7,1,0
BRDA:46,8,0,0
BRDA:46,8,1,0
BRDA:63,9,0,0
BRDA:63,9,1,0
BRDA:64,10,0,0
BRDA:64,10,1,0
BRDA:112,11,0,0
BRDA:112,11,1,0
BRDA:112,12,0,0
BRDA:112,12,1,0
BRDA:114,13,0,0
BRDA:114,13,1,0
BRDA:114,14,0,0
BRDA:114,14,1,0
BRDA:116,15,0,0
BRDA:116,15,1,0
BRDA:116,16,0,0
BRDA:116,16,1,0
BRF:33
BRH:0
end_of_record
TN:
SF:/Users/mikeanguandia/Desktop/tembea/src/helpers/WhereClauseHelper.js
FN:14,(anonymous_0)
FN:33,(anonymous_1)
FNF:2
FNH:1
FNDA:0,(anonymous_0)
FNDA:2,(anonymous_1)
DA:15,0
DA:16,0
DA:21,0
DA:34,2
DA:35,0
DA:50,2
LF:6
LH:2
BRDA:15,0,0,0
BRDA:15,0,1,0
BRDA:34,1,0,0
BRDA:34,1,1,2
BRF:4
BRH:1
end_of_record
TN:
SF:/Users/mikeanguandia/Desktop/tembea/src/helpers/apiVersionHelper.ts
FN:3,(anonymous_0)
FNF:1
FNH:0
FNDA:0,(anonymous_0)
DA:4,0
DA:5,0
LF:2
LH:0
BRDA:5,0,0,0
BRDA:5,0,1,0
BRF:2
BRH:0
end_of_record
TN:
SF:/Users/mikeanguandia/Desktop/tembea/src/helpers/bugsnagHelper.ts
FN:11,(anonymous_0)
FN:29,(anonymous_1)
FN:36,(anonymous_2)
FN:44,(anonymous_3)
FN:50,(anonymous_4)
FN:56,(anonymous_5)
FN:65,(anonymous_6)
FN:69,(anonymous_7)
FN:73,(anonymous_8)
FNF:9
FNH:6
FNDA:11,(anonymous_0)
FNDA:11,(anonymous_1)
FNDA:8,(anonymous_2)
FNDA:2,(anonymous_3)
FNDA:2,(anonymous_4)
FNDA:10,(anonymous_5)
FNDA:0,(anonymous_6)
FNDA:0,(anonymous_7)
FNDA:0,(anonymous_8)
DA:11,11
DA:12,11
DA:13,11
DA:14,11
DA:16,11
DA:18,11
DA:25,11
DA:30,11
DA:31,11
DA:37,8
DA:39,8
DA:41,0
DA:45,2
DA:46,2
DA:51,2
DA:52,2
DA:57,10
DA:58,10
DA:59,0
DA:61,0
DA:66,0
DA:70,0
DA:74,0
DA:78,11
LF:24
LH:18
BRDA:11,0,0,11
BRDA:16,1,0,11
BRDA:16,1,1,0
BRDA:16,2,0,11
BRDA:16,2,1,11
BRDA:29,3,0,11
BRDA:32,4,0,0
BRDA:32,4,1,11
BRDA:37,5,0,8
BRDA:37,5,1,0
BRDA:45,6,0,2
BRDA:45,6,1,0
BRDA:51,7,0,2
BRDA:51,7,1,0
BRDA:57,8,0,10
BRDA:57,8,1,0
BRDA:59,9,0,0
BRDA:59,9,1,0
BRF:18
BRH:10
end_of_record
TN:
SF:/Users/mikeanguandia/Desktop/tembea/src/helpers/cleanData.js
FN:2,(anonymous_0)
FN:5,(anonymous_1)
FN:11,(anonymous_2)
FNF:3
FNH:0
FNDA:0,(anonymous_0)
FNDA:0,(anonymous_1)
FNDA:0,(anonymous_2)
DA:3,0
DA:5,0
DA:6,0
DA:7,0
DA:9,0
DA:11,0
DA:13,0
DA:15,0
DA:17,0
DA:19,0
LF:10
LH:0
BRDA:6,0,0,0
BRDA:6,0,1,0
BRDA:9,1,0,0
BRDA:9,1,1,0
BRDA:9,2,0,0
BRDA:9,2,1,0
BRDA:9,2,2,0
BRDA:13,3,0,0
BRDA:13,3,1,0
BRDA:13,4,0,0
BRDA:13,4,1,0
BRDA:13,4,2,0
BRF:12
BRH:0
end_of_record
TN:
SF:/Users/mikeanguandia/Desktop/tembea/src/helpers/constants.js
FNF:0
FNH:0
DA:1,12
DA:3,12
DA:5,12
DA:7,12
DA:14,12
DA:19,12
DA:25,12
DA:33,12
DA:145,12
DA:235,12
LF:10
LH:10
BRF:0
BRH:0
end_of_record
TN:
SF:/Users/mikeanguandia/Desktop/tembea/src/helpers/dateHelper.js
FN:4,(anonymous_0)
FN:24,(anonymous_1)
FN:44,(anonymous_2)
FN:51,(anonymous_3)
FN:68,(anonymous_4)
FN:80,(anonymous_5)
FN:89,(anonymous_6)
FN:100,(anonymous_7)
FN:117,(anonymous_8)
FN:124,(anonymous_9)
FN:129,(anonymous_10)
FN:134,(anonymous_11)
FN:148,(anonymous_12)
FN:158,(anonymous_13)
FN:164,(anonymous_14)
FN:173,(anonymous_15)
FN:187,(anonymous_16)
FNF:17
FNH:0
FNDA:0,(anonymous_0)
FNDA:0,(anonymous_1)
FNDA:0,(anonymous_2)
FNDA:0,(anonymous_3)
FNDA:0,(anonymous_4)
FNDA:0,(anonymous_5)
FNDA:0,(anonymous_6)
FNDA:0,(anonymous_7)
FNDA:0,(anonymous_8)
FNDA:0,(anonymous_9)
FNDA:0,(anonymous_10)
FNDA:0,(anonymous_11)
FNDA:0,(anonymous_12)
FNDA:0,(anonymous_13)
FNDA:0,(anonymous_14)
FNDA:0,(anonymous_15)
FNDA:0,(anonymous_16)
DA:5,0
DA:6,0
DA:25,0
DA:39,0
DA:44,0
DA:52,0
DA:53,0
DA:54,0
DA:59,0
DA:69,0
DA:81,0
DA:91,0
DA:93,0
DA:94,0
DA:95,0
DA:97,0
DA:101,0
DA:102,0
DA:103,0
DA:104,0
DA:107,0
DA:111,0
DA:113,0
DA:114,0
DA:118,0
DA:121,0
DA:125,0
DA:126,0
DA:130,0
DA:131,0
DA:135,0
DA:136,0
DA:149,0
DA:150,0
DA:151,0
DA:154,0
DA:159,0
DA:160,0
DA:161,0
DA:165,0
DA:166,0
DA:168,0
DA:170,0
DA:174,0
DA:175,0
DA:176,0
DA:177,0
DA:179,0
DA:181,0
DA:188,0
DA:190,0
LF:51
LH:0
BRDA:113,0,0,0
BRDA:113,0,1,0
BRDA:126,1,0,0
BRDA:126,1,1,0
BRDA:126,2,0,0
BRDA:126,2,1,0
BRDA:136,3,0,0
BRDA:136,3,1,0
BRDA:168,4,0,0
BRDA:168,4,1,0
BRF:10
BRH:0
end_of_record
TN:
SF:/Users/mikeanguandia/Desktop/tembea/src/helpers/errorHandler.js
FN:2,(anonymous_0)
FN:9,(anonymous_1)
FN:15,(anonymous_2)
FNF:3
FNH:3
FNDA:7,(anonymous_0)
FNDA:9,(anonymous_1)
FNDA:23,(anonymous_2)
DA:3,7
DA:4,7
DA:5,7
DA:6,7
DA:10,9
DA:11,5
DA:16,23
DA:17,23
DA:18,23
LF:9
LH:9
BRDA:2,0,0,1
BRDA:9,1,0,2
BRDA:10,2,0,5
BRDA:10,2,1,4
BRDA:16,3,0,23
BRDA:16,3,1,12
BRF:6
BRH:6
end_of_record
TN:
SF:/Users/mikeanguandia/Desktop/tembea/src/helpers/providerHelper.js
FN:5,(anonymous_1)
FN:16,(anonymous_2)
FN:23,(anonymous_3)
FN:40,(anonymous_4)
FN:41,(anonymous_5)
FN:56,(anonymous_6)
FNF:6
FNH:2
FNDA:0,(anonymous_1)
FNDA:6,(anonymous_2)
FNDA:0,(anonymous_3)
FNDA:0,(anonymous_4)
FNDA:0,(anonymous_5)
FNDA:4,(anonymous_6)
DA:6,0
DA:7,0
DA:9,0
DA:10,0
DA:11,0
DA:13,0
DA:17,6
DA:24,0
DA:41,0
DA:42,0
DA:43,0
DA:47,0
DA:57,4
DA:58,4
DA:59,4
DA:60,4
DA:61,4
DA:62,4
DA:64,4
LF:19
LH:8
BRDA:7,0,0,0
BRDA:7,0,1,0
BRDA:58,1,0,4
BRDA:58,1,1,1
BRDA:59,2,0,4
BRDA:59,2,1,1
BRDA:60,3,0,4
BRDA:60,3,1,3
BRF:8
BRH:6
end_of_record
TN:
SF:/Users/mikeanguandia/Desktop/tembea/src/helpers/removeDataValues.js
FN:2,(anonymous_0)
FN:7,(anonymous_1)
FN:14,(anonymous_2)
FN:15,(anonymous_3)
FNF:4
FNH:0
FNDA:0,(anonymous_0)
FNDA:0,(anonymous_1)
FNDA:0,(anonymous_2)
FNDA:0,(anonymous_3)
DA:3,0
DA:8,0
DA:10,0
DA:11,0
DA:13,0
DA:14,0
DA:16,0
DA:20,0
LF:8
LH:0
BRDA:3,0,0,0
BRDA:3,0,1,0
BRDA:3,0,2,0
BRDA:3,0,3,0
BRDA:8,1,0,0
BRDA:8,1,1,0
BRDA:10,2,0,0
BRDA:10,2,1,0
BRDA:17,3,0,0
BRDA:17,3,1,0
BRF:10
BRH:0
end_of_record
TN:
SF:/Users/mikeanguandia/Desktop/tembea/src/helpers/responseHelper.js
FN:2,(anonymous_0)
FN:11,(anonymous_1)
FNF:2
FNH:2
FNDA:3,(anonymous_0)
FNDA:3,(anonymous_1)
DA:3,3
DA:11,9
DA:12,3
LF:3
LH:3
BRF:0
BRH:0
end_of_record
TN:
SF:/Users/mikeanguandia/Desktop/tembea/src/helpers/sendDialogTryCatch.js
FN:4,(anonymous_7)
FN:4,(anonymous_8)
FNF:2
FNH:0
FNDA:0,(anonymous_7)
FNDA:0,(anonymous_8)
DA:4,0
DA:5,0
DA:6,0
DA:8,0
DA:9,0
LF:5
LH:0
BRF:0
BRH:0
end_of_record
TN:
SF:/Users/mikeanguandia/Desktop/tembea/src/helpers/sequelizePaginationHelper.js
FN:5,(anonymous_7)
FN:11,(anonymous_8)
FN:15,(anonymous_9)
FN:26,(anonymous_10)
FN:45,(anonymous_11)
FN:55,(anonymous_13)
FN:64,(anonymous_15)
FN:75,(anonymous_17)
FN:92,(anonymous_19)
FN:95,(anonymous_20)
FNF:10
FNH:0
FNDA:0,(anonymous_7)
FNDA:0,(anonymous_8)
FNDA:0,(anonymous_9)
FNDA:0,(anonymous_10)
FNDA:0,(anonymous_11)
FNDA:0,(anonymous_13)
FNDA:0,(anonymous_15)
FNDA:0,(anonymous_17)
FNDA:0,(anonymous_19)
FNDA:0,(anonymous_20)
DA:6,0
DA:7,0
DA:8,0
DA:12,0
DA:16,0
DA:17,0
DA:19,0
DA:20,0
DA:27,0
DA:28,0
DA:29,0
DA:30,0
DA:31,0
DA:33,0
DA:34,0
DA:36,0
DA:37,0
DA:38,0
DA:39,0
DA:40,0
DA:42,0
DA:46,0
DA:47,0
DA:51,0
DA:52,0
DA:56,0
DA:57,0
DA:58,0
DA:59,0
DA:65,0
DA:66,0
DA:67,0
DA:76,0
DA:77,0
DA:81,0
DA:82,0
DA:83,0
DA:84,0
DA:85,0
DA:93,0
DA:95,0
DA:96,0
DA:99,0
DA:103,3
LF:44
LH:1
BRDA:5,0,0,0
BRDA:16,1,0,0
BRDA:16,1,1,0
BRDA:16,2,0,0
BRDA:16,2,1,0
BRDA:21,3,0,0
BRDA:21,3,1,0
BRDA:22,4,0,0
BRDA:22,4,1,0
BRDA:27,5,0,0
BRDA:27,5,1,0
BRDA:30,6,0,0
BRDA:30,6,1,0
BRDA:30,7,0,0
BRDA:30,7,1,0
BRDA:33,8,0,0
BRDA:33,8,1,0
BRDA:46,9,0,0
BRDA:46,9,1,0
BRDA:48,10,0,0
BRDA:48,10,1,0
BRDA:52,11,0,0
BRDA:52,11,1,0
BRDA:55,12,0,0
BRDA:64,13,0,0
BRDA:66,14,0,0
BRDA:66,14,1,0
BRDA:75,15,0,0
BRDA:75,16,0,0
BRDA:93,17,0,0
BRDA:93,17,1,0
BRDA:93,18,0,0
BRDA:93,18,1,0
BRDA:96,19,0,0
BRDA:96,19,1,0
BRDA:96,20,0,0
BRDA:96,20,1,0
BRF:37
BRH:0
end_of_record
TN:
SF:/Users/mikeanguandia/Desktop/tembea/src/helpers/email/email.template.ts
FN:30,(anonymous_0)
FNF:1
FNH:0
FNDA:0,(anonymous_0)
DA:3,9
DA:9,9
DA:31,0
DA:38,0
DA:39,0
DA:104,0
LF:6
LH:2
BRDA:76,0,0,0
BRDA:76,0,1,0
BRF:2
BRH:0
end_of_record
TN:
SF:/Users/mikeanguandia/Desktop/tembea/src/helpers/email/weeklyReportSender.ts
FN:10,(anonymous_7)
FN:14,(anonymous_8)
FN:24,(anonymous_10)
FN:31,(anonymous_12)
FNF:4
FNH:4
FNDA:1,(anonymous_7)
FNDA:1,(anonymous_8)
FNDA:1,(anonymous_10)
FNDA:1,(anonymous_12)
DA:11,1
DA:15,1
DA:16,1
DA:17,1
DA:18,1
DA:20,0
DA:25,1
DA:26,1
DA:27,1
DA:28,1
DA:32,1
DA:33,1
DA:41,0
LF:13
LH:11
BRDA:32,0,0,1
BRDA:32,0,1,0
BRF:2
BRH:1
end_of_record
TN:
SF:/Users/mikeanguandia/Desktop/tembea/src/helpers/googleMaps/busStopValidation.js
FN:4,(anonymous_0)
FNF:1
FNH:0
FNDA:0,(anonymous_0)
DA:4,2
DA:5,0
DA:6,0
DA:9,0
DA:11,0
DA:12,0
DA:15,0
DA:17,0
DA:19,0
DA:20,0
LF:10
LH:1
BRDA:5,0,0,0
BRDA:5,0,1,0
BRDA:5,1,0,0
BRDA:5,1,1,0
BRDA:11,2,0,0
BRDA:11,2,1,0
BRDA:11,3,0,0
BRDA:11,3,1,0
BRDA:17,4,0,0
BRDA:17,4,1,0
BRDA:19,5,0,0
BRDA:19,5,1,0
BRF:12
BRH:0
end_of_record
TN:
SF:/Users/mikeanguandia/Desktop/tembea/src/helpers/googleMaps/googleMapsError.js
FN:2,(anonymous_0)
FN:6,(anonymous_1)
FN:10,(anonymous_2)
FNF:3
FNH:0
FNDA:0,(anonymous_0)
FNDA:0,(anonymous_1)
FNDA:0,(anonymous_2)
DA:3,0
DA:7,0
DA:11,0
DA:12,0
LF:4
LH:0
BRF:0
BRH:0
end_of_record
TN:
SF:/Users/mikeanguandia/Desktop/tembea/src/helpers/googleMaps/googleMapsHelpers.js
FN:9,(anonymous_7)
FN:9,(anonymous_8)
FN:23,(anonymous_9)
FN:33,(anonymous_10)
FN:49,(anonymous_11)
FN:62,(anonymous_13)
FN:72,(anonymous_15)
FN:78,(anonymous_17)
FN:87,(anonymous_19)
FN:93,(anonymous_21)
FN:117,(anonymous_23)
FN:124,(anonymous_25)
FN:145,(anonymous_26)
FNF:13
FNH:0
FNDA:0,(anonymous_7)
FNDA:0,(anonymous_8)
FNDA:0,(anonymous_9)
FNDA:0,(anonymous_10)
FNDA:0,(anonymous_11)
FNDA:0,(anonymous_13)
FNDA:0,(anonymous_15)
FNDA:0,(anonymous_17)
FNDA:0,(anonymous_19)
FNDA:0,(anonymous_21)
FNDA:0,(anonymous_23)
FNDA:0,(anonymous_25)
FNDA:0,(anonymous_26)
DA:9,2
DA:10,0
DA:11,0
DA:12,0
DA:13,0
DA:15,0
DA:24,0
DA:25,0
DA:26,0
DA:34,0
DA:50,0
DA:51,0
DA:52,0
DA:53,0
DA:55,0
DA:57,0
DA:58,0
DA:63,0
DA:65,0
DA:66,0
DA:67,0
DA:69,0
DA:73,0
DA:74,0
DA:75,0
DA:80,0
DA:81,0
DA:83,0
DA:84,0
DA:88,0
DA:89,0
DA:90,0
DA:94,0
DA:95,0
DA:96,0
DA:101,0
DA:107,0
DA:108,0
DA:111,0
DA:113,0
DA:118,0
DA:121,0
DA:125,0
DA:126,0
DA:127,0
DA:128,0
DA:146,0
DA:147,0
DA:148,0
DA:149,0
DA:150,0
DA:151,0
LF:52
LH:1
BRDA:12,0,0,0
BRDA:12,0,1,0
BRDA:23,1,0,0
BRDA:23,2,0,0
BRDA:49,3,0,0
BRDA:52,4,0,0
BRDA:52,4,1,0
BRDA:66,5,0,0
BRDA:66,5,1,0
BRDA:80,6,0,0
BRDA:80,6,1,0
BRDA:82,7,0,0
BRDA:82,7,1,0
BRDA:83,8,0,0
BRDA:83,8,1,0
BRDA:89,9,0,0
BRDA:89,9,1,0
BRDA:96,10,0,0
BRDA:96,10,1,0
BRDA:109,11,0,0
BRDA:109,11,1,0
BRDA:126,12,0,0
BRDA:126,12,1,0
BRDA:128,13,0,0
BRDA:128,13,1,0
BRDA:145,14,0,0
BRDA:145,15,0,0
BRDA:147,16,0,0
BRDA:147,16,1,0
BRF:29
BRH:0
end_of_record
TN:
SF:/Users/mikeanguandia/Desktop/tembea/src/helpers/googleMaps/index.js
FN:2,(anonymous_0)
FN:6,(anonymous_1)
FNF:2
FNH:0
FNDA:0,(anonymous_0)
FNDA:0,(anonymous_1)
DA:3,0
DA:7,0
DA:8,0
DA:14,0
LF:4
LH:0
BRDA:7,0,0,0
BRDA:7,0,1,0
BRF:2
BRH:0
end_of_record
TN:
SF:/Users/mikeanguandia/Desktop/tembea/src/helpers/googleMaps/locationsMapHelpers.js
FN:19,(anonymous_7)
FN:21,(anonymous_8)
FN:25,(anonymous_9)
FN:35,(anonymous_10)
FN:48,(anonymous_11)
FN:52,(anonymous_12)
FN:58,(anonymous_13)
FN:60,(anonymous_14)
FN:67,(anonymous_15)
FN:70,(anonymous_17)
FN:80,(anonymous_18)
FN:94,(anonymous_20)
FN:103,(anonymous_22)
FN:123,(anonymous_23)
FN:131,(anonymous_25)
FN:141,(anonymous_27)
FN:168,(anonymous_29)
FN:187,(anonymous_31)
FNF:18
FNH:0
FNDA:0,(anonymous_7)
FNDA:0,(anonymous_8)
FNDA:0,(anonymous_9)
FNDA:0,(anonymous_10)
FNDA:0,(anonymous_11)
FNDA:0,(anonymous_12)
FNDA:0,(anonymous_13)
FNDA:0,(anonymous_14)
FNDA:0,(anonymous_15)
FNDA:0,(anonymous_17)
FNDA:0,(anonymous_18)
FNDA:0,(anonymous_20)
FNDA:0,(anonymous_22)
FNDA:0,(anonymous_23)
FNDA:0,(anonymous_25)
FNDA:0,(anonymous_27)
FNDA:0,(anonymous_29)
FNDA:0,(anonymous_31)
DA:19,2
DA:22,0
DA:26,0
DA:29,0
DA:30,0
DA:31,0
DA:32,0
DA:39,0
DA:40,0
DA:41,0
DA:43,0
DA:45,0
DA:49,0
DA:53,0
DA:54,0
DA:55,0
DA:59,0
DA:60,0
DA:61,0
DA:62,0
DA:63,0
DA:68,0
DA:69,0
DA:70,0
DA:73,0
DA:74,0
DA:75,0
DA:77,0
DA:82,0
DA:83,0
DA:84,0
DA:85,0
DA:86,0
DA:87,0
DA:88,0
DA:90,0
DA:95,0
DA:96,0
DA:97,0
DA:99,0
DA:102,0
DA:103,0
DA:106,0
DA:108,0
DA:109,0
DA:110,0
DA:112,0
DA:115,0
DA:116,0
DA:118,0
DA:119,0
DA:126,0
DA:127,0
DA:128,0
DA:132,0
DA:133,0
DA:136,0
DA:142,0
DA:143,0
DA:144,0
DA:145,0
DA:146,0
DA:149,0
DA:150,0
DA:151,0
DA:153,0
DA:154,0
DA:155,0
DA:156,0
DA:157,0
DA:158,0
DA:161,0
DA:163,0
DA:164,0
DA:169,0
DA:170,0
DA:171,0
DA:173,0
DA:174,0
DA:179,0
DA:183,0
DA:188,0
DA:189,0
DA:194,0
DA:197,0
LF:85
LH:1
BRDA:30,0,0,0
BRDA:30,0,1,0
BRDA:31,1,0,0
BRDA:31,1,1,0
BRDA:40,2,0,0
BRDA:40,2,1,0
BRDA:49,3,0,0
BRDA:49,3,1,0
BRDA:69,4,0,0
BRDA:69,4,1,0
BRDA:69,5,0,0
BRDA:69,5,1,0
BRDA:110,6,0,0
BRDA:110,6,1,0
BRDA:132,7,0,0
BRDA:132,7,1,0
BRDA:144,8,0,0
BRDA:144,8,1,0
BRDA:173,9,0,0
BRDA:173,9,1,0
BRF:20
BRH:0
end_of_record
TN:
SF:/Users/mikeanguandia/Desktop/tembea/src/helpers/slack/slackHelpers.js
FN:12,(anonymous_7)
FN:20,(anonymous_9)
FN:29,(anonymous_11)
FN:41,(anonymous_13)
FN:48,(anonymous_15)
FN:69,(anonymous_17)
FN:83,(anonymous_19)
FN:85,(anonymous_20)
FN:90,(anonymous_21)
FN:95,(anonymous_23)
FN:119,(anonymous_25)
FNF:11
FNH:0
FNDA:0,(anonymous_7)
FNDA:0,(anonymous_9)
FNDA:0,(anonymous_11)
FNDA:0,(anonymous_13)
FNDA:0,(anonymous_15)
FNDA:0,(anonymous_17)
FNDA:0,(anonymous_19)
FNDA:0,(anonymous_20)
FNDA:0,(anonymous_21)
FNDA:0,(anonymous_23)
FNDA:0,(anonymous_25)
DA:13,0
DA:14,0
DA:17,0
DA:21,0
DA:22,0
DA:23,0
DA:24,0
DA:25,0
DA:26,0
DA:30,0
DA:31,0
DA:32,0
DA:33,0
DA:35,0
DA:36,0
DA:37,0
DA:38,0
DA:42,0
DA:45,0
DA:49,0
DA:50,0
DA:52,0
DA:54,0
DA:55,0
DA:58,0
DA:60,0
DA:61,0
DA:62,0
DA:63,0
DA:66,0
DA:70,0
DA:71,0
DA:72,0
DA:78,0
DA:80,0
DA:84,0
DA:85,0
DA:87,0
DA:91,0
DA:92,0
DA:96,0
DA:97,0
DA:98,0
DA:100,0
DA:101,0
DA:103,0
DA:104,0
DA:106,0
DA:107,0
DA:110,0
DA:120,0
DA:121,0
LF:52
LH:0
BRDA:15,0,0,0
BRDA:15,0,1,0
BRDA:22,1,0,0
BRDA:22,1,1,0
BRDA:32,2,0,0
BRDA:32,2,1,0
BRDA:32,3,0,0
BRDA:32,3,1,0
BRDA:54,4,0,0
BRDA:54,4,1,0
BRDA:60,5,0,0
BRDA:60,5,1,0
BRDA:60,6,0,0
BRDA:60,6,1,0
BRDA:60,6,2,0
BRDA:63,7,0,0
BRDA:63,7,1,0
BRDA:78,8,0,0
BRDA:78,8,1,0
BRDA:83,9,0,0
BRDA:97,10,0,0
BRDA:97,10,1,0
BRDA:100,11,0,0
BRDA:100,11,1,0
BRDA:103,12,0,0
BRDA:103,12,1,0
BRDA:106,13,0,0
BRDA:106,13,1,0
BRF:28
BRH:0
end_of_record
TN:
SF:/Users/mikeanguandia/Desktop/tembea/src/helpers/slack/updatePastMessageHelper.js
FN:5,(anonymous_7)
FN:14,(anonymous_9)
FN:30,(anonymous_11)
FN:44,(anonymous_13)
FNF:4
FNH:0
FNDA:0,(anonymous_7)
FNDA:0,(anonymous_9)
FNDA:0,(anonymous_11)
FNDA:0,(anonymous_13)
DA:6,0
DA:7,0
DA:8,0
DA:10,0
DA:15,0
DA:16,0
DA:23,0
DA:24,0
DA:26,0
DA:31,0
DA:32,0
DA:37,0
DA:38,0
DA:40,0
DA:45,0
LF:15
LH:0
BRF:0
BRH:0
end_of_record
TN:
SF:/Users/mikeanguandia/Desktop/tembea/src/helpers/slack/ScheduleTripInputHandlers/index.js
FN:1,(anonymous_0)
FN:3,(anonymous_1)
FNF:2
FNH:0
FNDA:0,(anonymous_0)
FNDA:0,(anonymous_1)
DA:1,9
DA:3,9
DA:4,0
DA:5,0
LF:4
LH:2
BRDA:3,0,0,0
BRDA:4,1,0,0
BRDA:4,1,1,0
BRF:3
BRH:0
end_of_record
TN:
SF:/Users/mikeanguandia/Desktop/tembea/src/helpers/slack/SlackPaginationHelper/index.js
FN:8,(anonymous_0)
FN:42,(anonymous_1)
FN:46,(anonymous_2)
FNF:3
FNH:0
FNDA:0,(anonymous_0)
FNDA:0,(anonymous_1)
FNDA:0,(anonymous_2)
DA:5,9
DA:9,0
DA:11,0
DA:14,0
DA:18,0
DA:21,0
DA:23,0
DA:24,0
DA:25,0
DA:26,0
DA:29,0
DA:30,0
DA:31,0
DA:32,0
DA:35,0
DA:39,0
DA:43,0
DA:47,0
LF:18
LH:1
BRDA:5,0,0,9
BRDA:5,0,1,0
BRDA:23,1,0,0
BRDA:23,1,1,0
BRDA:29,2,0,0
BRDA:29,2,1,0
BRDA:47,3,0,0
BRDA:47,3,1,0
BRF:8
BRH:1
end_of_record
TN:
SF:/Users/mikeanguandia/Desktop/tembea/src/helpers/slack/UserInputValidator/InputValidator.js
FN:4,(anonymous_0)
FN:8,(anonymous_1)
FN:12,(anonymous_2)
FN:13,(anonymous_3)
FN:24,(anonymous_4)
FNF:5
FNH:0
FNDA:0,(anonymous_0)
FNDA:0,(anonymous_1)
FNDA:0,(anonymous_2)
FNDA:0,(anonymous_3)
FNDA:0,(anonymous_4)
DA:5,0
DA:9,0
DA:13,0
DA:14,0
DA:15,0
DA:16,0
DA:21,0
DA:25,0
DA:28,0
DA:29,0
DA:33,0
LF:11
LH:0
BRDA:9,0,0,0
BRDA:9,0,1,0
BRDA:15,1,0,0
BRDA:15,1,1,0
BRDA:28,2,0,0
BRDA:28,2,1,0
BRF:6
BRH:0
end_of_record
TN:
SF:/Users/mikeanguandia/Desktop/tembea/src/helpers/slack/UserInputValidator/Validators.js
FN:34,(anonymous_0)
FN:49,(anonymous_1)
FN:57,(anonymous_2)
FN:68,(anonymous_3)
FN:75,(anonymous_4)
FN:82,(anonymous_5)
FN:92,(anonymous_6)
FN:102,(anonymous_7)
FN:110,(anonymous_8)
FN:118,(anonymous_9)
FN:127,(anonymous_10)
FN:139,(anonymous_11)
FN:147,(anonymous_12)
FN:151,(anonymous_13)
FN:158,(anonymous_14)
FN:162,(anonymous_15)
FN:175,(anonymous_16)
FNF:17
FNH:0
FNDA:0,(anonymous_0)
FNDA:0,(anonymous_1)
FNDA:0,(anonymous_2)
FNDA:0,(anonymous_3)
FNDA:0,(anonymous_4)
FNDA:0,(anonymous_5)
FNDA:0,(anonymous_6)
FNDA:0,(anonymous_7)
FNDA:0,(anonymous_8)
FNDA:0,(anonymous_9)
FNDA:0,(anonymous_10)
FNDA:0,(anonymous_11)
FNDA:0,(anonymous_12)
FNDA:0,(anonymous_13)
FNDA:0,(anonymous_14)
FNDA:0,(anonymous_15)
FNDA:0,(anonymous_16)
DA:7,9
DA:35,0
DA:37,0
DA:39,0
DA:40,0
DA:43,0
DA:44,0
DA:46,0
DA:50,0
DA:51,0
DA:52,0
DA:54,0
DA:58,0
DA:59,0
DA:60,0
DA:61,0
DA:63,0
DA:69,0
DA:70,0
DA:72,0
DA:76,0
DA:77,0
DA:79,0
DA:83,0
DA:84,0
DA:89,0
DA:93,0
DA:94,0
DA:95,0
DA:96,0
DA:99,0
DA:103,0
DA:104,0
DA:107,0
DA:111,0
DA:112,0
DA:115,0
DA:119,0
DA:120,0
DA:121,0
DA:124,0
DA:129,0
DA:131,0
DA:132,0
DA:133,0
DA:134,0
DA:135,0
DA:140,0
DA:141,0
DA:142,0
DA:144,0
DA:150,0
DA:151,0
DA:152,0
DA:153,0
DA:154,0
DA:155,0
DA:157,0
DA:158,0
DA:159,0
DA:163,0
DA:167,0
DA:168,0
DA:169,0
DA:170,0
DA:172,0
DA:176,0
DA:177,0
DA:178,0
DA:181,0
LF:70
LH:1
BRDA:39,0,0,0
BRDA:39,0,1,0
BRDA:40,1,0,0
BRDA:40,1,1,0
BRDA:43,2,0,0
BRDA:43,2,1,0
BRDA:43,3,0,0
BRDA:43,3,1,0
BRDA:51,4,0,0
BRDA:51,4,1,0
BRDA:60,5,0,0
BRDA:60,5,1,0
BRDA:69,6,0,0
BRDA:69,6,1,0
BRDA:76,7,0,0
BRDA:76,7,1,0
BRDA:76,8,0,0
BRDA:76,8,1,0
BRDA:83,9,0,0
BRDA:83,9,1,0
BRDA:83,10,0,0
BRDA:83,10,1,0
BRDA:92,11,0,0
BRDA:93,12,0,0
BRDA:93,12,1,0
BRDA:95,13,0,0
BRDA:95,13,1,0
BRDA:103,14,0,0
BRDA:103,14,1,0
BRDA:110,15,0,0
BRDA:111,16,0,0
BRDA:111,16,1,0
BRDA:120,17,0,0
BRDA:120,17,1,0
BRDA:129,18,0,0
BRDA:129,18,1,0
BRDA:131,19,0,0
BRDA:131,19,1,0
BRDA:135,20,0,0
BRDA:135,20,1,0
BRDA:141,21,0,0
BRDA:141,21,1,0
BRDA:153,22,0,0
BRDA:153,22,1,0
BRDA:167,23,0,0
BRDA:167,23,1,0
BRDA:177,24,0,0
BRDA:177,24,1,0
BRF:48
BRH:0
end_of_record
TN:
SF:/Users/mikeanguandia/Desktop/tembea/src/helpers/slack/UserInputValidator/index.js
FN:11,(anonymous_7)
FN:21,(anonymous_9)
FN:43,(anonymous_10)
FN:69,(anonymous_11)
FN:83,(anonymous_12)
FN:112,(anonymous_14)
FN:129,(anonymous_15)
FN:137,(anonymous_16)
FN:159,(anonymous_17)
FN:181,(anonymous_19)
FN:195,(anonymous_20)
FN:204,(anonymous_21)
FN:215,(anonymous_22)
FN:226,(anonymous_23)
FN:237,(anonymous_24)
FN:247,(anonymous_25)
FN:259,(anonymous_26)
FN:269,(anonymous_27)
FNF:18
FNH:0
FNDA:0,(anonymous_7)
FNDA:0,(anonymous_9)
FNDA:0,(anonymous_10)
FNDA:0,(anonymous_11)
FNDA:0,(anonymous_12)
FNDA:0,(anonymous_14)
FNDA:0,(anonymous_15)
FNDA:0,(anonymous_16)
FNDA:0,(anonymous_17)
FNDA:0,(anonymous_19)
FNDA:0,(anonymous_20)
FNDA:0,(anonymous_21)
FNDA:0,(anonymous_22)
FNDA:0,(anonymous_23)
FNDA:0,(anonymous_24)
FNDA:0,(anonymous_25)
FNDA:0,(anonymous_26)
FNDA:0,(anonymous_27)
DA:12,0
DA:14,0
DA:18,0
DA:22,0
DA:23,0
DA:26,0
DA:27,0
DA:34,0
DA:35,0
DA:40,0
DA:44,0
DA:47,0
DA:48,0
DA:49,0
DA:50,0
DA:53,0
DA:54,0
DA:56,0
DA:57,0
DA:59,0
DA:60,0
DA:61,0
DA:63,0
DA:66,0
DA:70,0
DA:71,0
DA:73,0
DA:75,0
DA:76,0
DA:80,0
DA:85,0
DA:86,0
DA:89,0
DA:90,0
DA:91,0
DA:92,0
DA:94,0
DA:96,0
DA:97,0
DA:104,0
DA:105,0
DA:106,0
DA:109,0
DA:113,0
DA:114,0
DA:115,0
DA:118,0
DA:119,0
DA:120,0
DA:124,0
DA:126,0
DA:130,0
DA:131,0
DA:132,0
DA:134,0
DA:140,0
DA:141,0
DA:143,0
DA:144,0
DA:145,0
DA:152,0
DA:153,0
DA:156,0
DA:160,0
DA:161,0
DA:163,0
DA:164,0
DA:166,0
DA:167,0
DA:168,0
DA:169,0
DA:170,0
DA:175,0
DA:177,0
DA:185,0
DA:186,0
DA:187,0
DA:188,0
DA:189,0
DA:190,0
DA:191,0
DA:192,0
DA:196,0
DA:197,0
DA:198,0
DA:199,0
DA:200,0
DA:201,0
DA:205,0
DA:208,0
DA:209,0
DA:210,0
DA:211,0
DA:212,0
DA:216,0
DA:217,0
DA:218,0
DA:227,0
DA:228,0
DA:229,0
DA:238,0
DA:239,0
DA:249,0
DA:250,0
DA:251,0
DA:253,0
DA:254,0
DA:256,0
DA:260,0
DA:266,0
DA:267,0
DA:268,0
DA:269,0
DA:270,0
DA:271,0
DA:272,0
DA:273,0
DA:274,0
DA:276,0
DA:278,0
LF:120
LH:0
BRDA:24,0,0,0
BRDA:24,0,1,0
BRDA:26,1,0,0
BRDA:26,1,1,0
BRDA:26,2,0,0
BRDA:26,2,1,0
BRDA:34,3,0,0
BRDA:34,3,1,0
BRDA:34,4,0,0
BRDA:34,4,1,0
BRDA:75,5,0,0
BRDA:75,5,1,0
BRDA:86,6,0,0
BRDA:86,6,1,0
BRDA:113,7,0,0
BRDA:113,7,1,0
BRDA:159,8,0,0
BRDA:161,9,0,0
BRDA:161,9,1,0
BRDA:161,9,2,0
BRDA:197,10,0,0
BRDA:197,10,1,0
BRDA:198,11,0,0
BRDA:198,11,1,0
BRDA:216,12,0,0
BRDA:216,12,1,0
BRDA:217,13,0,0
BRDA:217,13,1,0
BRDA:217,14,0,0
BRDA:217,14,1,0
BRDA:228,15,0,0
BRDA:228,15,1,0
BRDA:238,16,0,0
BRDA:238,16,1,0
BRDA:250,17,0,0
BRDA:250,17,1,0
BRDA:250,18,0,0
BRDA:250,18,1,0
BRDA:253,19,0,0
BRDA:253,19,1,0
BRDA:253,20,0,0
BRDA:253,20,1,0
BRDA:267,21,0,0
BRDA:267,21,1,0
BRDA:268,22,0,0
BRDA:268,22,1,0
BRDA:270,23,0,0
BRDA:270,23,1,0
BRDA:270,24,0,0
BRDA:270,24,1,0
BRDA:271,25,0,0
BRDA:271,25,1,0
BRF:52
BRH:0
end_of_record
TN:
SF:/Users/mikeanguandia/Desktop/tembea/src/helpers/slack/UserInputValidator/managerFormValidator.js
FN:7,(anonymous_0)
FN:15,(anonymous_1)
FN:27,(anonymous_2)
FN:41,(anonymous_3)
FN:47,(anonymous_4)
FN:52,(anonymous_5)
FNF:6
FNH:0
FNDA:0,(anonymous_0)
FNDA:0,(anonymous_1)
FNDA:0,(anonymous_2)
FNDA:0,(anonymous_3)
FNDA:0,(anonymous_4)
FNDA:0,(anonymous_5)
DA:8,0
DA:9,0
DA:10,0
DA:12,0
DA:16,0
DA:17,0
DA:18,0
DA:19,0
DA:20,0
DA:24,0
DA:28,0
DA:29,0
DA:30,0
DA:31,0
DA:32,0
DA:33,0
DA:34,0
DA:38,0
DA:42,0
DA:48,0
DA:49,0
DA:53,0
DA:54,0
DA:55,0
DA:57,0
DA:58,0
DA:59,0
DA:61,0
LF:28
LH:0
BRDA:9,0,0,0
BRDA:9,0,1,0
BRDA:9,1,0,0
BRDA:9,1,1,0
BRDA:19,2,0,0
BRDA:19,2,1,0
BRDA:32,3,0,0
BRDA:32,3,1,0
BRDA:33,4,0,0
BRDA:33,4,1,0
BRDA:33,5,0,0
BRDA:33,5,1,0
BRDA:57,6,0,0
BRDA:57,6,1,0
BRF:14
BRH:0
end_of_record
TN:
SF:/Users/mikeanguandia/Desktop/tembea/src/helpers/slack/createDialogForm/index.js
FN:8,(anonymous_7)
FN:13,(anonymous_8)
FNF:2
FNH:0
FNDA:0,(anonymous_7)
FNDA:0,(anonymous_8)
DA:13,0
DA:14,0
DA:15,0
DA:16,0
DA:17,0
DA:18,0
DA:19,0
DA:20,0
DA:21,0
LF:9
LH:0
BRDA:12,0,0,0
BRF:1
BRH:0
end_of_record
TN:
SF:/Users/mikeanguandia/Desktop/tembea/src/helpers/slack/createTripDetailsForm/index.js
FN:8,(anonymous_0)
FN:8,(anonymous_1)
FN:19,(anonymous_2)
FN:36,(anonymous_3)
FN:46,(anonymous_4)
FN:71,(anonymous_5)
FN:93,(anonymous_6)
FN:105,(anonymous_7)
FN:109,(anonymous_8)
FN:128,(anonymous_9)
FN:135,(anonymous_10)
FNF:11
FNH:0
FNDA:0,(anonymous_0)
FNDA:0,(anonymous_1)
FNDA:0,(anonymous_2)
FNDA:0,(anonymous_3)
FNDA:0,(anonymous_4)
FNDA:0,(anonymous_5)
FNDA:0,(anonymous_6)
FNDA:0,(anonymous_7)
FNDA:0,(anonymous_8)
FNDA:0,(anonymous_9)
FNDA:0,(anonymous_10)
DA:8,9
DA:13,9
DA:15,9
DA:18,9
DA:20,0
DA:23,0
DA:26,0
DA:29,0
DA:37,0
DA:39,0
DA:41,0
DA:47,0
DA:49,0
DA:54,0
DA:59,0
DA:64,0
DA:72,0
DA:76,0
DA:80,0
DA:83,0
DA:86,0
DA:94,0
DA:97,0
DA:100,0
DA:106,0
DA:108,0
DA:109,0
DA:111,0
DA:119,0
DA:121,0
DA:129,0
DA:131,0
DA:136,0
DA:139,0
LF:34
LH:4
BRDA:130,0,0,0
BRDA:130,0,1,0
BRF:2
BRH:0
end_of_record
TN:
SF:/Users/mikeanguandia/Desktop/tembea/src/helpers/slack/navButtons/index.js
FN:5,(anonymous_0)
FNF:1
FNH:0
FNDA:0,(anonymous_0)
DA:6,0
DA:7,0
DA:8,0
DA:9,0
DA:10,0
DA:11,0
DA:13,0
LF:7
LH:0
BRDA:5,0,0,0
BRDA:8,1,0,0
BRDA:8,1,1,0
BRF:3
BRH:0
end_of_record
TN:
SF:/Users/mikeanguandia/Desktop/tembea/src/helpers/slack/searchButton/index.js
FN:5,(anonymous_0)
FNF:1
FNH:0
FNDA:0,(anonymous_0)
DA:6,0
DA:7,0
DA:10,0
DA:12,0
LF:4
LH:0
BRF:0
BRH:0
end_of_record
TN:
SF:/Users/mikeanguandia/Desktop/tembea/src/middlewares/AddressValidator.js
FN:14,(anonymous_7)
FN:25,(anonymous_8)
FN:29,(anonymous_9)
FN:39,(anonymous_11)
FNF:4
FNH:0
FNDA:0,(anonymous_7)
FNDA:0,(anonymous_8)
FNDA:0,(anonymous_9)
FNDA:0,(anonymous_11)
DA:15,0
DA:26,0
DA:30,0
DA:31,0
DA:32,0
DA:33,0
DA:34,0
DA:36,0
DA:40,0
DA:41,0
DA:42,0
DA:43,0
DA:44,0
DA:46,0
LF:14
LH:0
BRDA:32,0,0,0
BRDA:32,0,1,0
BRDA:42,1,0,0
BRDA:42,1,1,0
BRF:4
BRH:0
end_of_record
TN:
SF:/Users/mikeanguandia/Desktop/tembea/src/middlewares/CabsValidator.js
FN:5,(anonymous_7)
FN:9,(anonymous_8)
FN:14,(anonymous_10)
FNF:3
FNH:0
FNDA:0,(anonymous_7)
FNDA:0,(anonymous_8)
FNDA:0,(anonymous_10)
DA:6,0
DA:10,0
DA:15,0
LF:3
LH:0
BRF:0
BRH:0
end_of_record
TN:
SF:/Users/mikeanguandia/Desktop/tembea/src/middlewares/CleanRequestBody.js
FN:4,(anonymous_0)
FNF:1
FNH:0
FNDA:0,(anonymous_0)
DA:5,0
DA:6,0
DA:8,0
LF:3
LH:0
BRDA:5,0,0,0
BRDA:5,0,1,0
BRF:2
BRH:0
end_of_record
TN:
SF:/Users/mikeanguandia/Desktop/tembea/src/middlewares/CountryValidator.js
FN:15,(anonymous_7)
FN:26,(anonymous_8)
FN:45,(anonymous_10)
FN:69,(anonymous_12)
FN:86,(anonymous_14)
FN:107,(anonymous_16)
FNF:6
FNH:0
FNDA:0,(anonymous_7)
FNDA:0,(anonymous_8)
FNDA:0,(anonymous_10)
FNDA:0,(anonymous_12)
FNDA:0,(anonymous_14)
FNDA:0,(anonymous_16)
DA:16,0
DA:27,0
DA:28,0
DA:29,0
DA:30,0
DA:31,0
DA:32,0
DA:35,0
DA:47,0
DA:48,0
DA:49,0
DA:50,0
DA:51,0
DA:52,0
DA:54,0
DA:55,0
DA:57,0
DA:59,0
DA:70,0
DA:71,0
DA:72,0
DA:73,0
DA:74,0
DA:76,0
DA:87,0
DA:88,0
DA:89,0
DA:90,0
DA:91,0
DA:92,0
DA:93,0
DA:95,0
DA:97,0
DA:108,0
LF:34
LH:0
BRDA:27,0,0,0
BRDA:27,0,1,0
BRDA:31,1,0,0
BRDA:31,1,1,0
BRDA:47,2,0,0
BRDA:47,2,1,0
BRDA:51,3,0,0
BRDA:51,3,1,0
BRDA:54,4,0,0
BRDA:54,4,1,0
BRDA:72,5,0,0
BRDA:72,5,1,0
BRDA:89,6,0,0
BRDA:89,6,1,0
BRDA:92,7,0,0
BRDA:92,7,1,0
BRF:16
BRH:0
end_of_record
TN:
SF:/Users/mikeanguandia/Desktop/tembea/src/middlewares/DriversValidator.js
FN:20,(anonymous_7)
FN:42,(anonymous_8)
FN:44,(anonymous_9)
FN:65,(anonymous_10)
FN:96,(anonymous_12)
FN:108,(anonymous_14)
FN:119,(anonymous_16)
FNF:7
FNH:0
FNDA:0,(anonymous_7)
FNDA:0,(anonymous_8)
FNDA:0,(anonymous_9)
FNDA:0,(anonymous_10)
FNDA:0,(anonymous_12)
FNDA:0,(anonymous_14)
FNDA:0,(anonymous_16)
DA:21,0
DA:22,0
DA:24,0
DA:25,0
DA:29,0
DA:31,0
DA:43,0
DA:44,0
DA:45,0
DA:46,0
DA:47,0
DA:49,0
DA:51,0
DA:66,0
DA:67,0
DA:68,0
DA:69,0
DA:70,0
DA:71,0
DA:73,0
DA:74,0
DA:75,0
DA:79,0
DA:81,0
DA:83,0
DA:85,0
DA:97,0
DA:109,0
DA:110,0
DA:111,0
DA:112,0
DA:113,0
DA:116,0
DA:120,0
DA:122,0
DA:124,0
DA:125,0
DA:126,0
DA:127,0
DA:128,0
DA:130,0
DA:131,0
DA:134,0
DA:135,0
DA:136,0
LF:45
LH:0
BRDA:24,0,0,0
BRDA:24,0,1,0
BRDA:45,1,0,0
BRDA:45,1,1,0
BRDA:45,2,0,0
BRDA:45,2,1,0
BRDA:74,3,0,0
BRDA:74,3,1,0
BRDA:112,4,0,0
BRDA:112,4,1,0
BRDA:122,5,0,0
BRDA:122,5,1,0
BRDA:124,6,0,0
BRDA:124,6,1,0
BRDA:126,7,0,0
BRDA:126,7,1,0
BRDA:135,8,0,0
BRDA:135,8,1,0
BRF:18
BRH:0
end_of_record
TN:
SF:/Users/mikeanguandia/Desktop/tembea/src/middlewares/GeneralValidator.js
FN:14,(anonymous_8)
FN:24,(anonymous_9)
FN:29,(anonymous_10)
FN:37,(anonymous_11)
FN:43,(anonymous_12)
FN:54,(anonymous_13)
FN:74,(anonymous_14)
FN:81,(anonymous_15)
FN:83,(anonymous_16)
FN:92,(anonymous_17)
FN:99,(anonymous_18)
FN:104,(anonymous_19)
FN:113,(anonymous_20)
FN:117,(anonymous_21)
FN:123,(anonymous_22)
FN:146,(anonymous_23)
FN:173,(anonymous_25)
FNF:17
FNH:1
FNDA:0,(anonymous_8)
FNDA:0,(anonymous_9)
FNDA:0,(anonymous_10)
FNDA:0,(anonymous_11)
FNDA:0,(anonymous_12)
FNDA:0,(anonymous_13)
FNDA:0,(anonymous_14)
FNDA:0,(anonymous_15)
FNDA:0,(anonymous_16)
FNDA:0,(anonymous_17)
FNDA:0,(anonymous_18)
FNDA:0,(anonymous_19)
FNDA:0,(anonymous_20)
FNDA:0,(anonymous_21)
FNDA:0,(anonymous_22)
FNDA:0,(anonymous_23)
FNDA:9,(anonymous_25)
DA:9,9
DA:11,9
DA:15,0
DA:17,0
DA:18,0
DA:20,0
DA:21,0
DA:25,0
DA:26,0
DA:30,0
DA:31,0
DA:32,0
DA:34,0
DA:39,0
DA:40,0
DA:44,0
DA:45,0
DA:46,0
DA:51,0
DA:55,0
DA:57,0
DA:58,0
DA:63,0
DA:75,0
DA:76,0
DA:78,0
DA:82,0
DA:84,0
DA:85,0
DA:86,0
DA:88,0
DA:93,0
DA:94,0
DA:100,0
DA:101,0
DA:105,0
DA:106,0
DA:107,0
DA:109,0
DA:110,0
DA:114,0
DA:118,0
DA:124,0
DA:125,0
DA:127,0
DA:131,0
DA:133,0
DA:147,0
DA:148,0
DA:149,0
DA:151,0
DA:152,0
DA:154,0
DA:155,0
DA:157,0
DA:158,0
DA:174,9
DA:175,9
DA:176,4
DA:177,4
DA:183,5
DA:184,0
DA:185,0
DA:186,0
DA:188,5
DA:189,0
DA:190,0
DA:192,5
DA:193,5
LF:69
LH:10
BRDA:17,0,0,0
BRDA:17,0,1,0
BRDA:31,1,0,0
BRDA:31,1,1,0
BRDA:45,2,0,0
BRDA:45,2,1,0
BRDA:57,3,0,0
BRDA:57,3,1,0
BRDA:57,4,0,0
BRDA:57,4,1,0
BRDA:75,5,0,0
BRDA:75,5,1,0
BRDA:75,6,0,0
BRDA:75,6,1,0
BRDA:85,7,0,0
BRDA:85,7,1,0
BRDA:85,8,0,0
BRDA:85,8,1,0
BRDA:95,9,0,0
BRDA:95,9,1,0
BRDA:106,10,0,0
BRDA:106,10,1,0
BRDA:106,11,0,0
BRDA:106,11,1,0
BRDA:119,12,0,0
BRDA:119,12,1,0
BRDA:119,12,2,0
BRDA:127,13,0,0
BRDA:127,13,1,0
BRDA:128,14,0,0
BRDA:128,14,1,0
BRDA:173,15,0,9
BRDA:173,16,0,9
BRDA:175,17,0,4
BRDA:175,17,1,5
BRDA:183,18,0,0
BRDA:183,18,1,5
BRDA:188,19,0,0
BRDA:188,19,1,5
BRF:39
BRH:6
end_of_record
TN:
SF:/Users/mikeanguandia/Desktop/tembea/src/middlewares/HomeBaseFilterValidator.js
FN:4,(anonymous_7)
FN:11,(anonymous_9)
FNF:2
FNH:0
FNDA:0,(anonymous_7)
FNDA:0,(anonymous_9)
DA:5,0
DA:6,0
DA:7,0
DA:10,0
DA:11,0
DA:13,0
DA:14,0
DA:17,0
LF:8
LH:0
BRDA:6,0,0,0
BRDA:6,0,1,0
BRDA:13,1,0,0
BRDA:13,1,1,0
BRF:4
BRH:0
end_of_record
TN:
SF:/Users/mikeanguandia/Desktop/tembea/src/middlewares/HomebaseValidator.js
FN:19,(anonymous_7)
FN:39,(anonymous_9)
FN:50,(anonymous_10)
FN:62,(anonymous_11)
FN:74,(anonymous_12)
FN:93,(anonymous_14)
FNF:6
FNH:0
FNDA:0,(anonymous_7)
FNDA:0,(anonymous_9)
FNDA:0,(anonymous_10)
FNDA:0,(anonymous_11)
FNDA:0,(anonymous_12)
FNDA:0,(anonymous_14)
DA:20,0
DA:21,0
DA:22,0
DA:23,0
DA:24,0
DA:25,0
DA:29,0
DA:40,0
DA:51,0
DA:63,0
DA:75,0
DA:76,0
DA:77,0
DA:79,0
DA:80,0
DA:81,0
DA:83,0
DA:94,0
DA:95,0
DA:97,0
DA:98,0
DA:100,0
DA:101,0
LF:23
LH:0
BRDA:21,0,0,0
BRDA:21,0,1,0
BRDA:24,1,0,0
BRDA:24,1,1,0
BRDA:76,2,0,0
BRDA:76,2,1,0
BRDA:79,3,0,0
BRDA:79,3,1,0
BRDA:97,4,0,0
BRDA:97,4,1,0
BRDA:97,5,0,0
BRDA:97,5,1,0
BRF:12
BRH:0
end_of_record
TN:
SF:/Users/mikeanguandia/Desktop/tembea/src/middlewares/ProviderValidator.js
FN:15,(anonymous_7)
FN:27,(anonymous_8)
FN:39,(anonymous_9)
FN:50,(anonymous_10)
FN:70,(anonymous_12)
FNF:5
FNH:0
FNDA:0,(anonymous_7)
FNDA:0,(anonymous_8)
FNDA:0,(anonymous_9)
FNDA:0,(anonymous_10)
FNDA:0,(anonymous_12)
DA:16,0
DA:28,0
DA:40,0
DA:51,0
DA:52,0
DA:53,0
DA:54,0
DA:56,0
DA:71,0
DA:73,0
DA:74,0
DA:75,0
DA:76,0
DA:78,0
DA:79,0
DA:82,0
LF:16
LH:0
BRDA:53,0,0,0
BRDA:53,0,1,0
BRDA:73,1,0,0
BRDA:73,1,1,0
BRF:4
BRH:0
end_of_record
TN:
SF:/Users/mikeanguandia/Desktop/tembea/src/middlewares/RouteRequestValidator.js
FN:13,(anonymous_7)
FN:27,(anonymous_8)
FN:35,(anonymous_9)
FNF:3
FNH:0
FNDA:0,(anonymous_7)
FNDA:0,(anonymous_8)
FNDA:0,(anonymous_9)
DA:14,0
DA:15,0
DA:18,0
DA:28,0
DA:29,0
DA:30,0
DA:32,0
DA:37,0
DA:38,0
DA:39,0
DA:41,0
LF:11
LH:0
BRDA:14,0,0,0
BRDA:14,0,1,0
BRDA:29,1,0,0
BRDA:29,1,1,0
BRDA:29,2,0,0
BRDA:29,2,1,0
BRDA:38,3,0,0
BRDA:38,3,1,0
BRF:8
BRH:0
end_of_record
TN:
SF:/Users/mikeanguandia/Desktop/tembea/src/middlewares/RouteValidator.js
FN:13,(anonymous_7)
FN:27,(anonymous_8)
FN:35,(anonymous_9)
FN:53,(anonymous_10)
FN:57,(anonymous_11)
FN:70,(anonymous_13)
FN:83,(anonymous_15)
FN:87,(anonymous_16)
FN:104,(anonymous_18)
FN:113,(anonymous_19)
FNF:10
FNH:0
FNDA:0,(anonymous_7)
FNDA:0,(anonymous_8)
FNDA:0,(anonymous_9)
FNDA:0,(anonymous_10)
FNDA:0,(anonymous_11)
FNDA:0,(anonymous_13)
FNDA:0,(anonymous_15)
FNDA:0,(anonymous_16)
FNDA:0,(anonymous_18)
FNDA:0,(anonymous_19)
DA:14,0
DA:15,0
DA:16,0
DA:19,0
DA:20,0
DA:21,0
DA:23,0
DA:24,0
DA:28,0
DA:29,0
DA:30,0
DA:32,0
DA:45,0
DA:46,0
DA:47,0
DA:48,0
DA:49,0
DA:54,0
DA:58,0
DA:59,0
DA:60,0
DA:61,0
DA:62,0
DA:63,0
DA:65,0
DA:67,0
DA:71,0
DA:72,0
DA:73,0
DA:74,0
DA:75,0
DA:76,0
DA:78,0
DA:80,0
DA:84,0
DA:88,0
DA:93,0
DA:95,0
DA:96,0
DA:97,0
DA:98,0
DA:100,0
DA:101,0
DA:102,0
DA:103,0
DA:104,0
DA:106,0
DA:107,0
DA:108,0
DA:109,0
DA:110,0
DA:114,0
LF:52
LH:0
BRDA:14,0,0,0
BRDA:14,0,1,0
BRDA:16,1,0,0
BRDA:16,1,1,0
BRDA:16,2,0,0
BRDA:16,2,1,0
BRDA:20,3,0,0
BRDA:20,3,1,0
BRDA:28,4,0,0
BRDA:28,4,1,0
BRDA:28,5,0,0
BRDA:28,5,1,0
BRDA:46,6,0,0
BRDA:46,6,1,0
BRDA:47,7,0,0
BRDA:47,7,1,0
BRDA:48,8,0,0
BRDA:48,8,1,0
BRDA:58,9,0,0
BRDA:58,9,1,0
BRDA:62,10,0,0
BRDA:62,10,1,0
BRDA:71,11,0,0
BRDA:71,11,1,0
BRDA:75,12,0,0
BRDA:75,12,1,0
BRDA:100,13,0,0
BRDA:100,13,1,0
BRDA:100,13,2,0
BRDA:101,14,0,0
BRDA:101,14,1,0
BRDA:101,14,2,0
BRDA:102,15,0,0
BRDA:102,15,1,0
BRDA:102,15,2,0
BRDA:103,16,0,0
BRDA:103,16,1,0
BRDA:103,16,2,0
BRDA:106,17,0,0
BRDA:106,17,1,0
BRDA:107,18,0,0
BRDA:107,18,1,0
BRDA:108,19,0,0
BRDA:108,19,1,0
BRF:44
BRH:0
end_of_record
TN:
SF:/Users/mikeanguandia/Desktop/tembea/src/middlewares/TokenValidator.js
FN:6,(anonymous_7)
FN:20,(anonymous_8)
FN:48,(anonymous_10)
FN:72,(anonymous_11)
FNF:4
FNH:3
FNDA:9,(anonymous_7)
FNDA:9,(anonymous_8)
FNDA:0,(anonymous_10)
FNDA:9,(anonymous_11)
DA:7,9
DA:8,9
DA:21,9
DA:22,9
DA:24,9
DA:25,0
DA:26,0
DA:29,9
DA:30,9
DA:31,9
DA:32,9
DA:34,0
DA:35,0
DA:53,0
DA:54,0
DA:56,0
DA:57,0
DA:58,0
DA:60,0
DA:73,9
DA:74,0
DA:75,0
DA:77,9
DA:78,9
DA:82,9
LF:25
LH:13
BRDA:24,0,0,0
BRDA:24,0,1,9
BRDA:56,1,0,0
BRDA:56,1,1,0
BRDA:73,2,0,0
BRDA:73,2,1,9
BRF:6
BRH:2
end_of_record
TN:
SF:/Users/mikeanguandia/Desktop/tembea/src/middlewares/TripValidator.js
FN:13,(anonymous_7)
FN:34,(anonymous_9)
FN:67,(anonymous_10)
FN:74,(anonymous_11)
FN:92,(anonymous_12)
FN:99,(anonymous_13)
FN:110,(anonymous_14)
FN:113,(anonymous_15)
FN:120,(anonymous_16)
FNF:9
FNH:0
FNDA:0,(anonymous_7)
FNDA:0,(anonymous_9)
FNDA:0,(anonymous_10)
FNDA:0,(anonymous_11)
FNDA:0,(anonymous_12)
FNDA:0,(anonymous_13)
FNDA:0,(anonymous_14)
FNDA:0,(anonymous_15)
FNDA:0,(anonymous_16)
DA:10,9
DA:14,0
DA:16,0
DA:18,0
DA:19,0
DA:21,0
DA:22,0
DA:23,0
DA:24,0
DA:25,0
DA:27,0
DA:28,0
DA:29,0
DA:31,0
DA:35,0
DA:40,0
DA:42,0
DA:45,0
DA:46,0
DA:48,0
DA:49,0
DA:51,0
DA:53,0
DA:55,0
DA:57,0
DA:58,0
DA:60,0
DA:61,0
DA:64,0
DA:68,0
DA:69,0
DA:70,0
DA:76,0
DA:77,0
DA:78,0
DA:79,0
DA:81,0
DA:82,0
DA:83,0
DA:86,0
DA:87,0
DA:89,0
DA:93,0
DA:94,0
DA:95,0
DA:100,0
DA:101,0
DA:102,0
DA:103,0
DA:104,0
DA:105,0
DA:107,0
DA:111,0
DA:112,0
DA:113,0
DA:114,0
DA:115,0
DA:117,0
DA:121,0
LF:59
LH:1
BRDA:18,0,0,0
BRDA:18,0,1,0
BRDA:28,1,0,0
BRDA:28,1,1,0
BRDA:45,2,0,0
BRDA:45,2,1,0
BRDA:60,3,0,0
BRDA:60,3,1,0
BRDA:68,4,0,0
BRDA:68,4,1,0
BRDA:78,5,0,0
BRDA:78,5,1,0
BRDA:82,6,0,0
BRDA:82,6,1,0
BRDA:86,7,0,0
BRDA:86,7,1,0
BRDA:93,8,0,0
BRDA:93,8,1,0
BRDA:94,9,0,0
BRDA:94,9,1,0
BRDA:94,10,0,0
BRDA:94,10,1,0
BRDA:103,11,0,0
BRDA:103,11,1,0
BRDA:104,12,0,0
BRDA:104,12,1,0
BRDA:104,13,0,0
BRDA:104,13,1,0
BRDA:107,14,0,0
BRDA:107,14,1,0
BRDA:112,15,0,0
BRDA:112,15,1,0
BRDA:113,16,0,0
BRDA:113,16,1,0
BRDA:114,17,0,0
BRDA:114,17,1,0
BRF:36
BRH:0
end_of_record
TN:
SF:/Users/mikeanguandia/Desktop/tembea/src/middlewares/UserValidator.js
FN:14,(anonymous_0)
FN:25,(anonymous_1)
FN:29,(anonymous_2)
FN:33,(anonymous_3)
FN:37,(anonymous_4)
FNF:5
FNH:1
FNDA:9,(anonymous_0)
FNDA:0,(anonymous_1)
FNDA:0,(anonymous_2)
FNDA:0,(anonymous_3)
FNDA:0,(anonymous_4)
DA:15,9
DA:26,0
DA:30,0
DA:34,0
DA:38,0
LF:5
LH:1
BRF:0
BRH:0
end_of_record
TN:
SF:/Users/mikeanguandia/Desktop/tembea/src/middlewares/ValidationSchemas.js
FN:225,(anonymous_0)
FN:227,(anonymous_1)
FN:233,(anonymous_2)
FNF:3
FNH:0
FNDA:0,(anonymous_0)
FNDA:0,(anonymous_1)
FNDA:0,(anonymous_2)
DA:21,9
DA:29,9
DA:34,9
DA:52,9
DA:68,9
DA:79,9
DA:85,9
DA:94,9
DA:98,9
DA:104,9
DA:106,9
DA:110,9
DA:116,9
DA:124,9
DA:134,9
DA:144,9
DA:153,9
DA:161,9
DA:170,9
DA:178,9
DA:185,9
DA:187,9
DA:192,9
DA:202,9
DA:209,9
DA:215,9
DA:222,9
DA:225,0
DA:227,0
DA:233,0
DA:237,9
DA:249,9
DA:250,9
LF:33
LH:30
BRF:0
BRH:0
end_of_record
TN:
SF:/Users/mikeanguandia/Desktop/tembea/src/middlewares/mainValidor.js
FN:12,(anonymous_1)
FN:35,(anonymous_2)
FN:43,(anonymous_3)
FN:63,(anonymous_4)
FN:63,(anonymous_5)
FN:71,(anonymous_6)
FNF:6
FNH:1
FNDA:0,(anonymous_1)
FNDA:0,(anonymous_2)
FNDA:0,(anonymous_3)
FNDA:16,(anonymous_4)
FNDA:0,(anonymous_5)
FNDA:0,(anonymous_6)
DA:10,9
DA:12,9
DA:13,0
DA:14,0
DA:15,0
DA:17,0
DA:21,9
DA:35,9
DA:36,0
DA:40,0
DA:42,0
DA:43,0
DA:44,0
DA:45,0
DA:47,0
DA:53,0
DA:63,16
DA:64,0
DA:65,0
DA:70,0
DA:71,0
DA:72,0
DA:73,0
DA:74,0
DA:75,0
DA:76,0
DA:79,0
DA:82,0
DA:89,0
LF:29
LH:5
BRDA:12,0,0,0
BRDA:14,1,0,0
BRDA:14,1,1,0
BRDA:14,2,0,0
BRDA:14,2,1,0
BRDA:14,2,2,0
BRDA:14,2,3,0
BRDA:35,3,0,0
BRDA:42,4,0,0
BRDA:42,4,1,0
BRDA:63,5,0,0
BRDA:65,6,0,0
BRDA:65,6,1,0
BRDA:66,7,0,0
BRDA:66,7,1,0
BRDA:73,8,0,0
BRDA:73,8,1,0
BRF:17
BRH:0
end_of_record
TN:
SF:/Users/mikeanguandia/Desktop/tembea/src/middlewares/slackClientAuth.js
FN:1,(anonymous_0)
FNF:1
FNH:0
FNDA:0,(anonymous_0)
DA:1,2
DA:2,0
DA:5,0
DA:6,0
DA:7,0
DA:12,0
LF:6
LH:1
BRDA:3,0,0,0
BRDA:3,0,1,0
BRDA:6,1,0,0
BRDA:6,1,1,0
BRDA:6,2,0,0
BRDA:6,2,1,0
BRF:6
BRH:0
end_of_record
TN:
SF:/Users/mikeanguandia/Desktop/tembea/src/middlewares/validationSchemasExetension.js
FN:31,(anonymous_0)
FNF:1
FNH:1
FNDA:9,(anonymous_0)
DA:4,9
DA:6,9
DA:7,9
DA:8,9
DA:9,9
DA:10,9
DA:11,9
DA:12,9
DA:13,9
DA:14,9
DA:16,9
DA:18,9
DA:31,9
DA:37,9
DA:40,9
DA:42,9
DA:49,9
DA:57,9
DA:58,9
DA:60,9
DA:67,9
DA:70,9
LF:22
LH:22
BRDA:34,0,0,9
BRDA:34,0,1,0
BRF:2
BRH:1
end_of_record
TN:
SF:/Users/mikeanguandia/Desktop/tembea/src/modules/apiSpec.js
FN:4,(anonymous_0)
FN:34,(anonymous_1)
FN:36,(anonymous_2)
FNF:3
FNH:2
FNDA:4,(anonymous_0)
FNDA:4,(anonymous_1)
FNDA:0,(anonymous_2)
DA:4,4
DA:24,2
DA:29,2
DA:34,2
DA:35,4
DA:36,4
DA:37,0
LF:7
LH:6
BRF:0
BRH:0
end_of_record
TN:
SF:/Users/mikeanguandia/Desktop/tembea/src/modules/index.js
FN:30,(anonymous_0)
FNF:1
FNH:1
FNDA:2,(anonymous_0)
DA:23,2
DA:25,2
DA:30,2
DA:31,2
DA:32,2
DA:33,2
DA:34,2
DA:35,2
DA:36,2
DA:37,2
DA:38,2
DA:39,2
DA:40,2
DA:41,2
DA:42,2
DA:43,2
DA:44,2
DA:45,2
DA:46,2
DA:47,2
DA:48,2
DA:49,2
DA:50,2
DA:51,2
DA:52,2
LF:25
LH:25
BRF:0
BRH:0
end_of_record
TN:
SF:/Users/mikeanguandia/Desktop/tembea/src/modules/index.v2.js
FN:13,(anonymous_0)
FNF:1
FNH:1
FNDA:2,(anonymous_0)
DA:6,2
DA:8,2
DA:13,2
DA:14,2
DA:15,2
DA:16,2
DA:17,2
DA:18,2
LF:8
LH:8
BRF:0
BRH:0
end_of_record
TN:
SF:/Users/mikeanguandia/Desktop/tembea/src/modules/addresses/address.controller.ts
FN:10,(anonymous_7)
FN:20,(anonymous_8)
FN:49,(anonymous_10)
FN:82,(anonymous_12)
FNF:4
FNH:1
FNDA:2,(anonymous_7)
FNDA:0,(anonymous_8)
FNDA:0,(anonymous_10)
FNDA:0,(anonymous_12)
DA:11,2
DA:12,2
DA:21,0
DA:22,0
DA:23,0
DA:24,0
DA:26,0
DA:28,0
DA:29,0
DA:36,0
DA:38,0
DA:39,0
DA:50,0
DA:51,0
DA:52,0
DA:53,0
DA:54,0
DA:61,0
DA:68,0
DA:69,0
DA:71,0
DA:72,0
DA:83,0
DA:84,0
DA:85,0
DA:87,0
DA:88,0
DA:89,0
DA:90,0
DA:93,0
DA:94,0
DA:96,0
DA:97,0
DA:98,0
DA:100,0
DA:101,0
DA:106,2
LF:37
LH:3
BRDA:11,0,0,2
BRDA:12,1,0,2
BRDA:84,2,0,0
BRDA:84,2,1,0
BRDA:85,3,0,0
BRDA:85,3,1,0
BRDA:89,4,0,0
BRDA:89,4,1,0
BRDA:89,5,0,0
BRDA:89,5,1,0
BRF:10
BRH:2
end_of_record
TN:
SF:/Users/mikeanguandia/Desktop/tembea/src/modules/addresses/address.service.ts
FN:10,(anonymous_7)
FN:22,(anonymous_8)
FN:32,(anonymous_10)
FN:37,(anonymous_12)
FN:55,(anonymous_14)
FN:73,(anonymous_16)
FN:99,(anonymous_18)
FN:128,(anonymous_20)
FN:148,(anonymous_22)
FN:154,(anonymous_24)
FN:163,(anonymous_26)
FN:163,(anonymous_27)
FN:167,(anonymous_28)
FN:175,(anonymous_30)
FN:175,(anonymous_31)
FN:179,(anonymous_32)
FN:194,(anonymous_34)
FNF:17
FNH:1
FNDA:9,(anonymous_7)
FNDA:0,(anonymous_8)
FNDA:0,(anonymous_10)
FNDA:0,(anonymous_12)
FNDA:0,(anonymous_14)
FNDA:0,(anonymous_16)
FNDA:0,(anonymous_18)
FNDA:0,(anonymous_20)
FNDA:0,(anonymous_22)
FNDA:0,(anonymous_24)
FNDA:0,(anonymous_26)
FNDA:0,(anonymous_27)
FNDA:0,(anonymous_28)
FNDA:0,(anonymous_30)
FNDA:0,(anonymous_31)
FNDA:0,(anonymous_32)
FNDA:0,(anonymous_34)
DA:12,9
DA:13,9
DA:14,9
DA:15,9
DA:23,0
DA:24,0
DA:25,0
DA:27,0
DA:28,0
DA:33,0
DA:34,0
DA:42,0
DA:43,0
DA:44,0
DA:46,0
DA:48,0
DA:56,0
DA:62,0
DA:63,0
DA:74,0
DA:75,0
DA:76,0
DA:77,0
DA:84,0
DA:86,0
DA:87,0
DA:101,0
DA:102,0
DA:103,0
DA:107,0
DA:115,0
DA:117,0
DA:118,0
DA:132,0
DA:140,0
DA:149,0
DA:151,0
DA:155,0
DA:163,0
DA:164,0
DA:168,0
DA:175,0
DA:176,0
DA:180,0
DA:191,0
DA:195,0
DA:199,0
DA:200,0
DA:204,9
LF:49
LH:5
BRDA:11,0,0,9
BRDA:12,1,0,9
BRDA:13,2,0,9
BRDA:14,3,0,9
BRDA:34,4,0,0
BRDA:34,4,1,0
BRDA:43,5,0,0
BRDA:43,5,1,0
BRDA:104,6,0,0
BRDA:104,6,1,0
BRDA:105,7,0,0
BRDA:105,7,1,0
BRDA:109,8,0,0
BRDA:109,8,1,0
BRF:14
BRH:4
end_of_record
TN:
SF:/Users/mikeanguandia/Desktop/tembea/src/modules/addresses/index.js
FNF:0
FNH:0
DA:7,2
DA:9,2
DA:11,2
DA:53,2
DA:91,2
DA:123,2
LF:6
LH:6
BRF:0
BRH:0
end_of_record
TN:
SF:/Users/mikeanguandia/Desktop/tembea/src/modules/ais/AISController.js
FN:12,(anonymous_7)
FNF:1
FNH:0
FNDA:0,(anonymous_7)
DA:13,0
DA:14,0
DA:15,0
DA:16,0
DA:17,0
DA:22,0
DA:23,0
LF:7
LH:0
BRF:0
BRH:0
end_of_record
TN:
SF:/Users/mikeanguandia/Desktop/tembea/src/modules/ais/index.js
FNF:0
FNH:0
DA:5,2
DA:24,2
LF:2
LH:2
BRF:0
BRH:0
end_of_record
TN:
SF:/Users/mikeanguandia/Desktop/tembea/src/modules/authentication/AuthenticationController.js
FN:19,(anonymous_7)
FNF:1
FNH:0
FNDA:0,(anonymous_7)
DA:20,0
DA:21,0
DA:22,0
DA:23,0
DA:24,0
DA:25,0
DA:26,0
DA:29,0
DA:30,0
DA:36,0
DA:37,0
DA:38,0
DA:42,0
LF:13
LH:0
BRDA:37,0,0,0
BRDA:37,0,1,0
BRF:2
BRH:0
end_of_record
TN:
SF:/Users/mikeanguandia/Desktop/tembea/src/modules/authentication/index.js
FNF:0
FNH:0
DA:5,2
DA:6,2
DA:28,2
LF:3
LH:3
BRF:0
BRH:0
end_of_record
TN:
SF:/Users/mikeanguandia/Desktop/tembea/src/modules/batchUseRecords/batchUseRecord.service.ts
FN:24,(anonymous_7)
FN:148,(anonymous_8)
FN:29,(anonymous_9)
FN:38,(anonymous_11)
FN:42,(anonymous_12)
FN:51,(anonymous_14)
FN:53,(anonymous_16)
FN:53,(anonymous_17)
FN:71,(anonymous_18)
FN:101,(anonymous_20)
FN:115,(anonymous_22)
FN:118,(anonymous_23)
FN:120,(anonymous_24)
FN:169,(anonymous_25)
FNF:14
FNH:1
FNDA:3,(anonymous_7)
FNDA:0,(anonymous_8)
FNDA:0,(anonymous_9)
FNDA:0,(anonymous_11)
FNDA:0,(anonymous_12)
FNDA:0,(anonymous_14)
FNDA:0,(anonymous_16)
FNDA:0,(anonymous_17)
FNDA:0,(anonymous_18)
FNDA:0,(anonymous_20)
FNDA:0,(anonymous_22)
FNDA:0,(anonymous_23)
FNDA:0,(anonymous_24)
FNDA:0,(anonymous_25)
DA:10,3
DA:11,3
DA:25,3
DA:26,3
DA:27,3
DA:30,0
DA:34,0
DA:35,0
DA:39,0
DA:47,0
DA:48,0
DA:52,0
DA:53,0
DA:54,0
DA:58,0
DA:59,0
DA:63,0
DA:65,0
DA:67,0
DA:73,0
DA:75,0
DA:76,0
DA:77,0
DA:80,0
DA:95,0
DA:102,0
DA:107,0
DA:112,0
DA:118,0
DA:121,0
DA:131,0
DA:132,0
DA:148,3
DA:154,0
DA:155,0
DA:171,0
DA:172,0
DA:173,0
DA:174,0
DA:175,0
DA:176,0
DA:180,3
LF:42
LH:7
BRDA:24,0,0,3
BRDA:58,1,0,0
BRDA:58,1,1,0
BRDA:71,2,0,0
BRDA:72,3,0,0
BRDA:77,4,0,0
BRDA:77,4,1,0
BRDA:90,5,0,0
BRDA:90,5,1,0
BRDA:90,6,0,0
BRDA:90,6,1,0
BRDA:121,7,0,0
BRDA:121,7,1,0
BRF:13
BRH:1
end_of_record
TN:
SF:/Users/mikeanguandia/Desktop/tembea/src/modules/cabs/cab.controller.ts
FN:12,(anonymous_7)
FN:16,(anonymous_8)
FN:50,(anonymous_10)
FN:62,(anonymous_12)
FN:89,(anonymous_14)
FNF:5
FNH:5
FNDA:3,(anonymous_7)
FNDA:12,(anonymous_8)
FNDA:2,(anonymous_10)
FNDA:5,(anonymous_12)
FNDA:3,(anonymous_14)
DA:13,3
DA:14,3
DA:17,12
DA:22,12
DA:23,10
DA:27,8
DA:28,7
DA:34,1
DA:38,1
DA:40,4
DA:41,4
DA:51,2
DA:52,2
DA:53,2
DA:54,2
DA:55,2
DA:57,0
DA:58,0
DA:63,5
DA:64,5
DA:65,3
DA:68,3
DA:69,3
DA:70,3
DA:71,3
DA:72,1
DA:76,2
DA:77,2
DA:78,1
DA:80,1
DA:84,2
DA:85,2
DA:90,3
DA:91,3
DA:92,2
DA:93,2
DA:95,2
DA:96,2
DA:97,0
DA:100,2
DA:101,1
DA:102,1
DA:104,1
DA:105,1
DA:107,1
DA:108,1
DA:112,1
LF:47
LH:44
BRDA:14,0,0,3
BRDA:27,1,0,7
BRDA:27,1,1,1
BRDA:71,2,0,1
BRDA:71,2,1,2
BRDA:71,3,0,3
BRDA:71,3,1,2
BRDA:77,4,0,1
BRDA:77,4,1,1
BRDA:96,5,0,0
BRDA:96,5,1,2
BRDA:96,6,0,2
BRDA:96,6,1,2
BRDA:100,7,0,1
BRDA:100,7,1,1
BRF:15
BRH:14
end_of_record
TN:
SF:/Users/mikeanguandia/Desktop/tembea/src/modules/cabs/cab.service.ts
FN:17,(anonymous_7)
FN:21,(anonymous_8)
FN:33,(anonymous_10)
FN:38,(anonymous_12)
FN:49,(anonymous_13)
FN:66,(anonymous_15)
FN:77,(anonymous_17)
FNF:7
FNH:7
FNDA:5,(anonymous_7)
FNDA:18,(anonymous_8)
FNDA:4,(anonymous_10)
FNDA:4,(anonymous_12)
FNDA:5,(anonymous_13)
FNDA:4,(anonymous_15)
FNDA:4,(anonymous_17)
DA:18,5
DA:23,18
DA:29,18
DA:30,16
DA:34,4
DA:35,4
DA:38,4
DA:50,5
DA:55,5
DA:67,4
DA:68,4
DA:69,4
DA:70,2
DA:71,2
DA:73,0
DA:78,4
DA:81,4
LF:17
LH:16
BRDA:49,0,0,1
BRDA:49,1,0,3
BRDA:69,2,0,2
BRDA:69,2,1,2
BRF:4
BRH:4
end_of_record
TN:
SF:/Users/mikeanguandia/Desktop/tembea/src/modules/cabs/index.ts
FNF:0
FNH:0
DA:9,2
DA:11,2
DA:12,2
DA:13,2
DA:15,2
DA:61,2
DA:93,2
DA:135,2
DA:162,2
LF:9
LH:9
BRF:0
BRH:0
end_of_record
TN:
SF:/Users/mikeanguandia/Desktop/tembea/src/modules/countries/country.controller.ts
FN:10,(anonymous_7)
FN:21,(anonymous_8)
FN:49,(anonymous_10)
FN:73,(anonymous_12)
FN:95,(anonymous_14)
FNF:5
FNH:5
FNDA:4,(anonymous_7)
FNDA:3,(anonymous_8)
FNDA:2,(anonymous_10)
FNDA:2,(anonymous_12)
FNDA:5,(anonymous_14)
DA:11,4
DA:12,4
DA:22,3
DA:23,3
DA:24,3
DA:25,2
DA:26,2
DA:27,1
DA:33,1
DA:38,1
DA:39,1
DA:50,2
DA:51,2
DA:52,2
DA:53,1
DA:54,1
DA:55,1
DA:62,1
DA:63,1
DA:74,2
DA:75,2
DA:76,2
DA:77,1
DA:78,1
DA:84,1
DA:85,1
DA:96,5
DA:97,5
DA:98,4
DA:99,4
DA:100,4
DA:101,4
DA:102,4
DA:103,1
DA:105,3
DA:106,3
DA:118,2
DA:119,2
DA:124,3
LF:39
LH:39
BRDA:11,0,0,3
BRDA:12,1,0,3
BRDA:26,2,0,1
BRDA:26,2,1,1
BRDA:77,3,0,1
BRDA:77,3,1,0
BRDA:97,4,0,5
BRDA:97,4,1,2
BRDA:98,5,0,4
BRDA:98,5,1,2
BRDA:99,6,0,4
BRDA:99,6,1,4
BRDA:102,7,0,1
BRDA:102,7,1,3
BRF:14
BRH:13
end_of_record
TN:
SF:/Users/mikeanguandia/Desktop/tembea/src/modules/countries/country.service.ts
FN:9,(anonymous_7)
FN:17,(anonymous_8)
FN:34,(anonymous_10)
FN:48,(anonymous_12)
FN:68,(anonymous_14)
FN:79,(anonymous_16)
FN:99,(anonymous_18)
FN:120,(anonymous_20)
FN:137,(anonymous_22)
FNF:9
FNH:9
FNDA:29,(anonymous_7)
FNDA:165,(anonymous_8)
FNDA:7,(anonymous_10)
FNDA:6,(anonymous_12)
FNDA:1,(anonymous_14)
FNDA:4,(anonymous_16)
FNDA:5,(anonymous_18)
FNDA:1,(anonymous_20)
FNDA:2,(anonymous_22)
DA:10,29
DA:18,165
DA:22,164
DA:35,7
DA:38,6
DA:50,6
DA:58,6
DA:69,1
DA:70,1
DA:80,4
DA:81,4
DA:82,4
DA:84,4
DA:85,3
DA:86,2
DA:87,2
DA:89,0
DA:101,5
DA:102,5
DA:103,5
DA:104,5
DA:109,5
DA:110,3
DA:111,3
DA:121,1
DA:129,1
DA:138,2
DA:139,2
DA:140,2
DA:141,1
DA:143,1
DA:148,11
LF:32
LH:31
BRDA:9,0,0,11
BRDA:34,1,0,7
BRDA:84,2,0,1
BRDA:84,2,1,3
BRDA:85,3,0,1
BRDA:85,3,1,2
BRDA:99,4,0,2
BRDA:100,5,0,1
BRDA:102,6,0,3
BRDA:102,6,1,2
BRDA:103,7,0,4
BRDA:103,7,1,1
BRDA:120,8,0,0
BRDA:120,9,0,1
BRF:14
BRH:13
end_of_record
TN:
SF:/Users/mikeanguandia/Desktop/tembea/src/modules/countries/index.js
FNF:0
FNH:0
DA:7,2
DA:8,2
DA:10,2
DA:39,2
DA:73,2
DA:109,2
DA:138,2
LF:7
LH:7
BRF:0
BRH:0
end_of_record
TN:
SF:/Users/mikeanguandia/Desktop/tembea/src/modules/departments/DepartmentsController.js
FN:12,(anonymous_7)
FN:38,(anonymous_9)
FN:69,(anonymous_11)
FN:98,(anonymous_13)
FN:122,(anonymous_15)
FN:134,(anonymous_17)
FN:149,(anonymous_18)
FN:155,(anonymous_20)
FNF:8
FNH:0
FNDA:0,(anonymous_7)
FNDA:0,(anonymous_9)
FNDA:0,(anonymous_11)
FNDA:0,(anonymous_13)
FNDA:0,(anonymous_15)
FNDA:0,(anonymous_17)
FNDA:0,(anonymous_18)
FNDA:0,(anonymous_20)
DA:13,0
DA:14,0
DA:15,0
DA:17,0
DA:18,0
DA:21,0
DA:29,0
DA:33,0
DA:34,0
DA:43,0
DA:44,0
DA:45,0
DA:46,0
DA:47,0
DA:50,0
DA:52,0
DA:54,0
DA:58,0
DA:59,0
DA:70,0
DA:71,0
DA:72,0
DA:73,0
DA:74,0
DA:76,0
DA:77,0
DA:78,0
DA:80,0
DA:81,0
DA:88,0
DA:99,0
DA:100,0
DA:101,0
DA:104,0
DA:105,0
DA:111,0
DA:112,0
DA:123,0
DA:127,0
DA:128,0
DA:131,0
DA:132,0
DA:134,0
DA:135,0
DA:136,0
DA:137,0
DA:139,0
DA:142,0
DA:144,0
DA:145,0
DA:150,0
DA:151,0
DA:152,0
DA:156,0
DA:157,0
DA:164,0
LF:56
LH:0
BRDA:17,0,0,0
BRDA:17,0,1,0
BRDA:46,1,0,0
BRDA:46,1,1,0
BRDA:72,2,0,0
BRDA:72,2,1,0
BRDA:73,3,0,0
BRDA:73,3,1,0
BRDA:77,4,0,0
BRDA:77,4,1,0
BRDA:104,5,0,0
BRDA:104,5,1,0
BRDA:151,6,0,0
BRDA:151,6,1,0
BRDA:156,7,0,0
BRDA:156,7,1,0
BRF:16
BRH:0
end_of_record
TN:
SF:/Users/mikeanguandia/Desktop/tembea/src/modules/departments/department.service.ts
FN:13,(anonymous_7)
FN:34,(anonymous_8)
FN:38,(anonymous_9)
FN:53,(anonymous_11)
FN:63,(anonymous_13)
FN:84,(anonymous_15)
FN:104,(anonymous_17)
FN:121,(anonymous_19)
FN:130,(anonymous_21)
FN:136,(anonymous_23)
FN:144,(anonymous_25)
FN:151,(anonymous_26)
FN:152,(anonymous_28)
FN:152,(anonymous_29)
FN:159,(anonymous_30)
FNF:15
FNH:1
FNDA:0,(anonymous_7)
FNDA:9,(anonymous_8)
FNDA:0,(anonymous_9)
FNDA:0,(anonymous_11)
FNDA:0,(anonymous_13)
FNDA:0,(anonymous_15)
FNDA:0,(anonymous_17)
FNDA:0,(anonymous_19)
FNDA:0,(anonymous_21)
FNDA:0,(anonymous_23)
FNDA:0,(anonymous_25)
FNDA:0,(anonymous_26)
FNDA:0,(anonymous_28)
FNDA:0,(anonymous_29)
FNDA:0,(anonymous_30)
DA:13,9
DA:14,9
DA:21,9
DA:35,9
DA:39,0
DA:48,0
DA:49,0
DA:50,0
DA:54,0
DA:55,0
DA:56,0
DA:58,0
DA:59,0
DA:64,0
DA:65,0
DA:66,0
DA:67,0
DA:70,0
DA:71,0
DA:73,0
DA:74,0
DA:85,0
DA:105,0
DA:114,0
DA:116,0
DA:117,0
DA:118,0
DA:122,0
DA:123,0
DA:125,0
DA:126,0
DA:127,0
DA:131,0
DA:132,0
DA:133,0
DA:137,0
DA:144,0
DA:152,0
DA:153,0
DA:154,0
DA:156,0
DA:162,0
DA:163,0
DA:164,0
DA:165,0
DA:168,0
DA:169,0
DA:177,0
DA:180,9
LF:49
LH:5
BRDA:34,0,0,9
BRDA:58,1,0,0
BRDA:58,1,1,0
BRDA:66,2,0,0
BRDA:66,2,1,0
BRDA:73,3,0,0
BRDA:73,3,1,0
BRDA:104,4,0,0
BRDA:104,5,0,0
BRDA:121,6,0,0
BRDA:122,7,0,0
BRDA:122,7,1,0
BRDA:137,8,0,0
BRDA:137,8,1,0
BRDA:147,9,0,0
BRDA:147,9,1,0
BRDA:164,10,0,0
BRDA:164,10,1,0
BRDA:168,11,0,0
BRDA:168,11,1,0
BRF:20
BRH:1
end_of_record
TN:
SF:/Users/mikeanguandia/Desktop/tembea/src/modules/departments/index.js
FNF:0
FNH:0
DA:12,2
DA:13,2
DA:14,2
DA:16,2
DA:55,2
DA:97,2
DA:127,2
DA:161,2
DA:197,2
LF:9
LH:9
BRF:0
BRH:0
end_of_record
TN:
SF:/Users/mikeanguandia/Desktop/tembea/src/modules/drivers/DriverController.js
FN:10,(anonymous_7)
FN:24,(anonymous_8)
FN:54,(anonymous_10)
FN:66,(anonymous_12)
FN:88,(anonymous_14)
FNF:5
FNH:5
FNDA:4,(anonymous_7)
FNDA:4,(anonymous_8)
FNDA:1,(anonymous_10)
FNDA:3,(anonymous_12)
FNDA:2,(anonymous_14)
DA:14,4
DA:15,4
DA:25,4
DA:26,4
DA:27,4
DA:28,3
DA:29,1
DA:32,2
DA:33,2
DA:34,1
DA:37,1
DA:40,1
DA:41,1
DA:55,1
DA:56,1
DA:57,1
DA:59,1
DA:60,1
DA:61,1
DA:63,1
DA:67,3
DA:68,3
DA:69,3
DA:70,2
DA:71,1
DA:74,1
DA:77,1
DA:78,1
DA:89,2
DA:90,2
DA:91,2
DA:92,2
DA:93,2
DA:94,1
DA:95,1
DA:97,1
DA:98,1
DA:103,3
LF:38
LH:38
BRDA:11,0,0,3
BRDA:12,1,0,3
BRDA:28,2,0,1
BRDA:28,2,1,2
BRDA:33,3,0,1
BRDA:33,3,1,1
BRDA:60,4,0,1
BRDA:60,4,1,0
BRDA:70,5,0,1
BRDA:70,5,1,1
BRF:10
BRH:9
end_of_record
TN:
SF:/Users/mikeanguandia/Desktop/tembea/src/modules/drivers/driver.service.ts
FN:17,(anonymous_7)
FN:26,(anonymous_8)
FN:49,(anonymous_10)
FN:74,(anonymous_12)
FN:87,(anonymous_14)
FN:111,(anonymous_16)
FN:132,(anonymous_18)
FN:146,(anonymous_20)
FNF:8
FNH:8
FNDA:12,(anonymous_7)
FNDA:3,(anonymous_8)
FNDA:6,(anonymous_10)
FNDA:1,(anonymous_12)
FNDA:2,(anonymous_14)
FNDA:2,(anonymous_16)
FNDA:2,(anonymous_18)
FNDA:1,(anonymous_20)
DA:8,10
DA:18,12
DA:27,3
DA:28,3
DA:29,3
DA:33,3
DA:35,0
DA:50,6
DA:55,6
DA:75,1
DA:76,1
DA:88,2
DA:93,2
DA:112,2
DA:113,2
DA:114,2
DA:115,1
DA:116,1
DA:118,0
DA:133,2
DA:136,2
DA:142,2
DA:143,2
DA:147,1
DA:151,1
DA:155,10
LF:26
LH:24
BRDA:17,0,0,10
BRDA:49,1,0,5
BRDA:49,2,0,5
BRDA:114,3,0,1
BRDA:114,3,1,1
BRDA:134,4,0,2
BRDA:134,4,1,0
BRF:7
BRH:6
end_of_record
TN:
SF:/Users/mikeanguandia/Desktop/tembea/src/modules/drivers/index.js
FNF:0
FNH:0
DA:7,2
DA:8,2
DA:11,2
DA:57,2
DA:91,2
DA:128,2
DA:169,2
LF:7
LH:7
BRF:0
BRH:0
end_of_record
TN:
SF:/Users/mikeanguandia/Desktop/tembea/src/modules/emails/EmailService.ts
FN:6,(anonymous_7)
FN:29,(anonymous_8)
FNF:2
FNH:2
FNDA:1,(anonymous_7)
FNDA:1,(anonymous_8)
DA:7,1
DA:8,1
DA:10,1
DA:11,0
DA:16,0
DA:18,1
DA:30,1
DA:31,0
DA:32,0
DA:34,1
LF:10
LH:6
BRDA:10,0,0,0
BRDA:10,0,1,1
BRDA:10,1,0,1
BRDA:10,1,1,1
BRDA:30,2,0,0
BRDA:30,2,1,1
BRF:6
BRH:4
end_of_record
TN:
SF:/Users/mikeanguandia/Desktop/tembea/src/modules/engagements/engagement.service.ts
FN:5,(anonymous_7)
FN:19,(anonymous_8)
FN:40,(anonymous_10)
FN:51,(anonymous_12)
FNF:4
FNH:4
FNDA:4,(anonymous_7)
FNDA:1,(anonymous_8)
FNDA:3,(anonymous_10)
FNDA:2,(anonymous_12)
DA:6,4
DA:21,1
DA:31,1
DA:41,3
DA:54,2
DA:55,2
DA:56,1
DA:57,1
DA:61,3
LF:9
LH:9
BRDA:5,0,0,3
BRDA:55,1,0,1
BRDA:55,1,1,1
BRF:3
BRH:3
end_of_record
TN:
SF:/Users/mikeanguandia/Desktop/tembea/src/modules/events/app-event.service.ts
FN:12,(anonymous_0)
FN:16,(anonymous_1)
FN:17,(anonymous_2)
FN:18,(anonymous_3)
FN:21,(anonymous_4)
FNF:5
FNH:5
FNDA:10,(anonymous_0)
FNDA:14,(anonymous_1)
FNDA:4,(anonymous_2)
FNDA:2,(anonymous_3)
FNDA:2,(anonymous_4)
DA:13,10
DA:17,14
DA:18,2
DA:24,2
DA:28,10
LF:5
LH:5
BRF:0
BRH:0
end_of_record
TN:
SF:/Users/mikeanguandia/Desktop/tembea/src/modules/events/reports-events.constants.ts
FNF:0
FNH:0
DA:1,1
LF:1
LH:1
BRF:0
BRH:0
end_of_record
TN:
SF:/Users/mikeanguandia/Desktop/tembea/src/modules/events/reports-events.handlers.ts
FN:7,(anonymous_7)
FN:11,(anonymous_8)
FN:15,(anonymous_9)
FNF:3
FNH:3
FNDA:1,(anonymous_7)
FNDA:1,(anonymous_8)
FNDA:1,(anonymous_9)
DA:8,1
DA:12,1
DA:16,1
DA:20,1
LF:4
LH:4
BRF:0
BRH:0
end_of_record
TN:
SF:/Users/mikeanguandia/Desktop/tembea/src/modules/events/route-events.constants.ts
FNF:0
FNH:0
DA:1,9
DA:6,9
LF:2
LH:2
BRF:0
BRH:0
end_of_record
TN:
SF:/Users/mikeanguandia/Desktop/tembea/src/modules/events/route-events.handlers.ts
FN:12,(anonymous_7)
FN:19,(anonymous_8)
FN:28,(anonymous_10)
FN:40,(anonymous_11)
FN:45,(anonymous_13)
FN:49,(anonymous_14)
FN:68,(anonymous_16)
FNF:7
FNH:7
FNDA:1,(anonymous_7)
FNDA:2,(anonymous_8)
FNDA:1,(anonymous_10)
FNDA:2,(anonymous_11)
FNDA:1,(anonymous_13)
FNDA:1,(anonymous_14)
FNDA:1,(anonymous_16)
DA:13,1
DA:14,1
DA:16,1
DA:20,2
DA:21,2
DA:22,1
DA:23,1
DA:24,1
DA:26,1
DA:28,1
DA:29,1
DA:31,1
DA:36,1
DA:41,2
DA:42,2
DA:43,1
DA:45,1
DA:57,1
DA:59,1
DA:60,1
DA:69,1
LF:21
LH:21
BRDA:22,0,0,1
BRDA:22,0,1,0
BRDA:22,1,0,1
BRDA:22,1,1,1
BRDA:42,2,0,1
BRDA:42,2,1,1
BRDA:42,3,0,2
BRDA:42,3,1,1
BRDA:42,3,2,1
BRDA:42,3,3,1
BRF:10
BRH:9
end_of_record
TN:
SF:/Users/mikeanguandia/Desktop/tembea/src/modules/events/travel-events.handlers.ts
FN:6,(anonymous_7)
FN:12,(anonymous_8)
FN:19,(anonymous_9)
FN:27,(anonymous_11)
FNF:4
FNH:4
FNDA:3,(anonymous_7)
FNDA:1,(anonymous_8)
FNDA:2,(anonymous_9)
FNDA:2,(anonymous_11)
DA:6,3
DA:7,3
DA:8,3
DA:13,1
DA:15,1
DA:20,2
DA:21,2
DA:23,1
DA:28,2
DA:29,2
DA:30,2
DA:31,2
DA:33,1
LF:13
LH:13
BRDA:6,0,0,3
BRDA:6,0,1,3
BRF:2
BRH:2
end_of_record
TN:
SF:/Users/mikeanguandia/Desktop/tembea/src/modules/events/trip-events.contants.ts
FNF:0
FNH:0
[...]
DA:220,0
DA:221,0
DA:222,0
DA:223,0
DA:224,0
DA:225,0
DA:226,0
DA:228,0
DA:229,0
LF:107
LH:1
BRDA:32,0,0,0
BRDA:32,0,1,0
BRDA:52,1,0,0
BRDA:52,1,1,0
BRDA:54,2,0,0
BRDA:54,2,1,0
BRDA:54,3,0,0
BRDA:54,3,1,0
BRDA:67,4,0,0
BRDA:67,4,1,0
BRDA:71,5,0,0
BRDA:71,5,1,0
BRDA:84,6,0,0
BRDA:84,6,1,0
BRDA:95,7,0,0
BRDA:95,7,1,0
BRDA:107,8,0,0
BRDA:107,8,1,0
BRDA:113,9,0,0
BRDA:113,9,1,0
BRDA:126,10,0,0
BRDA:126,10,1,0
BRDA:129,11,0,0
BRDA:129,11,1,0
BRDA:138,12,0,0
BRDA:138,12,1,0
BRDA:154,13,0,0
BRDA:154,13,1,0
BRDA:154,14,0,0
BRDA:154,14,1,0
BRDA:170,15,0,0
BRDA:170,15,1,0
BRDA:221,16,0,0
BRDA:221,16,1,0
BRDA:224,17,0,0
BRDA:224,17,1,0
BRF:36
BRH:0
end_of_record
TN:
SF:/Users/mikeanguandia/Desktop/tembea/src/modules/slack/helpers/slackHelpers/TravelTripHelper/previewTripDetailsAttachment.js
FN:4,(anonymous_0)
FNF:1
FNH:0
FNDA:0,(anonymous_0)
DA:9,0
DA:11,0
DA:12,0
DA:14,0
LF:4
LH:0
BRDA:11,0,0,0
BRDA:11,0,1,0
BRDA:12,1,0,0
BRDA:12,1,1,0
BRDA:26,2,0,0
BRDA:26,2,1,0
BRF:6
BRH:0
end_of_record
TN:
SF:/Users/mikeanguandia/Desktop/tembea/src/modules/slack/helpers/slackHelpers/TravelTripHelper/travelHelper.js
FN:18,(anonymous_7)
FN:21,(anonymous_8)
FN:31,(anonymous_10)
FN:49,(anonymous_12)
FN:68,(anonymous_13)
FN:88,(anonymous_14)
FN:93,(anonymous_15)
FN:106,(anonymous_17)
FN:120,(anonymous_18)
FN:130,(anonymous_20)
FN:143,(anonymous_22)
FN:151,(anonymous_24)
FN:166,(anonymous_26)
FNF:13
FNH:0
FNDA:0,(anonymous_7)
FNDA:0,(anonymous_8)
FNDA:0,(anonymous_10)
FNDA:0,(anonymous_12)
FNDA:0,(anonymous_13)
FNDA:0,(anonymous_14)
FNDA:0,(anonymous_15)
FNDA:0,(anonymous_17)
FNDA:0,(anonymous_18)
FNDA:0,(anonymous_20)
FNDA:0,(anonymous_22)
FNDA:0,(anonymous_24)
FNDA:0,(anonymous_26)
DA:18,2
DA:22,0
DA:23,0
DA:24,0
DA:26,0
DA:28,0
DA:32,0
DA:33,0
DA:34,0
DA:35,0
DA:37,0
DA:38,0
DA:40,0
DA:42,0
DA:43,0
DA:44,0
DA:52,0
DA:54,0
DA:55,0
DA:59,0
DA:65,0
DA:69,0
DA:75,0
DA:79,0
DA:80,0
DA:83,0
DA:85,0
DA:89,0
DA:90,0
DA:94,0
DA:95,0
DA:96,0
DA:98,0
DA:99,0
DA:102,0
DA:108,0
DA:109,0
DA:110,0
DA:111,0
DA:113,0
DA:114,0
DA:117,0
DA:121,0
DA:122,0
DA:123,0
DA:124,0
DA:127,0
DA:131,0
DA:132,0
DA:133,0
DA:134,0
DA:135,0
DA:136,0
DA:137,0
DA:139,0
DA:140,0
DA:144,0
DA:145,0
DA:146,0
DA:152,0
DA:154,0
DA:155,0
DA:157,0
DA:158,0
DA:160,0
DA:161,0
DA:167,0
DA:168,0
DA:169,0
DA:170,0
DA:171,0
DA:172,0
DA:173,0
DA:174,0
DA:176,0
DA:177,0
LF:76
LH:1
BRDA:23,0,0,0
BRDA:23,0,1,0
BRDA:33,1,0,0
BRDA:33,1,1,0
BRDA:40,2,0,0
BRDA:40,2,1,0
BRDA:42,3,0,0
BRDA:42,3,1,0
BRDA:42,4,0,0
BRDA:42,4,1,0
BRDA:54,5,0,0
BRDA:54,5,1,0
BRDA:68,6,0,0
BRDA:90,7,0,0
BRDA:90,7,1,0
BRDA:95,8,0,0
BRDA:95,8,1,0
BRDA:109,9,0,0
BRDA:109,9,1,0
BRDA:135,10,0,0
BRDA:135,10,1,0
BRDA:135,11,0,0
BRDA:135,11,1,0
BRDA:153,12,0,0
BRDA:153,12,1,0
BRDA:153,12,2,0
BRDA:153,12,3,0
BRF:27
BRH:0
end_of_record
TN:
SF:/Users/mikeanguandia/Desktop/tembea/src/modules/teamDetails/teamDetails.service.ts
FN:7,(anonymous_7)
FN:10,(anonymous_8)
FN:14,(anonymous_9)
FN:24,(anonymous_11)
FN:39,(anonymous_13)
FN:59,(anonymous_15)
FN:66,(anonymous_17)
FN:76,(anonymous_19)
FNF:8
FNH:1
FNDA:0,(anonymous_7)
FNDA:9,(anonymous_8)
FNDA:0,(anonymous_9)
FNDA:0,(anonymous_11)
FNDA:0,(anonymous_13)
FNDA:0,(anonymous_15)
FNDA:0,(anonymous_17)
FNDA:0,(anonymous_19)
DA:7,9
DA:11,9
DA:15,0
DA:16,0
DA:17,0
DA:19,0
DA:20,0
DA:25,0
DA:26,0
DA:27,0
DA:29,0
DA:30,0
DA:31,0
DA:32,0
DA:34,0
DA:35,0
DA:40,0
DA:41,0
DA:42,0
DA:44,0
DA:45,0
DA:51,0
DA:52,0
DA:54,0
DA:55,0
DA:62,0
DA:63,0
DA:67,0
DA:68,0
DA:69,0
DA:72,0
DA:77,0
DA:78,0
DA:79,0
DA:80,0
DA:82,0
DA:83,0
DA:102,9
LF:38
LH:3
BRDA:10,0,0,9
BRDA:26,1,0,0
BRDA:26,1,1,0
BRDA:41,2,0,0
BRDA:41,2,1,0
BRF:5
BRH:1
end_of_record
TN:
SF:/Users/mikeanguandia/Desktop/tembea/src/modules/trips/TripsController.js
FN:15,(anonymous_7)
FN:41,(anonymous_9)
FN:51,(anonymous_10)
FN:72,(anonymous_11)
FN:85,(anonymous_13)
FN:91,(anonymous_15)
FN:111,(anonymous_17)
FN:132,(anonymous_18)
FN:142,(anonymous_20)
FN:156,(anonymous_21)
FN:180,(anonymous_23)
FNF:11
FNH:0
FNDA:0,(anonymous_7)
FNDA:0,(anonymous_9)
FNDA:0,(anonymous_10)
FNDA:0,(anonymous_11)
FNDA:0,(anonymous_13)
FNDA:0,(anonymous_15)
FNDA:0,(anonymous_17)
FNDA:0,(anonymous_18)
FNDA:0,(anonymous_20)
FNDA:0,(anonymous_21)
FNDA:0,(anonymous_23)
DA:16,0
DA:17,0
DA:18,0
DA:19,0
DA:20,0
DA:21,0
DA:22,0
DA:23,0
DA:26,0
DA:27,0
DA:28,0
DA:37,0
DA:38,0
DA:42,0
DA:43,0
DA:44,0
DA:52,0
DA:53,0
DA:54,0
DA:55,0
DA:56,0
DA:57,0
DA:58,0
DA:60,0
DA:61,0
DA:63,0
DA:75,0
DA:76,0
DA:78,0
DA:79,0
DA:80,0
DA:81,0
DA:82,0
DA:86,0
DA:87,0
DA:88,0
DA:92,0
DA:93,0
DA:94,0
DA:95,0
DA:96,0
DA:101,0
DA:108,0
DA:114,0
DA:115,0
DA:137,0
DA:138,0
DA:142,0
DA:143,0
DA:144,0
DA:145,0
DA:147,0
DA:150,0
DA:153,0
DA:157,0
DA:158,0
DA:159,0
DA:160,0
DA:161,0
DA:164,0
DA:165,0
DA:167,0
DA:168,0
DA:171,0
DA:173,0
DA:176,0
DA:181,0
DA:185,0
DA:186,0
DA:187,0
DA:188,0
DA:189,0
DA:191,0
DA:198,0
DA:201,0
DA:203,0
LF:76
LH:0
BRDA:19,0,0,0
BRDA:19,0,1,0
BRDA:20,1,0,0
BRDA:20,1,1,0
BRDA:54,2,0,0
BRDA:54,2,1,0
BRDA:60,3,0,0
BRDA:60,3,1,0
BRDA:78,4,0,0
BRDA:78,4,1,0
BRDA:81,5,0,0
BRDA:81,5,1,0
BRDA:157,6,0,0
BRDA:157,7,0,0
BRDA:160,8,0,0
BRDA:160,8,1,0
BRDA:167,9,0,0
BRDA:167,9,1,0
BRDA:187,10,0,0
BRDA:187,10,1,0
BRF:20
BRH:0
end_of_record
TN:
SF:/Users/mikeanguandia/Desktop/tembea/src/modules/trips/index.js
FNF:0
FNH:0
DA:7,2
DA:9,2
DA:11,2
DA:76,2
DA:125,2
DA:163,2
DA:191,2
LF:7
LH:7
BRF:0
BRH:0
end_of_record
TN:
SF:/Users/mikeanguandia/Desktop/tembea/src/modules/trips/index.v2.js
FNF:0
FNH:0
DA:9,2
DA:11,2
DA:13,2
DA:38,2
DA:90,2
LF:5
LH:5
BRF:0
BRH:0
end_of_record
TN:
SF:/Users/mikeanguandia/Desktop/tembea/src/modules/trips/schemas.ts
FNF:0
FNH:0
DA:5,2
LF:1
LH:1
BRF:0
BRH:0
end_of_record
TN:
SF:/Users/mikeanguandia/Desktop/tembea/src/modules/trips/trip-detail.service.ts
FN:12,(anonymous_7)
FN:16,(anonymous_8)
FNF:2
FNH:1
FNDA:2,(anonymous_7)
FNDA:0,(anonymous_8)
DA:13,2
DA:17,0
DA:22,0
DA:23,0
DA:27,2
LF:5
LH:2
BRDA:12,0,0,2
BRF:1
BRH:1
end_of_record
TN:
SF:/Users/mikeanguandia/Desktop/tembea/src/modules/trips/trip.service.ts
FN:35,(anonymous_8)
FN:47,(anonymous_9)
FN:89,(anonymous_10)
FN:96,(anonymous_12)
FN:103,(anonymous_14)
FN:122,(anonymous_15)
FN:126,(anonymous_16)
FN:149,(anonymous_17)
FN:157,(anonymous_19)
FN:166,(anonymous_21)
FN:178,(anonymous_23)
FN:188,(anonymous_25)
FN:201,(anonymous_27)
FN:206,(anonymous_29)
FNF:14
FNH:3
FNDA:9,(anonymous_8)
FNDA:2,(anonymous_9)
FNDA:0,(anonymous_10)
FNDA:0,(anonymous_12)
FNDA:0,(anonymous_14)
FNDA:0,(anonymous_15)
FNDA:4,(anonymous_16)
FNDA:0,(anonymous_17)
FNDA:0,(anonymous_19)
FNDA:0,(anonymous_21)
FNDA:0,(anonymous_23)
FNDA:0,(anonymous_25)
FNDA:0,(anonymous_27)
FNDA:0,(anonymous_29)
DA:36,9
DA:38,9
DA:54,2
DA:55,2
DA:57,2
DA:58,2
DA:59,2
DA:60,2
DA:62,2
DA:63,0
DA:71,2
DA:72,2
DA:73,2
DA:74,2
DA:75,2
DA:76,0
DA:86,2
DA:91,0
DA:92,0
DA:93,0
DA:97,0
DA:98,0
DA:99,0
DA:100,0
DA:104,0
DA:105,0
DA:106,0
DA:107,0
DA:108,0
DA:113,0
DA:115,0
DA:116,0
DA:123,0
DA:127,4
DA:128,4
DA:132,4
DA:133,2
DA:134,2
DA:136,4
DA:137,0
DA:138,0
DA:140,4
DA:141,0
DA:143,4
DA:144,2
DA:150,0
DA:151,0
DA:152,0
DA:154,0
DA:158,0
DA:159,0
DA:160,0
DA:162,0
DA:170,0
DA:175,0
DA:179,0
DA:180,0
DA:181,0
DA:182,0
DA:184,0
DA:189,0
DA:193,0
DA:194,0
DA:196,0
DA:197,0
DA:198,0
DA:202,0
DA:203,0
DA:211,0
DA:212,0
DA:213,0
DA:219,0
DA:224,0
DA:234,0
DA:238,9
LF:75
LH:25
BRDA:35,0,0,9
BRDA:57,1,0,2
BRDA:57,1,1,0
BRDA:58,2,0,0
BRDA:58,2,1,2
BRDA:59,3,0,0
BRDA:59,3,1,2
BRDA:62,4,0,0
BRDA:62,4,1,2
BRDA:71,5,0,2
BRDA:71,5,1,0
BRDA:73,6,0,2
BRDA:73,6,1,2
BRDA:75,7,0,0
BRDA:75,7,1,2
BRDA:90,8,0,0
BRDA:103,9,0,0
BRDA:106,10,0,0
BRDA:106,10,1,0
BRDA:106,11,0,0
BRDA:106,11,1,0
BRDA:128,12,0,4
BRDA:128,12,1,2
BRDA:132,13,0,2
BRDA:132,13,1,2
BRDA:136,14,0,0
BRDA:136,14,1,4
BRDA:140,15,0,0
BRDA:140,15,1,4
BRDA:143,16,0,2
BRDA:143,16,1,2
BRDA:143,17,0,4
BRDA:143,17,1,2
BRDA:151,18,0,0
BRDA:151,18,1,0
BRDA:157,19,0,0
BRDA:159,20,0,0
BRDA:159,20,1,0
BRDA:167,21,0,0
BRDA:168,22,0,0
BRDA:212,23,0,0
BRDA:212,23,1,0
BRDA:212,24,0,0
BRDA:212,24,1,0
BRF:44
BRH:19
end_of_record
TN:
SF:/Users/mikeanguandia/Desktop/tembea/src/modules/users/UsersController.js
FN:12,(anonymous_7)
FN:35,(anonymous_9)
FN:71,(anonymous_11)
FNF:3
FNH:1
FNDA:5,(anonymous_7)
FNDA:0,(anonymous_9)
FNDA:0,(anonymous_11)
DA:15,5
DA:16,5
DA:17,5
DA:18,5
DA:19,3
DA:20,3
DA:30,2
DA:31,2
DA:36,0
DA:38,0
DA:40,0
DA:41,0
DA:42,0
DA:43,0
DA:45,0
DA:46,0
DA:49,0
DA:59,0
DA:60,0
DA:72,0
DA:73,0
DA:74,0
DA:76,0
DA:77,0
DA:78,0
DA:81,0
DA:83,0
DA:89,0
DA:90,0
LF:29
LH:8
BRDA:42,0,0,0
BRDA:42,0,1,0
BRDA:73,1,0,0
BRDA:73,1,1,0
BRDA:74,2,0,0
BRDA:74,2,1,0
BRDA:77,3,0,0
BRDA:77,3,1,0
BRF:8
BRH:0
end_of_record
TN:
SF:/Users/mikeanguandia/Desktop/tembea/src/modules/users/index.js
FNF:0
FNH:0
DA:5,2
DA:6,2
DA:8,2
DA:51,2
DA:87,2
DA:119,2
LF:6
LH:6
BRF:0
BRH:0
end_of_record
TN:
SF:/Users/mikeanguandia/Desktop/tembea/src/modules/users/user.service.ts
FN:41,(anonymous_7)
FN:184,(anonymous_8)
FN:184,(anonymous_9)
FN:192,(anonymous_10)
FN:192,(anonymous_11)
FN:203,(anonymous_12)
FN:203,(anonymous_13)
FN:214,(anonymous_14)
FN:215,(anonymous_15)
FN:51,(anonymous_16)
FN:72,(anonymous_18)
FN:83,(anonymous_20)
FN:100,(anonymous_22)
FN:116,(anonymous_24)
FN:126,(anonymous_26)
FN:139,(anonymous_28)
FN:155,(anonymous_30)
FN:224,(anonymous_32)
FN:237,(anonymous_34)
FN:248,(anonymous_36)
FN:256,(anonymous_38)
FN:271,(anonymous_40)
FNF:22
FNH:21
FNDA:10,(anonymous_7)
FNDA:1,(anonymous_8)
FNDA:1,(anonymous_9)
FNDA:2,(anonymous_10)
FNDA:2,(anonymous_11)
FNDA:1,(anonymous_12)
FNDA:1,(anonymous_13)
FNDA:2,(anonymous_14)
FNDA:2,(anonymous_15)
FNDA:4,(anonymous_16)
FNDA:2,(anonymous_18)
FNDA:2,(anonymous_20)
FNDA:2,(anonymous_22)
FNDA:2,(anonymous_24)
FNDA:2,(anonymous_26)
FNDA:1,(anonymous_28)
FNDA:2,(anonymous_30)
FNDA:1,(anonymous_32)
FNDA:2,(anonymous_34)
FNDA:0,(anonymous_36)
FNDA:2,(anonymous_38)
FNDA:2,(anonymous_40)
DA:42,10
DA:43,10
DA:52,4
DA:53,4
DA:56,3
DA:58,1
DA:73,2
DA:74,2
DA:75,2
DA:76,1
DA:78,1
DA:79,0
DA:84,2
DA:88,2
DA:102,2
DA:108,1
DA:117,2
DA:118,2
DA:119,1
DA:120,1
DA:122,1
DA:127,2
DA:129,2
DA:130,2
DA:140,1
DA:149,1
DA:157,2
DA:158,2
DA:159,2
DA:173,2
DA:184,10
DA:192,10
DA:203,10
DA:214,10
DA:215,2
DA:225,1
DA:226,1
DA:227,1
DA:238,2
DA:239,2
DA:240,1
DA:242,1
DA:245,1
DA:249,0
DA:251,0
DA:252,0
DA:253,0
DA:257,2
DA:261,2
DA:272,2
DA:278,2
DA:285,9
LF:52
LH:47
BRDA:41,0,0,9
BRDA:203,1,0,1
BRDA:205,2,0,0
BRDA:205,2,1,1
BRDA:56,3,0,3
BRDA:56,3,1,0
BRDA:78,4,0,1
BRDA:78,4,1,0
BRDA:104,5,0,1
BRDA:104,5,1,0
BRDA:105,6,0,1
BRDA:105,6,1,0
BRDA:106,7,0,1
BRDA:106,7,1,0
BRDA:129,8,0,2
BRDA:129,8,1,2
BRDA:155,9,0,0
BRDA:158,10,0,1
BRDA:158,10,1,1
BRDA:239,11,0,1
BRDA:239,11,1,1
BRDA:251,12,0,0
BRDA:251,12,1,0
BRF:23
BRH:14
end_of_record
TN:
SF:/Users/mikeanguandia/Desktop/tembea/src/modules/verify-provider/index.js
FNF:0
FNH:0
DA:4,2
DA:10,2
LF:2
LH:2
BRF:0
BRH:0
end_of_record
TN:
SF:/Users/mikeanguandia/Desktop/tembea/src/services/AISService.js
FN:9,(anonymous_7)
FN:25,(anonymous_8)
FNF:2
FNH:1
FNDA:2,(anonymous_7)
FNDA:0,(anonymous_8)
DA:11,2
DA:12,2
DA:13,2
DA:26,0
DA:27,0
DA:28,0
DA:29,0
DA:30,0
DA:31,0
DA:32,0
DA:33,0
DA:34,0
DA:35,0
DA:36,0
DA:37,0
DA:38,0
DA:39,0
DA:40,0
DA:42,0
DA:43,0
DA:44,0
DA:46,0
DA:47,0
DA:52,2
LF:24
LH:4
BRDA:29,0,0,0
BRDA:29,0,1,0
BRDA:32,1,0,0
BRDA:32,1,1,0
BRDA:36,2,0,0
BRDA:36,2,1,0
BRDA:38,3,0,0
BRDA:38,3,1,0
BRDA:42,4,0,0
BRDA:42,4,1,0
BRF:10
BRH:0
end_of_record
TN:
SF:/Users/mikeanguandia/Desktop/tembea/src/services/RouteUseRecordService.js
FN:48,(anonymous_7)
FN:54,(anonymous_8)
FN:67,(anonymous_10)
FN:76,(anonymous_12)
FN:94,(anonymous_14)
FN:100,(anonymous_16)
FN:100,(anonymous_17)
FN:122,(anonymous_18)
FN:131,(anonymous_20)
FN:159,(anonymous_22)
FN:160,(anonymous_23)
FN:162,(anonymous_24)
FN:162,(anonymous_25)
FN:186,(anonymous_26)
FNF:14
FNH:0
FNDA:0,(anonymous_7)
FNDA:0,(anonymous_8)
FNDA:0,(anonymous_10)
FNDA:0,(anonymous_12)
FNDA:0,(anonymous_14)
FNDA:0,(anonymous_16)
FNDA:0,(anonymous_17)
FNDA:0,(anonymous_18)
FNDA:0,(anonymous_20)
FNDA:0,(anonymous_22)
FNDA:0,(anonymous_23)
FNDA:0,(anonymous_24)
FNDA:0,(anonymous_25)
FNDA:0,(anonymous_26)
DA:14,3
DA:16,3
DA:49,0
DA:55,0
DA:63,0
DA:64,0
DA:68,0
DA:69,0
DA:73,0
DA:77,0
DA:80,0
DA:81,0
DA:83,0
DA:84,0
DA:87,0
DA:88,0
DA:95,0
DA:96,0
DA:97,0
DA:98,0
DA:99,0
DA:100,0
DA:101,0
DA:102,0
DA:104,0
DA:105,0
DA:107,0
DA:108,0
DA:110,0
DA:111,0
DA:113,0
DA:116,0
DA:123,0
DA:128,0
DA:132,0
DA:133,0
DA:137,0
DA:138,0
DA:142,0
DA:147,0
DA:153,0
DA:160,0
DA:161,0
DA:162,0
DA:163,0
DA:164,0
DA:165,0
DA:169,0
DA:173,0
DA:175,0
DA:176,0
DA:178,0
DA:179,0
DA:180,0
DA:182,0
DA:184,0
DA:186,0
LF:57
LH:2
BRDA:54,0,0,0
BRDA:57,1,0,0
BRDA:57,1,1,0
BRDA:76,2,0,0
BRDA:76,3,0,0
BRDA:80,4,0,0
BRDA:80,4,1,0
BRDA:101,5,0,0
BRDA:101,5,1,0
BRDA:104,6,0,0
BRDA:104,6,1,0
BRDA:107,7,0,0
BRDA:107,7,1,0
BRDA:110,8,0,0
BRDA:110,8,1,0
BRDA:137,9,0,0
BRDA:137,9,1,0
BRDA:178,10,0,0
BRDA:178,10,1,0
BRDA:186,11,0,0
BRDA:186,11,1,0
BRF:21
BRH:0
end_of_record
TN:
SF:/Users/mikeanguandia/Desktop/tembea/src/services/googleMaps/GoogleMapsDirections.js
FN:11,(anonymous_7)
FNF:1
FNH:0
FNDA:0,(anonymous_7)
DA:12,0
DA:13,0
DA:14,0
DA:15,0
DA:23,0
DA:25,0
LF:6
LH:0
BRF:0
BRH:0
end_of_record
TN:
SF:/Users/mikeanguandia/Desktop/tembea/src/services/googleMaps/GoogleMapsDistanceMatrix.js
FN:17,(anonymous_7)
FNF:1
FNH:0
FNDA:0,(anonymous_7)
DA:4,2
DA:18,0
DA:19,0
DA:24,0
DA:28,0
DA:29,0
DA:31,0
DA:32,0
DA:33,0
DA:37,0
DA:39,0
DA:41,0
DA:42,0
LF:13
LH:1
BRDA:28,0,0,0
BRDA:28,0,1,0
BRDA:32,1,0,0
BRDA:32,1,1,0
BRF:4
BRH:0
end_of_record
TN:
SF:/Users/mikeanguandia/Desktop/tembea/src/services/googleMaps/GoogleMapsPlaceDetails.js
FN:5,(anonymous_7)
FNF:1
FNH:0
FNDA:0,(anonymous_7)
DA:6,0
DA:7,0
DA:13,0
DA:14,0
DA:15,0
DA:17,0
LF:6
LH:0
BRF:0
BRH:0
end_of_record
TN:
SF:/Users/mikeanguandia/Desktop/tembea/src/services/googleMaps/GoogleMapsStatic.js
FN:13,(anonymous_7)
FN:29,(anonymous_8)
FN:31,(anonymous_9)
FN:49,(anonymous_10)
FNF:4
FNH:0
FNDA:0,(anonymous_7)
FNDA:0,(anonymous_8)
FNDA:0,(anonymous_9)
FNDA:0,(anonymous_10)
DA:18,0
DA:19,0
DA:20,0
DA:21,0
DA:30,0
DA:31,0
DA:32,0
DA:33,0
DA:36,0
DA:56,0
DA:57,0
DA:59,0
DA:60,0
DA:61,0
DA:63,0
DA:65,0
DA:66,0
DA:67,0
DA:68,0
DA:70,0
DA:73,0
DA:74,0
DA:76,0
DA:77,0
DA:79,0
LF:25
LH:0
BRDA:15,0,0,0
BRDA:16,1,0,0
BRDA:51,2,0,0
BRDA:52,3,0,0
BRDA:53,4,0,0
BRDA:54,5,0,0
BRF:6
BRH:0
end_of_record
TN:
SF:/Users/mikeanguandia/Desktop/tembea/src/services/googleMaps/GoogleMapsSuggestions.js
FN:5,(anonymous_7)
FNF:1
FNH:0
FNDA:0,(anonymous_7)
DA:6,0
DA:7,0
DA:10,0
DA:11,0
DA:12,0
DA:14,0
LF:6
LH:0
BRF:0
BRH:0
end_of_record
TN:
SF:/Users/mikeanguandia/Desktop/tembea/src/services/googleMaps/index.js
FN:9,(anonymous_7)
FN:20,(anonymous_8)
FN:37,(anonymous_10)
FN:38,(anonymous_11)
FN:46,(anonymous_12)
FN:54,(anonymous_13)
FN:56,(anonymous_14)
FNF:7
FNH:0
FNDA:0,(anonymous_7)
FNDA:0,(anonymous_8)
FNDA:0,(anonymous_10)
FNDA:0,(anonymous_11)
FNDA:0,(anonymous_12)
FNDA:0,(anonymous_13)
FNDA:0,(anonymous_14)
DA:6,2
DA:10,0
DA:22,0
DA:23,0
DA:30,0
DA:32,0
DA:33,0
DA:38,0
DA:39,0
DA:40,0
DA:41,0
DA:43,0
DA:44,0
DA:46,0
DA:47,0
DA:48,0
DA:49,0
DA:51,0
DA:56,0
DA:57,0
DA:58,0
DA:59,0
DA:60,0
DA:61,0
LF:24
LH:1
BRDA:43,0,0,0
BRDA:43,0,1,0
BRDA:47,1,0,0
BRDA:47,1,1,0
BRDA:48,2,0,0
BRDA:48,2,1,0
BRF:6
BRH:0
end_of_record
TN:
SF:/Users/mikeanguandia/Desktop/tembea/src/services/jobScheduler/jobs/RouteJobs.ts
FN:26,(anonymous_7)
FN:49,(anonymous_9)
FN:69,(anonymous_10)
FNF:3
FNH:0
FNDA:0,(anonymous_7)
FNDA:0,(anonymous_9)
FNDA:0,(anonymous_10)
DA:27,0
DA:28,0
DA:29,0
DA:30,0
DA:50,0
DA:51,0
DA:52,0
DA:53,0
DA:71,0
DA:73,0
DA:74,0
LF:11
LH:0
BRDA:28,0,0,0
BRDA:28,0,1,0
BRDA:51,1,0,0
BRDA:51,1,1,0
BRDA:69,2,0,0
BRDA:69,3,0,0
BRDA:69,4,0,0
BRDA:70,5,0,0
BRF:8
BRH:0
end_of_record
TN:
SF:/Users/mikeanguandia/Desktop/tembea/src/services/jobScheduler/jobs/TripJobs.ts
FN:9,(anonymous_7)
FN:14,(anonymous_8)
FN:15,(anonymous_9)
FN:43,(anonymous_10)
FN:43,(anonymous_11)
FN:67,(anonymous_12)
FN:67,(anonymous_13)
FNF:7
FNH:0
FNDA:0,(anonymous_7)
FNDA:0,(anonymous_8)
FNDA:0,(anonymous_9)
FNDA:0,(anonymous_10)
FNDA:0,(anonymous_11)
FNDA:0,(anonymous_12)
FNDA:0,(anonymous_13)
DA:9,9
DA:10,0
DA:14,9
DA:15,0
DA:16,0
DA:17,0
DA:20,0
DA:35,0
DA:43,9
DA:44,0
DA:45,0
DA:47,0
DA:63,0
DA:67,9
DA:68,0
DA:69,0
DA:71,0
DA:79,0
DA:87,0
LF:19
LH:4
BRF:0
BRH:0
end_of_record
TN:
SF:/Users/mikeanguandia/Desktop/tembea/src/services/report/weeklyReportGenerator.ts
FN:15,(anonymous_0)
FN:23,(anonymous_1)
FN:26,(anonymous_2)
FN:31,(anonymous_3)
FN:42,(anonymous_4)
FN:48,(anonymous_5)
FN:64,(anonymous_6)
FNF:7
FNH:2
FNDA:1,(anonymous_0)
FNDA:1,(anonymous_1)
FNDA:0,(anonymous_2)
FNDA:0,(anonymous_3)
FNDA:0,(anonymous_4)
FNDA:0,(anonymous_5)
FNDA:0,(anonymous_6)
DA:16,1
DA:25,1
DA:26,1
DA:27,0
DA:28,0
DA:30,1
DA:31,1
DA:32,0
DA:39,1
DA:43,0
DA:48,0
DA:49,0
DA:51,0
DA:52,0
DA:54,0
DA:55,0
DA:57,0
DA:58,0
DA:61,0
DA:65,0
DA:66,0
DA:74,1
LF:22
LH:7
BRDA:33,0,0,0
BRDA:33,0,1,0
BRDA:50,1,0,0
BRDA:50,1,1,0
BRDA:50,1,2,0
BRF:5
BRH:0
end_of_record
TN:
SF:/Users/mikeanguandia/Desktop/tembea/src/utils/ExportData.js
FN:12,(anonymous_7)
FN:23,(anonymous_8)
FN:36,(anonymous_10)
FN:48,(anonymous_11)
FN:53,(anonymous_12)
FN:62,(anonymous_13)
FN:70,(anonymous_14)
FN:71,(anonymous_15)
FN:77,(anonymous_16)
FN:79,(anonymous_17)
FN:92,(anonymous_18)
FN:93,(anonymous_19)
FN:105,(anonymous_20)
FN:124,(anonymous_22)
FN:134,(anonymous_24)
FN:159,(anonymous_26)
FN:163,(anonymous_27)
FN:186,(anonymous_29)
FN:205,(anonymous_31)
FN:212,(anonymous_32)
FN:221,(anonymous_34)
FN:230,(anonymous_35)
FN:231,(anonymous_36)
FN:237,(anonymous_37)
FN:258,(anonymous_38)
FN:259,(anonymous_39)
FNF:26
FNH:0
FNDA:0,(anonymous_7)
FNDA:0,(anonymous_8)
FNDA:0,(anonymous_10)
FNDA:0,(anonymous_11)
FNDA:0,(anonymous_12)
FNDA:0,(anonymous_13)
FNDA:0,(anonymous_14)
FNDA:0,(anonymous_15)
FNDA:0,(anonymous_16)
FNDA:0,(anonymous_17)
FNDA:0,(anonymous_18)
FNDA:0,(anonymous_19)
FNDA:0,(anonymous_20)
FNDA:0,(anonymous_22)
FNDA:0,(anonymous_24)
FNDA:0,(anonymous_26)
FNDA:0,(anonymous_27)
FNDA:0,(anonymous_29)
FNDA:0,(anonymous_31)
FNDA:0,(anonymous_32)
FNDA:0,(anonymous_34)
FNDA:0,(anonymous_35)
FNDA:0,(anonymous_36)
FNDA:0,(anonymous_37)
FNDA:0,(anonymous_38)
FNDA:0,(anonymous_39)
DA:13,0
DA:14,0
DA:15,0
DA:16,0
DA:17,0
DA:18,0
DA:19,0
DA:20,0
DA:24,0
DA:31,0
DA:33,0
DA:37,0
DA:38,0
DA:42,0
DA:43,0
DA:45,0
DA:50,0
DA:51,0
DA:53,0
DA:54,0
DA:55,0
DA:59,0
DA:63,0
DA:71,0
DA:72,0
DA:73,0
DA:79,0
DA:80,0
DA:81,0
DA:82,0
DA:83,0
DA:84,0
DA:85,0
DA:86,0
DA:87,0
DA:88,0
DA:93,0
DA:94,0
DA:95,0
DA:96,0
DA:97,0
DA:98,0
DA:99,0
DA:100,0
DA:101,0
DA:106,0
DA:107,0
DA:108,0
DA:109,0
DA:110,0
DA:119,0
DA:120,0
DA:121,0
DA:125,0
DA:126,0
DA:129,0
DA:130,0
DA:131,0
DA:135,0
DA:136,0
DA:137,0
DA:138,0
DA:139,0
DA:140,0
DA:152,0
DA:153,0
DA:154,0
DA:160,0
DA:164,0
DA:165,0
DA:166,0
DA:167,0
DA:168,0
DA:169,0
DA:170,0
DA:179,0
DA:180,0
DA:181,0
DA:187,0
DA:188,0
DA:191,0
DA:192,0
DA:193,0
DA:194,0
DA:195,0
DA:196,0
DA:205,0
DA:206,0
DA:207,0
DA:208,0
DA:209,0
DA:213,0
DA:214,0
DA:215,0
DA:216,0
DA:217,0
DA:218,0
DA:222,0
DA:224,0
DA:225,0
DA:227,0
DA:231,0
DA:234,0
DA:238,0
DA:239,0
DA:240,0
DA:241,0
DA:242,0
DA:243,0
DA:244,0
DA:246,0
DA:247,0
DA:248,0
DA:249,0
DA:250,0
DA:253,0
DA:254,0
DA:255,0
DA:259,0
DA:260,0
LF:120
LH:0
BRDA:12,0,0,0
BRDA:14,1,0,0
BRDA:14,1,1,0
BRDA:36,2,0,0
BRDA:42,3,0,0
BRDA:42,3,1,0
BRDA:72,4,0,0
BRDA:72,4,1,0
BRDA:81,5,0,0
BRDA:81,5,1,0
BRDA:82,6,0,0
BRDA:82,6,1,0
BRDA:83,7,0,0
BRDA:83,7,1,0
BRDA:85,8,0,0
BRDA:85,8,1,0
BRDA:95,9,0,0
BRDA:95,9,1,0
BRDA:96,10,0,0
BRDA:96,10,1,0
BRDA:98,11,0,0
BRDA:98,11,1,0
BRDA:134,12,0,0
BRDA:193,13,0,0
BRDA:193,13,1,0
BRDA:239,14,0,0
BRDA:239,14,1,0
BRDA:247,15,0,0
BRDA:247,15,1,0
BRDA:248,16,0,0
BRDA:248,16,1,0
BRF:31
BRH:0
end_of_record
TN:
SF:/Users/mikeanguandia/Desktop/tembea/src/utils/WebClientSingleton.js
FN:4,(anonymous_0)
FNF:1
FNH:0
FNDA:0,(anonymous_0)
DA:5,0
LF:1
LH:0
BRF:0
BRH:0
end_of_record
TN:
SF:/Users/mikeanguandia/Desktop/tembea/src/utils/data.js
FNF:0
FNH:0
DA:1,9
DA:3,9
DA:5,9
LF:3
LH:3
BRF:0
BRH:0
end_of_record
TN:
SF:/Users/mikeanguandia/Desktop/tembea/src/utils/index.ts
FNF:0
FNH:0
DA:4,9
LF:1
LH:1
BRF:0
BRH:0
end_of_record
